[35m[1mConsolidate compiler generated dependencies of target gmock_main[0m
[35m[1mConsolidate compiler generated dependencies of target node_canopen_master[0m
[35m[1mConsolidate compiler generated dependencies of target node_canopen_driver[0m
[35m[1mConsolidate compiler generated dependencies of target gmock[0m
[  5%] Built target gmock_main
[ 13%] Built target gmock
[ 16%] [32mBuilding CXX object CMakeFiles/node_canopen_master.dir/src/master_node.cpp.o[0m
[ 19%] [32mBuilding CXX object CMakeFiles/node_canopen_master.dir/src/node_interfaces/node_canopen_master.cpp.o[0m
[ 22%] [32mBuilding CXX object CMakeFiles/node_canopen_driver.dir/src/node_interfaces/node_canopen_driver.cpp.o[0m
[ 25%] [32mBuilding CXX object CMakeFiles/node_canopen_driver.dir/src/driver_node.cpp.o[0m
[ 27%] [32m[1mLinking CXX shared library libnode_canopen_master.so[0m
[ 30%] Built target node_canopen_master
[35m[1mConsolidate compiler generated dependencies of target test_node_canopen_master[0m
[35m[1mConsolidate compiler generated dependencies of target test_canopen_master[0m
[35m[1mConsolidate compiler generated dependencies of target test_lifecycle_canopen_master[0m
[ 33%] [32mBuilding CXX object test/CMakeFiles/test_node_canopen_master.dir/test_node_canopen_master.cpp.o[0m
[ 36%] [32mBuilding CXX object test/CMakeFiles/test_canopen_master.dir/test_canopen_master.cpp.o[0m
[ 38%] [32mBuilding CXX object test/CMakeFiles/test_lifecycle_canopen_master.dir/test_lifecycle_canopen_master.cpp.o[0m
[ 41%] [32m[1mLinking CXX shared library libnode_canopen_driver.so[0m
[ 44%] Built target node_canopen_driver
[35m[1mConsolidate compiler generated dependencies of target test_canopen_driver[0m
[35m[1mConsolidate compiler generated dependencies of target test_node_canopen_driver[0m
[35m[1mConsolidate compiler generated dependencies of target test_lifecycle_canopen_driver[0m
[35m[1mConsolidate compiler generated dependencies of target device_container[0m
[ 47%] [32mBuilding CXX object test/CMakeFiles/test_node_canopen_driver.dir/test_node_canopen_driver.cpp.o[0m
[ 50%] [32mBuilding CXX object test/CMakeFiles/test_lifecycle_canopen_driver.dir/test_lifecycle_canopen_driver.cpp.o[0m
[ 52%] [32mBuilding CXX object test/CMakeFiles/test_canopen_driver.dir/test_canopen_driver.cpp.o[0m
[ 55%] [32mBuilding CXX object CMakeFiles/device_container.dir/src/device_container.cpp.o[0m
In file included from [01m[K/root/ros2_testing/src/ros2_canopen/canopen_core/src/device_container.cpp:16[m[K:
[01m[K/root/ros2_testing/src/ros2_canopen/canopen_core/include/canopen_core/device_container.hpp:[m[K In member function ‘[01m[Kstd::vector<short unsigned int> ros2_canopen::DeviceContainer::get_ids_of_drivers_with_type(std::string)[m[K’:
[01m[K/root/ros2_testing/src/ros2_canopen/canopen_core/include/canopen_core/device_container.hpp:217:14:[m[K [01;35m[Kwarning: [m[Kunused variable ‘[01m[Kcount[m[K’ [[01;35m[K-Wunused-variable[m[K]
  217 |     uint32_t [01;35m[Kcount[m[K = this->config_->get_all_devices(devices);
      |              [01;35m[K^~~~~[m[K
[01m[K/root/ros2_testing/src/ros2_canopen/canopen_core/include/canopen_core/device_container.hpp:[m[K In member function ‘[01m[Kstd::string ros2_canopen::DeviceContainer::get_driver_type(uint16_t)[m[K’:
[01m[K/root/ros2_testing/src/ros2_canopen/canopen_core/include/canopen_core/device_container.hpp:246:14:[m[K [01;35m[Kwarning: [m[Kunused variable ‘[01m[Kcount[m[K’ [[01;35m[K-Wunused-variable[m[K]
  246 |     uint32_t [01;35m[Kcount[m[K = this->config_->get_all_devices(devices);
      |              [01;35m[K^~~~~[m[K
[01m[K/root/ros2_testing/src/ros2_canopen/canopen_core/src/device_container.cpp:[m[K In member function ‘[01m[Kvirtual bool ros2_canopen::DeviceContainer::load_master()[m[K’:
[01m[K/root/ros2_testing/src/ros2_canopen/canopen_core/src/device_container.cpp:198:12:[m[K [01;35m[Kwarning: [m[Kunused variable ‘[01m[Kcount[m[K’ [[01;35m[K-Wunused-variable[m[K]
  198 |   uint32_t [01;35m[Kcount[m[K = this->config_->get_all_devices(devices);
      |            [01;35m[K^~~~~[m[K
[01m[K/root/ros2_testing/src/ros2_canopen/canopen_core/src/device_container.cpp:[m[K In member function ‘[01m[Kvirtual bool ros2_canopen::DeviceContainer::load_drivers()[m[K’:
[01m[K/root/ros2_testing/src/ros2_canopen/canopen_core/src/device_container.cpp:252:12:[m[K [01;35m[Kwarning: [m[Kunused variable ‘[01m[Kcount[m[K’ [[01;35m[K-Wunused-variable[m[K]
  252 |   uint32_t [01;35m[Kcount[m[K = this->config_->get_all_devices(devices);
      |            [01;35m[K^~~~~[m[K
[ 58%] [32m[1mLinking CXX executable test_canopen_master[0m
[ 61%] [32m[1mLinking CXX executable test_canopen_driver[0m
[ 63%] [32m[1mLinking CXX executable test_node_canopen_driver[0m
[ 66%] [32m[1mLinking CXX executable test_node_canopen_master[0m
[ 66%] Built target test_canopen_master
[ 69%] [32m[1mLinking CXX executable test_lifecycle_canopen_master[0m
[ 72%] [32m[1mLinking CXX executable test_lifecycle_canopen_driver[0m
[ 72%] Built target test_canopen_driver
[ 72%] Built target test_node_canopen_driver
[ 72%] Built target test_node_canopen_master
[ 75%] [32m[1mLinking CXX shared library libdevice_container.so[0m
[ 75%] Built target test_lifecycle_canopen_driver
[ 75%] Built target test_lifecycle_canopen_master
[ 83%] Built target device_container
[35m[1mConsolidate compiler generated dependencies of target test_errors[0m
[35m[1mConsolidate compiler generated dependencies of target device_container_node[0m
[35m[1mConsolidate compiler generated dependencies of target test_lifecycle_manager[0m
[ 86%] [32m[1mLinking CXX executable test_errors[0m
[ 88%] [32mBuilding CXX object CMakeFiles/device_container_node.dir/src/device_container_node.cpp.o[0m
[ 91%] [32m[1mLinking CXX executable test_lifecycle_manager[0m
[ 94%] Built target test_errors
[ 97%] Built target test_lifecycle_manager
In file included from [01m[K/root/ros2_testing/src/ros2_canopen/canopen_core/src/device_container_node.cpp:16[m[K:
[01m[K/root/ros2_testing/src/ros2_canopen/canopen_core/include/canopen_core/device_container.hpp:[m[K In member function ‘[01m[Kstd::vector<short unsigned int> ros2_canopen::DeviceContainer::get_ids_of_drivers_with_type(std::string)[m[K’:
[01m[K/root/ros2_testing/src/ros2_canopen/canopen_core/include/canopen_core/device_container.hpp:217:14:[m[K [01;35m[Kwarning: [m[Kunused variable ‘[01m[Kcount[m[K’ [[01;35m[K-Wunused-variable[m[K]
  217 |     uint32_t [01;35m[Kcount[m[K = this->config_->get_all_devices(devices);
      |              [01;35m[K^~~~~[m[K
[01m[K/root/ros2_testing/src/ros2_canopen/canopen_core/include/canopen_core/device_container.hpp:[m[K In member function ‘[01m[Kstd::string ros2_canopen::DeviceContainer::get_driver_type(uint16_t)[m[K’:
[01m[K/root/ros2_testing/src/ros2_canopen/canopen_core/include/canopen_core/device_container.hpp:246:14:[m[K [01;35m[Kwarning: [m[Kunused variable ‘[01m[Kcount[m[K’ [[01;35m[K-Wunused-variable[m[K]
  246 |     uint32_t [01;35m[Kcount[m[K = this->config_->get_all_devices(devices);
      |              [01;35m[K^~~~~[m[K
[100%] [32m[1mLinking CXX executable device_container_node[0m
[100%] Built target device_container_node
-- Install configuration: ""
-- Up-to-date: /root/ros2_testing/install/canopen_core/include
-- Up-to-date: /root/ros2_testing/install/canopen_core/include/canopen_core
-- Up-to-date: /root/ros2_testing/install/canopen_core/include/canopen_core/lifecycle_manager.hpp
-- Up-to-date: /root/ros2_testing/install/canopen_core/include/canopen_core/exchange.hpp
-- Up-to-date: /root/ros2_testing/install/canopen_core/include/canopen_core/device_container.hpp
-- Up-to-date: /root/ros2_testing/install/canopen_core/include/canopen_core/master_error.hpp
-- Up-to-date: /root/ros2_testing/install/canopen_core/include/canopen_core/configuration_manager.hpp
-- Up-to-date: /root/ros2_testing/install/canopen_core/include/canopen_core/driver_error.hpp
-- Up-to-date: /root/ros2_testing/install/canopen_core/include/canopen_core/device_container_error.hpp
-- Up-to-date: /root/ros2_testing/install/canopen_core/include/canopen_core/node_interfaces
-- Up-to-date: /root/ros2_testing/install/canopen_core/include/canopen_core/node_interfaces/node_canopen_driver.hpp
-- Up-to-date: /root/ros2_testing/install/canopen_core/include/canopen_core/node_interfaces/node_canopen_master.hpp
-- Up-to-date: /root/ros2_testing/install/canopen_core/include/canopen_core/node_interfaces/node_canopen_driver_interface.hpp
-- Up-to-date: /root/ros2_testing/install/canopen_core/include/canopen_core/node_interfaces/node_canopen_master_interface.hpp
-- Up-to-date: /root/ros2_testing/install/canopen_core/include/canopen_core/visibility_control.h
-- Up-to-date: /root/ros2_testing/install/canopen_core/include/canopen_core/master_node.hpp
-- Up-to-date: /root/ros2_testing/install/canopen_core/include/canopen_core/driver_node.hpp
-- Up-to-date: /root/ros2_testing/install/canopen_core/share/canopen_core/launch/
-- Up-to-date: /root/ros2_testing/install/canopen_core/share/canopen_core/launch//canopen.launch.py
-- Installing: /root/ros2_testing/install/canopen_core/lib/libnode_canopen_driver.so
-- Set runtime path of "/root/ros2_testing/install/canopen_core/lib/libnode_canopen_driver.so" to ""
-- Installing: /root/ros2_testing/install/canopen_core/lib/libnode_canopen_master.so
-- Set runtime path of "/root/ros2_testing/install/canopen_core/lib/libnode_canopen_master.so" to ""
-- Installing: /root/ros2_testing/install/canopen_core/lib/libdevice_container.so
-- Set runtime path of "/root/ros2_testing/install/canopen_core/lib/libdevice_container.so" to ""
-- Installing: /root/ros2_testing/install/canopen_core/lib/canopen_core/device_container_node
-- Set runtime path of "/root/ros2_testing/install/canopen_core/lib/canopen_core/device_container_node" to ""
-- Up-to-date: /root/ros2_testing/install/canopen_core/share/canopen_core/environment/library_path.sh
-- Up-to-date: /root/ros2_testing/install/canopen_core/share/canopen_core/environment/library_path.dsv
-- Up-to-date: /root/ros2_testing/install/canopen_core/share/ament_index/resource_index/package_run_dependencies/canopen_core
-- Up-to-date: /root/ros2_testing/install/canopen_core/share/ament_index/resource_index/parent_prefix_path/canopen_core
-- Up-to-date: /root/ros2_testing/install/canopen_core/share/canopen_core/environment/ament_prefix_path.sh
-- Up-to-date: /root/ros2_testing/install/canopen_core/share/canopen_core/environment/ament_prefix_path.dsv
-- Up-to-date: /root/ros2_testing/install/canopen_core/share/canopen_core/environment/path.sh
-- Up-to-date: /root/ros2_testing/install/canopen_core/share/canopen_core/environment/path.dsv
-- Up-to-date: /root/ros2_testing/install/canopen_core/share/canopen_core/local_setup.bash
-- Up-to-date: /root/ros2_testing/install/canopen_core/share/canopen_core/local_setup.sh
-- Up-to-date: /root/ros2_testing/install/canopen_core/share/canopen_core/local_setup.zsh
-- Up-to-date: /root/ros2_testing/install/canopen_core/share/canopen_core/local_setup.dsv
-- Installing: /root/ros2_testing/install/canopen_core/share/canopen_core/package.dsv
-- Up-to-date: /root/ros2_testing/install/canopen_core/share/ament_index/resource_index/packages/canopen_core
-- Up-to-date: /root/ros2_testing/install/canopen_core/share/canopen_core/cmake/export_canopen_coreExport.cmake
-- Up-to-date: /root/ros2_testing/install/canopen_core/share/canopen_core/cmake/export_canopen_coreExport-noconfig.cmake
-- Up-to-date: /root/ros2_testing/install/canopen_core/share/canopen_core/cmake/ament_cmake_export_include_directories-extras.cmake
-- Up-to-date: /root/ros2_testing/install/canopen_core/share/canopen_core/cmake/ament_cmake_export_libraries-extras.cmake
-- Up-to-date: /root/ros2_testing/install/canopen_core/share/canopen_core/cmake/ament_cmake_export_targets-extras.cmake
-- Up-to-date: /root/ros2_testing/install/canopen_core/share/canopen_core/cmake/ament_cmake_export_dependencies-extras.cmake
-- Up-to-date: /root/ros2_testing/install/canopen_core/share/canopen_core/cmake/canopen_coreConfig.cmake
-- Up-to-date: /root/ros2_testing/install/canopen_core/share/canopen_core/cmake/canopen_coreConfig-version.cmake
-- Up-to-date: /root/ros2_testing/install/canopen_core/share/canopen_core/package.xml
