[0.064s] Invoking command in '/root/ros2_testing/build/canopen_fake_slaves': AMENT_PREFIX_PATH=/root/ros2_testing/install/lely_core_libraries:${AMENT_PREFIX_PATH} CMAKE_PREFIX_PATH=/root/ros2_testing/install/lely_core_libraries:/opt/ros/humble LD_LIBRARY_PATH=/root/ros2_testing/install/lely_core_libraries/lib:${LD_LIBRARY_PATH} PATH=/root/ros2_testing/install/lely_core_libraries/bin:${PATH} PYTHONPATH=/root/ros2_testing/install/lely_core_libraries/lib/python3.10/site-packages:${PYTHONPATH} /usr/bin/cmake /root/ros2_testing/src/ros2_canopen/canopen_fake_slaves -DCMAKE_INSTALL_PREFIX=/root/ros2_testing/install/canopen_fake_slaves
[0.244s] -- The C compiler identification is GNU 11.3.0
[0.397s] -- The CXX compiler identification is GNU 11.3.0
[0.414s] -- Detecting C compiler ABI info
[0.538s] -- Detecting C compiler ABI info - done
[0.552s] -- Check for working C compiler: /usr/bin/cc - skipped
[0.552s] -- Detecting C compile features
[0.553s] -- Detecting C compile features - done
[0.557s] -- Detecting CXX compiler ABI info
[0.693s] -- Detecting CXX compiler ABI info - done
[0.707s] -- Check for working CXX compiler: /usr/bin/c++ - skipped
[0.707s] -- Detecting CXX compile features
[0.708s] -- Detecting CXX compile features - done
[0.714s] -- Found ament_cmake: 1.3.3 (/opt/ros/humble/share/ament_cmake/cmake)
[0.985s] -- Found Python3: /usr/bin/python3.10 (found version "3.10.6") found components: Interpreter 
[1.127s] -- Found lely_core_libraries: 0.0.1 (/root/ros2_testing/install/lely_core_libraries/share/lely_core_libraries/cmake)
[1.134s] -- Found lifecycle_msgs: 1.2.1 (/opt/ros/humble/share/lifecycle_msgs/cmake)
[1.200s] -- Found rosidl_generator_c: 3.1.4 (/opt/ros/humble/share/rosidl_generator_c/cmake)
[1.210s] -- Found rosidl_adapter: 3.1.4 (/opt/ros/humble/share/rosidl_adapter/cmake)
[1.226s] -- Found rosidl_generator_cpp: 3.1.4 (/opt/ros/humble/share/rosidl_generator_cpp/cmake)
[1.253s] -- Using all available rosidl_typesupport_c: rosidl_typesupport_fastrtps_c;rosidl_typesupport_introspection_c
[1.282s] -- Using all available rosidl_typesupport_cpp: rosidl_typesupport_fastrtps_cpp;rosidl_typesupport_introspection_cpp
[1.312s] -- Found rclcpp: 16.0.3 (/opt/ros/humble/share/rclcpp/cmake)
[1.443s] -- Found rmw_implementation_cmake: 6.1.1 (/opt/ros/humble/share/rmw_implementation_cmake/cmake)
[1.452s] -- Found rmw_fastrtps_cpp: 6.2.2 (/opt/ros/humble/share/rmw_fastrtps_cpp/cmake)
[1.614s] -- Found OpenSSL: /usr/lib/x86_64-linux-gnu/libcrypto.so (found version "3.0.2")  
[1.663s] -- Found FastRTPS: /opt/ros/humble/include  
[1.753s] -- Using RMW implementation 'rmw_fastrtps_cpp' as default
[1.770s] -- Looking for pthread.h
[1.892s] -- Looking for pthread.h - found
[1.892s] -- Performing Test CMAKE_HAVE_LIBC_PTHREAD
[2.016s] -- Performing Test CMAKE_HAVE_LIBC_PTHREAD - Success
[2.019s] -- Found Threads: TRUE  
[2.262s] -- Found rclcpp_lifecycle: 16.0.3 (/opt/ros/humble/share/rclcpp_lifecycle/cmake)
[2.302s] -- Found ament_lint_auto: 0.12.5 (/opt/ros/humble/share/ament_lint_auto/cmake)
[2.404s] -- Configuring done
[2.433s] -- Generating done
[2.436s] -- Build files have been written to: /root/ros2_testing/build/canopen_fake_slaves
[2.458s] Invoked command in '/root/ros2_testing/build/canopen_fake_slaves' returned '0': AMENT_PREFIX_PATH=/root/ros2_testing/install/lely_core_libraries:${AMENT_PREFIX_PATH} CMAKE_PREFIX_PATH=/root/ros2_testing/install/lely_core_libraries:/opt/ros/humble LD_LIBRARY_PATH=/root/ros2_testing/install/lely_core_libraries/lib:${LD_LIBRARY_PATH} PATH=/root/ros2_testing/install/lely_core_libraries/bin:${PATH} PYTHONPATH=/root/ros2_testing/install/lely_core_libraries/lib/python3.10/site-packages:${PYTHONPATH} /usr/bin/cmake /root/ros2_testing/src/ros2_canopen/canopen_fake_slaves -DCMAKE_INSTALL_PREFIX=/root/ros2_testing/install/canopen_fake_slaves
[2.459s] Invoking command in '/root/ros2_testing/build/canopen_fake_slaves': AMENT_PREFIX_PATH=/root/ros2_testing/install/lely_core_libraries:${AMENT_PREFIX_PATH} CMAKE_PREFIX_PATH=/root/ros2_testing/install/lely_core_libraries:/opt/ros/humble LD_LIBRARY_PATH=/root/ros2_testing/install/lely_core_libraries/lib:${LD_LIBRARY_PATH} PATH=/root/ros2_testing/install/lely_core_libraries/bin:${PATH} PYTHONPATH=/root/ros2_testing/install/lely_core_libraries/lib/python3.10/site-packages:${PYTHONPATH} /usr/bin/cmake --build /root/ros2_testing/build/canopen_fake_slaves -- -j8 -l8
[2.538s] [ 20%] [32mBuilding CXX object CMakeFiles/basic_slave_node.dir/src/basic_slave.cpp.o[0m
[2.541s] [ 40%] [32mBuilding CXX object CMakeFiles/cia402_slave_node.dir/src/cia402_slave.cpp.o[0m
[2.552s] [ 60%] [32mBuilding CXX object CMakeFiles/cia402_slave_node.dir/src/motion_generator.cpp.o[0m
[8.510s] In file included from [01m[K/root/ros2_testing/src/ros2_canopen/canopen_fake_slaves/include/canopen_fake_slaves/basic_slave.hpp:14[m[K,
[8.510s]                  from [01m[K/root/ros2_testing/src/ros2_canopen/canopen_fake_slaves/src/basic_slave.cpp:1[m[K:
[8.511s] [01m[K/root/ros2_testing/src/ros2_canopen/canopen_fake_slaves/include/canopen_fake_slaves/base_slave.hpp:[m[K In member function ‘[01m[Kvirtual rclcpp_lifecycle::node_interfaces::LifecycleNodeInterface::CallbackReturn ros2_canopen::BaseSlave::on_shutdown(const rclcpp_lifecycle::State&)[m[K’:
[8.511s] [01m[K/root/ros2_testing/src/ros2_canopen/canopen_fake_slaves/include/canopen_fake_slaves/base_slave.hpp:83:3:[m[K [01;35m[Kwarning: [m[Kno return statement in function returning non-void [[01;35m[K-Wreturn-type[m[K]
[8.511s]    83 |   [01;35m[K}[m[K
[8.512s]       |   [01;35m[K^[m[K
[8.869s] In file included from [01m[K/root/ros2_testing/src/ros2_canopen/canopen_fake_slaves/include/canopen_fake_slaves/cia402_slave.hpp:16[m[K,
[8.869s]                  from [01m[K/root/ros2_testing/src/ros2_canopen/canopen_fake_slaves/src/cia402_slave.cpp:1[m[K:
[8.870s] [01m[K/root/ros2_testing/src/ros2_canopen/canopen_fake_slaves/include/canopen_fake_slaves/base_slave.hpp:[m[K In member function ‘[01m[Kvirtual rclcpp_lifecycle::node_interfaces::LifecycleNodeInterface::CallbackReturn ros2_canopen::BaseSlave::on_shutdown(const rclcpp_lifecycle::State&)[m[K’:
[8.870s] [01m[K/root/ros2_testing/src/ros2_canopen/canopen_fake_slaves/include/canopen_fake_slaves/base_slave.hpp:83:3:[m[K [01;35m[Kwarning: [m[Kno return statement in function returning non-void [[01;35m[K-Wreturn-type[m[K]
[8.871s]    83 |   [01;35m[K}[m[K
[8.871s]       |   [01;35m[K^[m[K
[13.589s] [ 80%] [32m[1mLinking CXX executable basic_slave_node[0m
[14.269s] [ 80%] Built target basic_slave_node
[14.651s] [100%] [32m[1mLinking CXX executable cia402_slave_node[0m
[15.097s] [100%] Built target cia402_slave_node
[15.125s] Invoked command in '/root/ros2_testing/build/canopen_fake_slaves' returned '0': AMENT_PREFIX_PATH=/root/ros2_testing/install/lely_core_libraries:${AMENT_PREFIX_PATH} CMAKE_PREFIX_PATH=/root/ros2_testing/install/lely_core_libraries:/opt/ros/humble LD_LIBRARY_PATH=/root/ros2_testing/install/lely_core_libraries/lib:${LD_LIBRARY_PATH} PATH=/root/ros2_testing/install/lely_core_libraries/bin:${PATH} PYTHONPATH=/root/ros2_testing/install/lely_core_libraries/lib/python3.10/site-packages:${PYTHONPATH} /usr/bin/cmake --build /root/ros2_testing/build/canopen_fake_slaves -- -j8 -l8
[15.231s] Invoking command in '/root/ros2_testing/build/canopen_fake_slaves': AMENT_PREFIX_PATH=/root/ros2_testing/install/lely_core_libraries:${AMENT_PREFIX_PATH} CMAKE_PREFIX_PATH=/root/ros2_testing/install/lely_core_libraries:/opt/ros/humble LD_LIBRARY_PATH=/root/ros2_testing/install/lely_core_libraries/lib:${LD_LIBRARY_PATH} PATH=/root/ros2_testing/install/lely_core_libraries/bin:${PATH} PYTHONPATH=/root/ros2_testing/install/lely_core_libraries/lib/python3.10/site-packages:${PYTHONPATH} /usr/bin/cmake --install /root/ros2_testing/build/canopen_fake_slaves
[15.241s] -- Install configuration: ""
[15.242s] -- Installing: /root/ros2_testing/install/canopen_fake_slaves/lib/canopen_fake_slaves/basic_slave_node
[15.244s] -- Set runtime path of "/root/ros2_testing/install/canopen_fake_slaves/lib/canopen_fake_slaves/basic_slave_node" to ""
[15.245s] -- Installing: /root/ros2_testing/install/canopen_fake_slaves/lib/canopen_fake_slaves/cia402_slave_node
[15.246s] -- Set runtime path of "/root/ros2_testing/install/canopen_fake_slaves/lib/canopen_fake_slaves/cia402_slave_node" to ""
[15.246s] -- Installing: /root/ros2_testing/install/canopen_fake_slaves/share/canopen_fake_slaves/launch/
[15.247s] -- Installing: /root/ros2_testing/install/canopen_fake_slaves/share/canopen_fake_slaves/launch//cia402_slave.launch.py
[15.249s] -- Installing: /root/ros2_testing/install/canopen_fake_slaves/share/canopen_fake_slaves/launch//basic_slave.launch.py
[15.249s] -- Installing: /root/ros2_testing/install/canopen_fake_slaves/share/canopen_fake_slaves/config/
[15.250s] -- Installing: /root/ros2_testing/install/canopen_fake_slaves/share/canopen_fake_slaves/config//cia402_slave.eds
[15.250s] -- Installing: /root/ros2_testing/install/canopen_fake_slaves/share/canopen_fake_slaves/config//simple_slave.eds
[15.250s] -- Installing: /root/ros2_testing/install/canopen_fake_slaves/share/ament_index/resource_index/package_run_dependencies/canopen_fake_slaves
[15.251s] -- Installing: /root/ros2_testing/install/canopen_fake_slaves/share/ament_index/resource_index/parent_prefix_path/canopen_fake_slaves
[15.251s] -- Installing: /root/ros2_testing/install/canopen_fake_slaves/share/canopen_fake_slaves/environment/ament_prefix_path.sh
[15.253s] -- Installing: /root/ros2_testing/install/canopen_fake_slaves/share/canopen_fake_slaves/environment/ament_prefix_path.dsv
[15.253s] -- Installing: /root/ros2_testing/install/canopen_fake_slaves/share/canopen_fake_slaves/environment/path.sh
[15.254s] -- Installing: /root/ros2_testing/install/canopen_fake_slaves/share/canopen_fake_slaves/environment/path.dsv
[15.254s] -- Installing: /root/ros2_testing/install/canopen_fake_slaves/share/canopen_fake_slaves/local_setup.bash
[15.255s] -- Installing: /root/ros2_testing/install/canopen_fake_slaves/share/canopen_fake_slaves/local_setup.sh
[15.255s] -- Installing: /root/ros2_testing/install/canopen_fake_slaves/share/canopen_fake_slaves/local_setup.zsh
[15.256s] -- Installing: /root/ros2_testing/install/canopen_fake_slaves/share/canopen_fake_slaves/local_setup.dsv
[15.256s] -- Installing: /root/ros2_testing/install/canopen_fake_slaves/share/canopen_fake_slaves/package.dsv
[15.256s] -- Installing: /root/ros2_testing/install/canopen_fake_slaves/share/ament_index/resource_index/packages/canopen_fake_slaves
[15.257s] -- Installing: /root/ros2_testing/install/canopen_fake_slaves/share/canopen_fake_slaves/cmake/ament_cmake_export_dependencies-extras.cmake
[15.257s] -- Installing: /root/ros2_testing/install/canopen_fake_slaves/share/canopen_fake_slaves/cmake/canopen_fake_slavesConfig.cmake
[15.258s] -- Installing: /root/ros2_testing/install/canopen_fake_slaves/share/canopen_fake_slaves/cmake/canopen_fake_slavesConfig-version.cmake
[15.258s] -- Installing: /root/ros2_testing/install/canopen_fake_slaves/share/canopen_fake_slaves/package.xml
[15.283s] Invoked command in '/root/ros2_testing/build/canopen_fake_slaves' returned '0': AMENT_PREFIX_PATH=/root/ros2_testing/install/lely_core_libraries:${AMENT_PREFIX_PATH} CMAKE_PREFIX_PATH=/root/ros2_testing/install/lely_core_libraries:/opt/ros/humble LD_LIBRARY_PATH=/root/ros2_testing/install/lely_core_libraries/lib:${LD_LIBRARY_PATH} PATH=/root/ros2_testing/install/lely_core_libraries/bin:${PATH} PYTHONPATH=/root/ros2_testing/install/lely_core_libraries/lib/python3.10/site-packages:${PYTHONPATH} /usr/bin/cmake --install /root/ros2_testing/build/canopen_fake_slaves
