[0.059s] Invoking command in '/root/ros2_testing/build/canopen_interfaces': CMAKE_PREFIX_PATH=/opt/ros/humble /usr/bin/cmake --build /root/ros2_testing/build/canopen_interfaces -- -j8 -l8
[0.158s] [35m[1mConsolidate compiler generated dependencies of target canopen_interfaces__rosidl_generator_c[0m
[0.174s] [  1%] Built target canopen_interfaces__cpp
[0.195s] [  1%] Built target ament_cmake_python_copy_canopen_interfaces
[0.201s] [35m[1mConsolidate compiler generated dependencies of target canopen_interfaces__rosidl_typesupport_cpp[0m
[0.205s] [ 12%] Built target canopen_interfaces__rosidl_generator_c
[0.215s] [35m[1mConsolidate compiler generated dependencies of target canopen_interfaces__rosidl_typesupport_fastrtps_cpp[0m
[0.219s] [35m[1mConsolidate compiler generated dependencies of target canopen_interfaces__rosidl_typesupport_introspection_cpp[0m
[0.238s] [35m[1mConsolidate compiler generated dependencies of target canopen_interfaces__rosidl_typesupport_fastrtps_c[0m
[0.238s] [ 13%] [32mBuilding CXX object CMakeFiles/canopen_interfaces__rosidl_typesupport_cpp.dir/rosidl_typesupport_cpp/canopen_interfaces/srv/co_write_id__type_support.cpp.o[0m
[0.240s] [35m[1mConsolidate compiler generated dependencies of target canopen_interfaces__rosidl_typesupport_introspection_c[0m
[0.269s] [ 14%] [32mBuilding CXX object CMakeFiles/canopen_interfaces__rosidl_typesupport_fastrtps_cpp.dir/rosidl_typesupport_fastrtps_cpp/canopen_interfaces/srv/detail/dds_fastrtps/co_nmt_id__type_support.cpp.o[0m
[0.270s] [ 15%] [32mBuilding CXX object CMakeFiles/canopen_interfaces__rosidl_typesupport_cpp.dir/rosidl_typesupport_cpp/canopen_interfaces/srv/co_node__type_support.cpp.o[0m
[0.286s] [35m[1mConsolidate compiler generated dependencies of target canopen_interfaces__rosidl_typesupport_c[0m
[0.295s] [ 16%] [32mBuilding CXX object CMakeFiles/canopen_interfaces__rosidl_typesupport_fastrtps_c.dir/rosidl_typesupport_fastrtps_c/canopen_interfaces/srv/detail/co_heartbeat_id__type_support_c.cpp.o[0m
[0.314s] [ 17%] [32mBuilding C object CMakeFiles/canopen_interfaces__rosidl_typesupport_introspection_c.dir/rosidl_typesupport_introspection_c/canopen_interfaces/srv/detail/co_read__type_support.c.o[0m
[0.326s] [ 18%] [32mBuilding CXX object CMakeFiles/canopen_interfaces__rosidl_typesupport_introspection_cpp.dir/rosidl_typesupport_introspection_cpp/canopen_interfaces/srv/detail/co_read__type_support.cpp.o[0m
[0.371s] [ 30%] Built target canopen_interfaces__rosidl_typesupport_c
[0.431s] [ 31%] [32mBuilding C object CMakeFiles/canopen_interfaces__rosidl_typesupport_introspection_c.dir/rosidl_typesupport_introspection_c/canopen_interfaces/srv/detail/co_read_id__type_support.c.o[0m
[0.561s] [ 32%] [32mBuilding CXX object CMakeFiles/canopen_interfaces__rosidl_typesupport_introspection_cpp.dir/rosidl_typesupport_introspection_cpp/canopen_interfaces/srv/detail/co_read_id__type_support.cpp.o[0m
[0.700s] [ 33%] [32mBuilding C object CMakeFiles/canopen_interfaces__rosidl_typesupport_introspection_c.dir/rosidl_typesupport_introspection_c/canopen_interfaces/srv/detail/co_write__type_support.c.o[0m
[0.922s] [ 34%] [32mBuilding C object CMakeFiles/canopen_interfaces__rosidl_typesupport_introspection_c.dir/rosidl_typesupport_introspection_c/canopen_interfaces/srv/detail/co_write_id__type_support.c.o[0m
[1.175s] [ 35%] [32mBuilding C object CMakeFiles/canopen_interfaces__rosidl_typesupport_introspection_c.dir/rosidl_typesupport_introspection_c/canopen_interfaces/srv/detail/co_target_double__type_support.c.o[0m
[1.324s] [ 36%] [32mBuilding C object CMakeFiles/canopen_interfaces__rosidl_typesupport_introspection_c.dir/rosidl_typesupport_introspection_c/canopen_interfaces/srv/detail/co_node__type_support.c.o[0m
[1.435s] [ 37%] [32mBuilding C object CMakeFiles/canopen_interfaces__rosidl_typesupport_introspection_c.dir/rosidl_typesupport_introspection_c/canopen_interfaces/msg/detail/co_data__type_support.c.o[0m
[1.496s] running egg_info
[1.498s] writing canopen_interfaces.egg-info/PKG-INFO
[1.500s] writing dependency_links to canopen_interfaces.egg-info/dependency_links.txt
[1.503s] writing top-level names to canopen_interfaces.egg-info/top_level.txt
[1.508s] reading manifest file 'canopen_interfaces.egg-info/SOURCES.txt'
[1.520s] writing manifest file 'canopen_interfaces.egg-info/SOURCES.txt'
[1.527s] [ 38%] [32m[1mLinking C shared library libcanopen_interfaces__rosidl_typesupport_introspection_c.so[0m
[1.631s] [ 38%] Built target ament_cmake_python_build_canopen_interfaces_egg
[1.658s] [ 42%] Built target canopen_interfaces__rosidl_typesupport_introspection_c
[1.689s] [ 43%] [32mBuilding CXX object CMakeFiles/canopen_interfaces__rosidl_typesupport_fastrtps_c.dir/rosidl_typesupport_fastrtps_c/canopen_interfaces/srv/detail/co_read__type_support_c.cpp.o[0m
[1.738s] [ 44%] [32mBuilding CXX object CMakeFiles/canopen_interfaces__rosidl_typesupport_fastrtps_c.dir/rosidl_typesupport_fastrtps_c/canopen_interfaces/srv/detail/co_read_id__type_support_c.cpp.o[0m
[1.764s] [ 45%] [32mBuilding CXX object CMakeFiles/canopen_interfaces__rosidl_typesupport_introspection_cpp.dir/rosidl_typesupport_introspection_cpp/canopen_interfaces/srv/detail/co_write__type_support.cpp.o[0m
[1.822s] [ 46%] [32mBuilding CXX object CMakeFiles/canopen_interfaces__rosidl_typesupport_fastrtps_c.dir/rosidl_typesupport_fastrtps_c/canopen_interfaces/srv/detail/co_write__type_support_c.cpp.o[0m
[2.036s] [ 47%] [32mBuilding CXX object CMakeFiles/canopen_interfaces__rosidl_typesupport_cpp.dir/rosidl_typesupport_cpp/canopen_interfaces/msg/co_data__type_support.cpp.o[0m
[2.933s] [ 48%] [32mBuilding CXX object CMakeFiles/canopen_interfaces__rosidl_typesupport_introspection_cpp.dir/rosidl_typesupport_introspection_cpp/canopen_interfaces/srv/detail/co_write_id__type_support.cpp.o[0m
[2.985s] [ 49%] [32mBuilding CXX object CMakeFiles/canopen_interfaces__rosidl_typesupport_introspection_cpp.dir/rosidl_typesupport_introspection_cpp/canopen_interfaces/srv/detail/co_target_double__type_support.cpp.o[0m
[3.131s] [ 50%] [32mBuilding CXX object CMakeFiles/canopen_interfaces__rosidl_typesupport_fastrtps_cpp.dir/rosidl_typesupport_fastrtps_cpp/canopen_interfaces/srv/detail/dds_fastrtps/co_read__type_support.cpp.o[0m
[3.242s] [ 51%] [32m[1mLinking CXX shared library libcanopen_interfaces__rosidl_typesupport_cpp.so[0m
[3.543s] [ 58%] Built target canopen_interfaces__rosidl_typesupport_cpp
[3.618s] [ 60%] [32mBuilding CXX object CMakeFiles/canopen_interfaces__rosidl_typesupport_fastrtps_cpp.dir/rosidl_typesupport_fastrtps_cpp/canopen_interfaces/srv/detail/dds_fastrtps/co_read_id__type_support.cpp.o[0m
[4.000s] [ 61%] [32mBuilding CXX object CMakeFiles/canopen_interfaces__rosidl_typesupport_fastrtps_c.dir/rosidl_typesupport_fastrtps_c/canopen_interfaces/srv/detail/co_write_id__type_support_c.cpp.o[0m
[4.044s] [ 62%] [32mBuilding CXX object CMakeFiles/canopen_interfaces__rosidl_typesupport_fastrtps_c.dir/rosidl_typesupport_fastrtps_c/canopen_interfaces/srv/detail/co_target_double__type_support_c.cpp.o[0m
[4.236s] [ 63%] [32mBuilding CXX object CMakeFiles/canopen_interfaces__rosidl_typesupport_introspection_cpp.dir/rosidl_typesupport_introspection_cpp/canopen_interfaces/srv/detail/co_node__type_support.cpp.o[0m
[4.513s] [ 64%] [32mBuilding CXX object CMakeFiles/canopen_interfaces__rosidl_typesupport_fastrtps_c.dir/rosidl_typesupport_fastrtps_c/canopen_interfaces/srv/detail/co_node__type_support_c.cpp.o[0m
[5.337s] [ 65%] [32mBuilding CXX object CMakeFiles/canopen_interfaces__rosidl_typesupport_introspection_cpp.dir/rosidl_typesupport_introspection_cpp/canopen_interfaces/msg/detail/co_data__type_support.cpp.o[0m
[5.368s] [ 66%] [32mBuilding CXX object CMakeFiles/canopen_interfaces__rosidl_typesupport_fastrtps_c.dir/rosidl_typesupport_fastrtps_c/canopen_interfaces/msg/detail/co_data__type_support_c.cpp.o[0m
[5.545s] [ 67%] [32mBuilding CXX object CMakeFiles/canopen_interfaces__rosidl_typesupport_fastrtps_cpp.dir/rosidl_typesupport_fastrtps_cpp/canopen_interfaces/srv/detail/dds_fastrtps/co_write__type_support.cpp.o[0m
[5.719s] [ 68%] [32mBuilding CXX object CMakeFiles/canopen_interfaces__rosidl_typesupport_fastrtps_cpp.dir/rosidl_typesupport_fastrtps_cpp/canopen_interfaces/srv/detail/dds_fastrtps/co_write_id__type_support.cpp.o[0m
[6.401s] [ 69%] [32mBuilding CXX object CMakeFiles/canopen_interfaces__rosidl_typesupport_fastrtps_cpp.dir/rosidl_typesupport_fastrtps_cpp/canopen_interfaces/srv/detail/dds_fastrtps/co_target_double__type_support.cpp.o[0m
[6.674s] [ 70%] [32mBuilding CXX object CMakeFiles/canopen_interfaces__rosidl_typesupport_fastrtps_cpp.dir/rosidl_typesupport_fastrtps_cpp/canopen_interfaces/srv/detail/dds_fastrtps/co_node__type_support.cpp.o[0m
[6.933s] [ 71%] [32mBuilding CXX object CMakeFiles/canopen_interfaces__rosidl_typesupport_fastrtps_cpp.dir/rosidl_typesupport_fastrtps_cpp/canopen_interfaces/msg/detail/dds_fastrtps/co_data__type_support.cpp.o[0m
[7.329s] [ 72%] [32m[1mLinking CXX shared library libcanopen_interfaces__rosidl_typesupport_fastrtps_c.so[0m
[7.775s] [ 74%] Built target canopen_interfaces__rosidl_typesupport_fastrtps_c
[8.159s] [ 75%] [32m[1mLinking CXX shared library libcanopen_interfaces__rosidl_typesupport_introspection_cpp.so[0m
[8.438s] [ 78%] Built target canopen_interfaces__rosidl_typesupport_introspection_cpp
[8.850s] [ 80%] [32m[1mLinking CXX shared library libcanopen_interfaces__rosidl_typesupport_fastrtps_cpp.so[0m
[9.184s] [ 82%] Built target canopen_interfaces__rosidl_typesupport_fastrtps_cpp
[9.275s] [ 82%] Built target canopen_interfaces
[9.451s] [ 83%] [34m[1mGenerating Python code for ROS interfaces[0m
[16.253s] [ 83%] Built target canopen_interfaces__py
[16.442s] [ 84%] [32mBuilding C object CMakeFiles/canopen_interfaces__rosidl_generator_py.dir/rosidl_generator_py/canopen_interfaces/srv/_co_heartbeat_id_s.c.o[0m
[16.470s] [ 85%] [32mBuilding C object CMakeFiles/canopen_interfaces__rosidl_generator_py.dir/rosidl_generator_py/canopen_interfaces/srv/_co_nmt_id_s.c.o[0m
[16.475s] [ 86%] [32mBuilding C object CMakeFiles/canopen_interfaces__rosidl_generator_py.dir/rosidl_generator_py/canopen_interfaces/srv/_co_read_id_s.c.o[0m
[16.479s] [ 87%] [32mBuilding C object CMakeFiles/canopen_interfaces__rosidl_generator_py.dir/rosidl_generator_py/canopen_interfaces/srv/_co_read_s.c.o[0m
[16.518s] [ 88%] [32mBuilding C object CMakeFiles/canopen_interfaces__rosidl_generator_py.dir/rosidl_generator_py/canopen_interfaces/srv/_co_write_s.c.o[0m
[16.518s] [ 89%] [32mBuilding C object CMakeFiles/canopen_interfaces__rosidl_generator_py.dir/rosidl_generator_py/canopen_interfaces/srv/_co_write_id_s.c.o[0m
[16.519s] [ 90%] [32mBuilding C object CMakeFiles/canopen_interfaces__rosidl_generator_py.dir/rosidl_generator_py/canopen_interfaces/srv/_co_target_double_s.c.o[0m
[16.575s] [ 91%] [32mBuilding C object CMakeFiles/canopen_interfaces__rosidl_generator_py.dir/rosidl_generator_py/canopen_interfaces/srv/_co_node_s.c.o[0m
[17.579s] [ 92%] [32mBuilding C object CMakeFiles/canopen_interfaces__rosidl_generator_py.dir/rosidl_generator_py/canopen_interfaces/msg/_co_data_s.c.o[0m
[18.395s] [ 93%] [32m[1mLinking C shared library rosidl_generator_py/canopen_interfaces/libcanopen_interfaces__rosidl_generator_py.so[0m
[18.577s] [ 93%] Built target canopen_interfaces__rosidl_generator_py
[18.688s] [ 94%] [32mBuilding C object CMakeFiles/canopen_interfaces__rosidl_typesupport_c__pyext.dir/rosidl_generator_py/canopen_interfaces/_canopen_interfaces_s.ep.rosidl_typesupport_c.c.o[0m
[18.717s] [ 95%] [32mBuilding C object CMakeFiles/canopen_interfaces__rosidl_typesupport_introspection_c__pyext.dir/rosidl_generator_py/canopen_interfaces/_canopen_interfaces_s.ep.rosidl_typesupport_introspection_c.c.o[0m
[18.720s] [ 96%] [32mBuilding C object CMakeFiles/canopen_interfaces__rosidl_typesupport_fastrtps_c__pyext.dir/rosidl_generator_py/canopen_interfaces/_canopen_interfaces_s.ep.rosidl_typesupport_fastrtps_c.c.o[0m
[19.428s] [ 97%] [32m[1mLinking C shared library rosidl_generator_py/canopen_interfaces/canopen_interfaces_s__rosidl_typesupport_fastrtps_c.cpython-310-x86_64-linux-gnu.so[0m
[19.495s] [ 98%] [32m[1mLinking C shared library rosidl_generator_py/canopen_interfaces/canopen_interfaces_s__rosidl_typesupport_introspection_c.cpython-310-x86_64-linux-gnu.so[0m
[19.649s] [100%] [32m[1mLinking C shared library rosidl_generator_py/canopen_interfaces/canopen_interfaces_s__rosidl_typesupport_c.cpython-310-x86_64-linux-gnu.so[0m
[19.686s] [100%] Built target canopen_interfaces__rosidl_typesupport_fastrtps_c__pyext
[19.736s] [100%] Built target canopen_interfaces__rosidl_typesupport_introspection_c__pyext
[19.892s] [100%] Built target canopen_interfaces__rosidl_typesupport_c__pyext
[19.981s] Invoked command in '/root/ros2_testing/build/canopen_interfaces' returned '0': CMAKE_PREFIX_PATH=/opt/ros/humble /usr/bin/cmake --build /root/ros2_testing/build/canopen_interfaces -- -j8 -l8
[23.867s] Invoking command in '/root/ros2_testing/build/canopen_interfaces': CMAKE_PREFIX_PATH=/opt/ros/humble /usr/bin/cmake --install /root/ros2_testing/build/canopen_interfaces
[23.901s] -- Install configuration: ""
[23.908s] -- Installing: /root/ros2_testing/install/canopen_interfaces/share/ament_index/resource_index/rosidl_interfaces/canopen_interfaces
[23.919s] -- Installing: /root/ros2_testing/install/canopen_interfaces/include/canopen_interfaces/canopen_interfaces
[23.920s] -- Installing: /root/ros2_testing/install/canopen_interfaces/include/canopen_interfaces/canopen_interfaces/srv
[23.921s] -- Installing: /root/ros2_testing/install/canopen_interfaces/include/canopen_interfaces/canopen_interfaces/srv/co_heartbeat_id.h
[23.923s] -- Installing: /root/ros2_testing/install/canopen_interfaces/include/canopen_interfaces/canopen_interfaces/srv/detail
[23.924s] -- Installing: /root/ros2_testing/install/canopen_interfaces/include/canopen_interfaces/canopen_interfaces/srv/detail/co_node__functions.c
[23.924s] -- Installing: /root/ros2_testing/install/canopen_interfaces/include/canopen_interfaces/canopen_interfaces/srv/detail/co_read_id__functions.h
[23.925s] -- Installing: /root/ros2_testing/install/canopen_interfaces/include/canopen_interfaces/canopen_interfaces/srv/detail/co_read__functions.c
[23.925s] -- Installing: /root/ros2_testing/install/canopen_interfaces/include/canopen_interfaces/canopen_interfaces/srv/detail/co_read_id__functions.c
[23.926s] -- Installing: /root/ros2_testing/install/canopen_interfaces/include/canopen_interfaces/canopen_interfaces/srv/detail/co_write_id__functions.c
[23.927s] -- Installing: /root/ros2_testing/install/canopen_interfaces/include/canopen_interfaces/canopen_interfaces/srv/detail/co_write__struct.h
[23.927s] -- Installing: /root/ros2_testing/install/canopen_interfaces/include/canopen_interfaces/canopen_interfaces/srv/detail/co_nmt_id__struct.h
[23.928s] -- Installing: /root/ros2_testing/install/canopen_interfaces/include/canopen_interfaces/canopen_interfaces/srv/detail/co_heartbeat_id__struct.h
[23.928s] -- Installing: /root/ros2_testing/install/canopen_interfaces/include/canopen_interfaces/canopen_interfaces/srv/detail/co_node__type_support.h
[23.929s] -- Installing: /root/ros2_testing/install/canopen_interfaces/include/canopen_interfaces/canopen_interfaces/srv/detail/co_target_double__struct.h
[23.930s] -- Installing: /root/ros2_testing/install/canopen_interfaces/include/canopen_interfaces/canopen_interfaces/srv/detail/co_target_double__type_support.h
[23.931s] -- Installing: /root/ros2_testing/install/canopen_interfaces/include/canopen_interfaces/canopen_interfaces/srv/detail/co_node__struct.h
[23.932s] -- Installing: /root/ros2_testing/install/canopen_interfaces/include/canopen_interfaces/canopen_interfaces/srv/detail/co_write_id__struct.h
[23.932s] -- Installing: /root/ros2_testing/install/canopen_interfaces/include/canopen_interfaces/canopen_interfaces/srv/detail/co_target_double__functions.h
[23.933s] -- Installing: /root/ros2_testing/install/canopen_interfaces/include/canopen_interfaces/canopen_interfaces/srv/detail/co_nmt_id__functions.h
[23.936s] -- Installing: /root/ros2_testing/install/canopen_interfaces/include/canopen_interfaces/canopen_interfaces/srv/detail/co_read__type_support.h
[23.937s] -- Installing: /root/ros2_testing/install/canopen_interfaces/include/canopen_interfaces/canopen_interfaces/srv/detail/co_heartbeat_id__functions.h
[23.938s] -- Installing: /root/ros2_testing/install/canopen_interfaces/include/canopen_interfaces/canopen_interfaces/srv/detail/co_nmt_id__type_support.h
[23.941s] -- Installing: /root/ros2_testing/install/canopen_interfaces/include/canopen_interfaces/canopen_interfaces/srv/detail/co_write_id__type_support.h
[23.947s] -- Installing: /root/ros2_testing/install/canopen_interfaces/include/canopen_interfaces/canopen_interfaces/srv/detail/co_read_id__struct.h
[23.952s] -- Installing: /root/ros2_testing/install/canopen_interfaces/include/canopen_interfaces/canopen_interfaces/srv/detail/co_write__functions.h
[23.953s] -- Installing: /root/ros2_testing/install/canopen_interfaces/include/canopen_interfaces/canopen_interfaces/srv/detail/co_read_id__type_support.h
[23.953s] -- Installing: /root/ros2_testing/install/canopen_interfaces/include/canopen_interfaces/canopen_interfaces/srv/detail/co_write__functions.c
[23.954s] -- Installing: /root/ros2_testing/install/canopen_interfaces/include/canopen_interfaces/canopen_interfaces/srv/detail/co_node__functions.h
[23.954s] -- Installing: /root/ros2_testing/install/canopen_interfaces/include/canopen_interfaces/canopen_interfaces/srv/detail/co_write_id__functions.h
[23.954s] -- Installing: /root/ros2_testing/install/canopen_interfaces/include/canopen_interfaces/canopen_interfaces/srv/detail/co_read__functions.h
[23.955s] -- Installing: /root/ros2_testing/install/canopen_interfaces/include/canopen_interfaces/canopen_interfaces/srv/detail/co_heartbeat_id__type_support.h
[23.959s] -- Installing: /root/ros2_testing/install/canopen_interfaces/include/canopen_interfaces/canopen_interfaces/srv/detail/co_write__type_support.h
[23.961s] -- Installing: /root/ros2_testing/install/canopen_interfaces/include/canopen_interfaces/canopen_interfaces/srv/detail/co_nmt_id__functions.c
[23.962s] -- Installing: /root/ros2_testing/install/canopen_interfaces/include/canopen_interfaces/canopen_interfaces/srv/detail/co_read__struct.h
[23.962s] -- Installing: /root/ros2_testing/install/canopen_interfaces/include/canopen_interfaces/canopen_interfaces/srv/detail/co_target_double__functions.c
[23.962s] -- Installing: /root/ros2_testing/install/canopen_interfaces/include/canopen_interfaces/canopen_interfaces/srv/detail/co_heartbeat_id__functions.c
[23.963s] -- Installing: /root/ros2_testing/install/canopen_interfaces/include/canopen_interfaces/canopen_interfaces/srv/co_write.h
[23.963s] -- Installing: /root/ros2_testing/install/canopen_interfaces/include/canopen_interfaces/canopen_interfaces/srv/co_node.h
[23.963s] -- Installing: /root/ros2_testing/install/canopen_interfaces/include/canopen_interfaces/canopen_interfaces/srv/co_read_id.h
[23.964s] -- Installing: /root/ros2_testing/install/canopen_interfaces/include/canopen_interfaces/canopen_interfaces/srv/co_read.h
[23.964s] -- Installing: /root/ros2_testing/install/canopen_interfaces/include/canopen_interfaces/canopen_interfaces/srv/co_target_double.h
[23.964s] -- Installing: /root/ros2_testing/install/canopen_interfaces/include/canopen_interfaces/canopen_interfaces/srv/co_nmt_id.h
[23.965s] -- Installing: /root/ros2_testing/install/canopen_interfaces/include/canopen_interfaces/canopen_interfaces/srv/co_write_id.h
[23.965s] -- Installing: /root/ros2_testing/install/canopen_interfaces/include/canopen_interfaces/canopen_interfaces/msg
[23.965s] -- Installing: /root/ros2_testing/install/canopen_interfaces/include/canopen_interfaces/canopen_interfaces/msg/detail
[23.965s] -- Installing: /root/ros2_testing/install/canopen_interfaces/include/canopen_interfaces/canopen_interfaces/msg/detail/co_data__functions.c
[23.971s] -- Installing: /root/ros2_testing/install/canopen_interfaces/include/canopen_interfaces/canopen_interfaces/msg/detail/co_data__type_support.h
[23.976s] -- Installing: /root/ros2_testing/install/canopen_interfaces/include/canopen_interfaces/canopen_interfaces/msg/detail/co_data__struct.h
[23.976s] -- Installing: /root/ros2_testing/install/canopen_interfaces/include/canopen_interfaces/canopen_interfaces/msg/detail/co_data__functions.h
[23.978s] -- Installing: /root/ros2_testing/install/canopen_interfaces/include/canopen_interfaces/canopen_interfaces/msg/rosidl_generator_c__visibility_control.h
[23.979s] -- Installing: /root/ros2_testing/install/canopen_interfaces/include/canopen_interfaces/canopen_interfaces/msg/co_data.h
[23.980s] -- Installing: /root/ros2_testing/install/canopen_interfaces/share/canopen_interfaces/environment/library_path.sh
[23.980s] -- Installing: /root/ros2_testing/install/canopen_interfaces/share/canopen_interfaces/environment/library_path.dsv
[23.981s] -- Installing: /root/ros2_testing/install/canopen_interfaces/lib/libcanopen_interfaces__rosidl_generator_c.so
[23.984s] -- Set runtime path of "/root/ros2_testing/install/canopen_interfaces/lib/libcanopen_interfaces__rosidl_generator_c.so" to ""
[23.985s] -- Up-to-date: /root/ros2_testing/install/canopen_interfaces/include/canopen_interfaces/canopen_interfaces
[23.987s] -- Up-to-date: /root/ros2_testing/install/canopen_interfaces/include/canopen_interfaces/canopen_interfaces/srv
[23.988s] -- Up-to-date: /root/ros2_testing/install/canopen_interfaces/include/canopen_interfaces/canopen_interfaces/srv/detail
[23.992s] -- Installing: /root/ros2_testing/install/canopen_interfaces/include/canopen_interfaces/canopen_interfaces/srv/detail/co_node__rosidl_typesupport_fastrtps_c.h
[23.992s] -- Installing: /root/ros2_testing/install/canopen_interfaces/include/canopen_interfaces/canopen_interfaces/srv/detail/co_read_id__rosidl_typesupport_fastrtps_c.h
[23.993s] -- Installing: /root/ros2_testing/install/canopen_interfaces/include/canopen_interfaces/canopen_interfaces/srv/detail/co_target_double__rosidl_typesupport_fastrtps_c.h
[23.994s] -- Installing: /root/ros2_testing/install/canopen_interfaces/include/canopen_interfaces/canopen_interfaces/srv/detail/co_write__rosidl_typesupport_fastrtps_c.h
[23.995s] -- Installing: /root/ros2_testing/install/canopen_interfaces/include/canopen_interfaces/canopen_interfaces/srv/detail/co_read__rosidl_typesupport_fastrtps_c.h
[23.997s] -- Installing: /root/ros2_testing/install/canopen_interfaces/include/canopen_interfaces/canopen_interfaces/srv/detail/co_write_id__rosidl_typesupport_fastrtps_c.h
[23.997s] -- Installing: /root/ros2_testing/install/canopen_interfaces/include/canopen_interfaces/canopen_interfaces/srv/detail/co_nmt_id__rosidl_typesupport_fastrtps_c.h
[24.003s] -- Installing: /root/ros2_testing/install/canopen_interfaces/include/canopen_interfaces/canopen_interfaces/srv/detail/co_heartbeat_id__rosidl_typesupport_fastrtps_c.h
[24.003s] -- Up-to-date: /root/ros2_testing/install/canopen_interfaces/include/canopen_interfaces/canopen_interfaces/msg
[24.004s] -- Up-to-date: /root/ros2_testing/install/canopen_interfaces/include/canopen_interfaces/canopen_interfaces/msg/detail
[24.004s] -- Installing: /root/ros2_testing/install/canopen_interfaces/include/canopen_interfaces/canopen_interfaces/msg/detail/co_data__rosidl_typesupport_fastrtps_c.h
[24.005s] -- Installing: /root/ros2_testing/install/canopen_interfaces/include/canopen_interfaces/canopen_interfaces/msg/rosidl_typesupport_fastrtps_c__visibility_control.h
[24.006s] -- Installing: /root/ros2_testing/install/canopen_interfaces/lib/libcanopen_interfaces__rosidl_typesupport_fastrtps_c.so
[24.006s] -- Set runtime path of "/root/ros2_testing/install/canopen_interfaces/lib/libcanopen_interfaces__rosidl_typesupport_fastrtps_c.so" to ""
[24.013s] -- Up-to-date: /root/ros2_testing/install/canopen_interfaces/include/canopen_interfaces/canopen_interfaces
[24.014s] -- Up-to-date: /root/ros2_testing/install/canopen_interfaces/include/canopen_interfaces/canopen_interfaces/srv
[24.015s] -- Up-to-date: /root/ros2_testing/install/canopen_interfaces/include/canopen_interfaces/canopen_interfaces/srv/detail
[24.016s] -- Installing: /root/ros2_testing/install/canopen_interfaces/include/canopen_interfaces/canopen_interfaces/srv/detail/co_node__type_support.c
[24.017s] -- Installing: /root/ros2_testing/install/canopen_interfaces/include/canopen_interfaces/canopen_interfaces/srv/detail/co_node__rosidl_typesupport_introspection_c.h
[24.017s] -- Installing: /root/ros2_testing/install/canopen_interfaces/include/canopen_interfaces/canopen_interfaces/srv/detail/co_target_double__type_support.c
[24.018s] -- Installing: /root/ros2_testing/install/canopen_interfaces/include/canopen_interfaces/canopen_interfaces/srv/detail/co_target_double__rosidl_typesupport_introspection_c.h
[24.019s] -- Installing: /root/ros2_testing/install/canopen_interfaces/include/canopen_interfaces/canopen_interfaces/srv/detail/co_write_id__type_support.c
[24.019s] -- Installing: /root/ros2_testing/install/canopen_interfaces/include/canopen_interfaces/canopen_interfaces/srv/detail/co_write__type_support.c
[24.020s] -- Installing: /root/ros2_testing/install/canopen_interfaces/include/canopen_interfaces/canopen_interfaces/srv/detail/co_read_id__rosidl_typesupport_introspection_c.h
[24.021s] -- Installing: /root/ros2_testing/install/canopen_interfaces/include/canopen_interfaces/canopen_interfaces/srv/detail/co_read__rosidl_typesupport_introspection_c.h
[24.021s] -- Installing: /root/ros2_testing/install/canopen_interfaces/include/canopen_interfaces/canopen_interfaces/srv/detail/co_nmt_id__type_support.c
[24.021s] -- Installing: /root/ros2_testing/install/canopen_interfaces/include/canopen_interfaces/canopen_interfaces/srv/detail/co_read_id__type_support.c
[24.022s] -- Installing: /root/ros2_testing/install/canopen_interfaces/include/canopen_interfaces/canopen_interfaces/srv/detail/co_heartbeat_id__type_support.c
[24.022s] -- Installing: /root/ros2_testing/install/canopen_interfaces/include/canopen_interfaces/canopen_interfaces/srv/detail/co_write__rosidl_typesupport_introspection_c.h
[24.022s] -- Installing: /root/ros2_testing/install/canopen_interfaces/include/canopen_interfaces/canopen_interfaces/srv/detail/co_nmt_id__rosidl_typesupport_introspection_c.h
[24.022s] -- Installing: /root/ros2_testing/install/canopen_interfaces/include/canopen_interfaces/canopen_interfaces/srv/detail/co_write_id__rosidl_typesupport_introspection_c.h
[24.023s] -- Installing: /root/ros2_testing/install/canopen_interfaces/include/canopen_interfaces/canopen_interfaces/srv/detail/co_heartbeat_id__rosidl_typesupport_introspection_c.h
[24.023s] -- Installing: /root/ros2_testing/install/canopen_interfaces/include/canopen_interfaces/canopen_interfaces/srv/detail/co_read__type_support.c
[24.023s] -- Up-to-date: /root/ros2_testing/install/canopen_interfaces/include/canopen_interfaces/canopen_interfaces/msg
[24.024s] -- Up-to-date: /root/ros2_testing/install/canopen_interfaces/include/canopen_interfaces/canopen_interfaces/msg/detail
[24.024s] -- Installing: /root/ros2_testing/install/canopen_interfaces/include/canopen_interfaces/canopen_interfaces/msg/detail/co_data__type_support.c
[24.024s] -- Installing: /root/ros2_testing/install/canopen_interfaces/include/canopen_interfaces/canopen_interfaces/msg/detail/co_data__rosidl_typesupport_introspection_c.h
[24.025s] -- Installing: /root/ros2_testing/install/canopen_interfaces/include/canopen_interfaces/canopen_interfaces/msg/rosidl_typesupport_introspection_c__visibility_control.h
[24.025s] -- Installing: /root/ros2_testing/install/canopen_interfaces/lib/libcanopen_interfaces__rosidl_typesupport_introspection_c.so
[24.025s] -- Set runtime path of "/root/ros2_testing/install/canopen_interfaces/lib/libcanopen_interfaces__rosidl_typesupport_introspection_c.so" to ""
[24.026s] -- Installing: /root/ros2_testing/install/canopen_interfaces/lib/libcanopen_interfaces__rosidl_typesupport_c.so
[24.026s] -- Set runtime path of "/root/ros2_testing/install/canopen_interfaces/lib/libcanopen_interfaces__rosidl_typesupport_c.so" to ""
[24.026s] -- Up-to-date: /root/ros2_testing/install/canopen_interfaces/include/canopen_interfaces/canopen_interfaces
[24.026s] -- Up-to-date: /root/ros2_testing/install/canopen_interfaces/include/canopen_interfaces/canopen_interfaces/srv
[24.027s] -- Installing: /root/ros2_testing/install/canopen_interfaces/include/canopen_interfaces/canopen_interfaces/srv/co_write.hpp
[24.027s] -- Up-to-date: /root/ros2_testing/install/canopen_interfaces/include/canopen_interfaces/canopen_interfaces/srv/detail
[24.027s] -- Installing: /root/ros2_testing/install/canopen_interfaces/include/canopen_interfaces/canopen_interfaces/srv/detail/co_write__traits.hpp
[24.028s] -- Installing: /root/ros2_testing/install/canopen_interfaces/include/canopen_interfaces/canopen_interfaces/srv/detail/co_node__builder.hpp
[24.035s] -- Installing: /root/ros2_testing/install/canopen_interfaces/include/canopen_interfaces/canopen_interfaces/srv/detail/co_heartbeat_id__builder.hpp
[24.036s] -- Installing: /root/ros2_testing/install/canopen_interfaces/include/canopen_interfaces/canopen_interfaces/srv/detail/co_read_id__struct.hpp
[24.037s] -- Installing: /root/ros2_testing/install/canopen_interfaces/include/canopen_interfaces/canopen_interfaces/srv/detail/co_heartbeat_id__traits.hpp
[24.038s] -- Installing: /root/ros2_testing/install/canopen_interfaces/include/canopen_interfaces/canopen_interfaces/srv/detail/co_node__struct.hpp
[24.041s] -- Installing: /root/ros2_testing/install/canopen_interfaces/include/canopen_interfaces/canopen_interfaces/srv/detail/co_write_id__struct.hpp
[24.041s] -- Installing: /root/ros2_testing/install/canopen_interfaces/include/canopen_interfaces/canopen_interfaces/srv/detail/co_write__struct.hpp
[24.042s] -- Installing: /root/ros2_testing/install/canopen_interfaces/include/canopen_interfaces/canopen_interfaces/srv/detail/co_target_double__builder.hpp
[24.046s] -- Installing: /root/ros2_testing/install/canopen_interfaces/include/canopen_interfaces/canopen_interfaces/srv/detail/co_read__builder.hpp
[24.046s] -- Installing: /root/ros2_testing/install/canopen_interfaces/include/canopen_interfaces/canopen_interfaces/srv/detail/co_nmt_id__traits.hpp
[24.047s] -- Installing: /root/ros2_testing/install/canopen_interfaces/include/canopen_interfaces/canopen_interfaces/srv/detail/co_write_id__traits.hpp
[24.047s] -- Installing: /root/ros2_testing/install/canopen_interfaces/include/canopen_interfaces/canopen_interfaces/srv/detail/co_nmt_id__builder.hpp
[24.047s] -- Installing: /root/ros2_testing/install/canopen_interfaces/include/canopen_interfaces/canopen_interfaces/srv/detail/co_write__builder.hpp
[24.048s] -- Installing: /root/ros2_testing/install/canopen_interfaces/include/canopen_interfaces/canopen_interfaces/srv/detail/co_read_id__builder.hpp
[24.048s] -- Installing: /root/ros2_testing/install/canopen_interfaces/include/canopen_interfaces/canopen_interfaces/srv/detail/co_nmt_id__struct.hpp
[24.048s] -- Installing: /root/ros2_testing/install/canopen_interfaces/include/canopen_interfaces/canopen_interfaces/srv/detail/co_node__traits.hpp
[24.049s] -- Installing: /root/ros2_testing/install/canopen_interfaces/include/canopen_interfaces/canopen_interfaces/srv/detail/co_target_double__struct.hpp
[24.049s] -- Installing: /root/ros2_testing/install/canopen_interfaces/include/canopen_interfaces/canopen_interfaces/srv/detail/co_heartbeat_id__struct.hpp
[24.049s] -- Installing: /root/ros2_testing/install/canopen_interfaces/include/canopen_interfaces/canopen_interfaces/srv/detail/co_read__traits.hpp
[24.049s] -- Installing: /root/ros2_testing/install/canopen_interfaces/include/canopen_interfaces/canopen_interfaces/srv/detail/co_target_double__traits.hpp
[24.050s] -- Installing: /root/ros2_testing/install/canopen_interfaces/include/canopen_interfaces/canopen_interfaces/srv/detail/co_read__struct.hpp
[24.059s] -- Installing: /root/ros2_testing/install/canopen_interfaces/include/canopen_interfaces/canopen_interfaces/srv/detail/co_write_id__builder.hpp
[24.060s] -- Installing: /root/ros2_testing/install/canopen_interfaces/include/canopen_interfaces/canopen_interfaces/srv/detail/co_read_id__traits.hpp
[24.062s] -- Installing: /root/ros2_testing/install/canopen_interfaces/include/canopen_interfaces/canopen_interfaces/srv/co_heartbeat_id.hpp
[24.063s] -- Installing: /root/ros2_testing/install/canopen_interfaces/include/canopen_interfaces/canopen_interfaces/srv/co_write_id.hpp
[24.063s] -- Installing: /root/ros2_testing/install/canopen_interfaces/include/canopen_interfaces/canopen_interfaces/srv/co_read_id.hpp
[24.064s] -- Installing: /root/ros2_testing/install/canopen_interfaces/include/canopen_interfaces/canopen_interfaces/srv/co_read.hpp
[24.065s] -- Installing: /root/ros2_testing/install/canopen_interfaces/include/canopen_interfaces/canopen_interfaces/srv/co_target_double.hpp
[24.066s] -- Installing: /root/ros2_testing/install/canopen_interfaces/include/canopen_interfaces/canopen_interfaces/srv/co_nmt_id.hpp
[24.067s] -- Installing: /root/ros2_testing/install/canopen_interfaces/include/canopen_interfaces/canopen_interfaces/srv/co_node.hpp
[24.067s] -- Up-to-date: /root/ros2_testing/install/canopen_interfaces/include/canopen_interfaces/canopen_interfaces/msg
[24.072s] -- Installing: /root/ros2_testing/install/canopen_interfaces/include/canopen_interfaces/canopen_interfaces/msg/co_data.hpp
[24.073s] -- Up-to-date: /root/ros2_testing/install/canopen_interfaces/include/canopen_interfaces/canopen_interfaces/msg/detail
[24.073s] -- Installing: /root/ros2_testing/install/canopen_interfaces/include/canopen_interfaces/canopen_interfaces/msg/detail/co_data__builder.hpp
[24.074s] -- Installing: /root/ros2_testing/install/canopen_interfaces/include/canopen_interfaces/canopen_interfaces/msg/detail/co_data__struct.hpp
[24.074s] -- Installing: /root/ros2_testing/install/canopen_interfaces/include/canopen_interfaces/canopen_interfaces/msg/detail/co_data__traits.hpp
[24.075s] -- Up-to-date: /root/ros2_testing/install/canopen_interfaces/include/canopen_interfaces/canopen_interfaces
[24.075s] -- Up-to-date: /root/ros2_testing/install/canopen_interfaces/include/canopen_interfaces/canopen_interfaces/srv
[24.076s] -- Up-to-date: /root/ros2_testing/install/canopen_interfaces/include/canopen_interfaces/canopen_interfaces/srv/detail
[24.076s] -- Installing: /root/ros2_testing/install/canopen_interfaces/include/canopen_interfaces/canopen_interfaces/srv/detail/co_read__rosidl_typesupport_fastrtps_cpp.hpp
[24.077s] -- Installing: /root/ros2_testing/install/canopen_interfaces/include/canopen_interfaces/canopen_interfaces/srv/detail/dds_fastrtps
[24.082s] -- Installing: /root/ros2_testing/install/canopen_interfaces/include/canopen_interfaces/canopen_interfaces/srv/detail/co_write__rosidl_typesupport_fastrtps_cpp.hpp
[24.082s] -- Installing: /root/ros2_testing/install/canopen_interfaces/include/canopen_interfaces/canopen_interfaces/srv/detail/co_target_double__rosidl_typesupport_fastrtps_cpp.hpp
[24.082s] -- Installing: /root/ros2_testing/install/canopen_interfaces/include/canopen_interfaces/canopen_interfaces/srv/detail/co_read_id__rosidl_typesupport_fastrtps_cpp.hpp
[24.083s] -- Installing: /root/ros2_testing/install/canopen_interfaces/include/canopen_interfaces/canopen_interfaces/srv/detail/co_node__rosidl_typesupport_fastrtps_cpp.hpp
[24.083s] -- Installing: /root/ros2_testing/install/canopen_interfaces/include/canopen_interfaces/canopen_interfaces/srv/detail/co_heartbeat_id__rosidl_typesupport_fastrtps_cpp.hpp
[24.090s] -- Installing: /root/ros2_testing/install/canopen_interfaces/include/canopen_interfaces/canopen_interfaces/srv/detail/co_write_id__rosidl_typesupport_fastrtps_cpp.hpp
[24.093s] -- Installing: /root/ros2_testing/install/canopen_interfaces/include/canopen_interfaces/canopen_interfaces/srv/detail/co_nmt_id__rosidl_typesupport_fastrtps_cpp.hpp
[24.094s] -- Up-to-date: /root/ros2_testing/install/canopen_interfaces/include/canopen_interfaces/canopen_interfaces/msg
[24.094s] -- Up-to-date: /root/ros2_testing/install/canopen_interfaces/include/canopen_interfaces/canopen_interfaces/msg/detail
[24.095s] -- Installing: /root/ros2_testing/install/canopen_interfaces/include/canopen_interfaces/canopen_interfaces/msg/detail/dds_fastrtps
[24.096s] -- Installing: /root/ros2_testing/install/canopen_interfaces/include/canopen_interfaces/canopen_interfaces/msg/detail/co_data__rosidl_typesupport_fastrtps_cpp.hpp
[24.100s] -- Installing: /root/ros2_testing/install/canopen_interfaces/include/canopen_interfaces/canopen_interfaces/msg/rosidl_typesupport_fastrtps_cpp__visibility_control.h
[24.100s] -- Installing: /root/ros2_testing/install/canopen_interfaces/lib/libcanopen_interfaces__rosidl_typesupport_fastrtps_cpp.so
[24.100s] -- Set runtime path of "/root/ros2_testing/install/canopen_interfaces/lib/libcanopen_interfaces__rosidl_typesupport_fastrtps_cpp.so" to ""
[24.101s] -- Up-to-date: /root/ros2_testing/install/canopen_interfaces/include/canopen_interfaces/canopen_interfaces
[24.101s] -- Up-to-date: /root/ros2_testing/install/canopen_interfaces/include/canopen_interfaces/canopen_interfaces/srv
[24.101s] -- Up-to-date: /root/ros2_testing/install/canopen_interfaces/include/canopen_interfaces/canopen_interfaces/srv/detail
[24.102s] -- Installing: /root/ros2_testing/install/canopen_interfaces/include/canopen_interfaces/canopen_interfaces/srv/detail/co_read_id__rosidl_typesupport_introspection_cpp.hpp
[24.102s] -- Installing: /root/ros2_testing/install/canopen_interfaces/include/canopen_interfaces/canopen_interfaces/srv/detail/co_read_id__type_support.cpp
[24.103s] -- Installing: /root/ros2_testing/install/canopen_interfaces/include/canopen_interfaces/canopen_interfaces/srv/detail/co_target_double__rosidl_typesupport_introspection_cpp.hpp
[24.103s] -- Installing: /root/ros2_testing/install/canopen_interfaces/include/canopen_interfaces/canopen_interfaces/srv/detail/co_write__type_support.cpp
[24.103s] -- Installing: /root/ros2_testing/install/canopen_interfaces/include/canopen_interfaces/canopen_interfaces/srv/detail/co_read__type_support.cpp
[24.103s] -- Installing: /root/ros2_testing/install/canopen_interfaces/include/canopen_interfaces/canopen_interfaces/srv/detail/co_nmt_id__type_support.cpp
[24.104s] -- Installing: /root/ros2_testing/install/canopen_interfaces/include/canopen_interfaces/canopen_interfaces/srv/detail/co_heartbeat_id__type_support.cpp
[24.104s] -- Installing: /root/ros2_testing/install/canopen_interfaces/include/canopen_interfaces/canopen_interfaces/srv/detail/co_write__rosidl_typesupport_introspection_cpp.hpp
[24.104s] -- Installing: /root/ros2_testing/install/canopen_interfaces/include/canopen_interfaces/canopen_interfaces/srv/detail/co_write_id__type_support.cpp
[24.105s] -- Installing: /root/ros2_testing/install/canopen_interfaces/include/canopen_interfaces/canopen_interfaces/srv/detail/co_node__type_support.cpp
[24.105s] -- Installing: /root/ros2_testing/install/canopen_interfaces/include/canopen_interfaces/canopen_interfaces/srv/detail/co_node__rosidl_typesupport_introspection_cpp.hpp
[24.105s] -- Installing: /root/ros2_testing/install/canopen_interfaces/include/canopen_interfaces/canopen_interfaces/srv/detail/co_target_double__type_support.cpp
[24.106s] -- Installing: /root/ros2_testing/install/canopen_interfaces/include/canopen_interfaces/canopen_interfaces/srv/detail/co_read__rosidl_typesupport_introspection_cpp.hpp
[24.106s] -- Installing: /root/ros2_testing/install/canopen_interfaces/include/canopen_interfaces/canopen_interfaces/srv/detail/co_heartbeat_id__rosidl_typesupport_introspection_cpp.hpp
[24.106s] -- Installing: /root/ros2_testing/install/canopen_interfaces/include/canopen_interfaces/canopen_interfaces/srv/detail/co_write_id__rosidl_typesupport_introspection_cpp.hpp
[24.107s] -- Installing: /root/ros2_testing/install/canopen_interfaces/include/canopen_interfaces/canopen_interfaces/srv/detail/co_nmt_id__rosidl_typesupport_introspection_cpp.hpp
[24.107s] -- Up-to-date: /root/ros2_testing/install/canopen_interfaces/include/canopen_interfaces/canopen_interfaces/msg
[24.107s] -- Up-to-date: /root/ros2_testing/install/canopen_interfaces/include/canopen_interfaces/canopen_interfaces/msg/detail
[24.107s] -- Installing: /root/ros2_testing/install/canopen_interfaces/include/canopen_interfaces/canopen_interfaces/msg/detail/co_data__type_support.cpp
[24.108s] -- Installing: /root/ros2_testing/install/canopen_interfaces/include/canopen_interfaces/canopen_interfaces/msg/detail/co_data__rosidl_typesupport_introspection_cpp.hpp
[24.111s] -- Installing: /root/ros2_testing/install/canopen_interfaces/lib/libcanopen_interfaces__rosidl_typesupport_introspection_cpp.so
[24.112s] -- Set runtime path of "/root/ros2_testing/install/canopen_interfaces/lib/libcanopen_interfaces__rosidl_typesupport_introspection_cpp.so" to ""
[24.112s] -- Installing: /root/ros2_testing/install/canopen_interfaces/lib/libcanopen_interfaces__rosidl_typesupport_cpp.so
[24.113s] -- Set runtime path of "/root/ros2_testing/install/canopen_interfaces/lib/libcanopen_interfaces__rosidl_typesupport_cpp.so" to ""
[24.114s] -- Installing: /root/ros2_testing/install/canopen_interfaces/share/canopen_interfaces/environment/pythonpath.sh
[24.120s] -- Installing: /root/ros2_testing/install/canopen_interfaces/share/canopen_interfaces/environment/pythonpath.dsv
[24.120s] -- Installing: /root/ros2_testing/install/canopen_interfaces/local/lib/python3.10/dist-packages/canopen_interfaces-0.0.1-py3.10.egg-info
[24.132s] -- Installing: /root/ros2_testing/install/canopen_interfaces/local/lib/python3.10/dist-packages/canopen_interfaces-0.0.1-py3.10.egg-info/top_level.txt
[24.133s] -- Installing: /root/ros2_testing/install/canopen_interfaces/local/lib/python3.10/dist-packages/canopen_interfaces-0.0.1-py3.10.egg-info/dependency_links.txt
[24.134s] -- Installing: /root/ros2_testing/install/canopen_interfaces/local/lib/python3.10/dist-packages/canopen_interfaces-0.0.1-py3.10.egg-info/PKG-INFO
[24.134s] -- Installing: /root/ros2_testing/install/canopen_interfaces/local/lib/python3.10/dist-packages/canopen_interfaces-0.0.1-py3.10.egg-info/SOURCES.txt
[24.135s] -- Installing: /root/ros2_testing/install/canopen_interfaces/local/lib/python3.10/dist-packages/canopen_interfaces
[24.135s] -- Installing: /root/ros2_testing/install/canopen_interfaces/local/lib/python3.10/dist-packages/canopen_interfaces/__init__.py
[24.136s] -- Installing: /root/ros2_testing/install/canopen_interfaces/local/lib/python3.10/dist-packages/canopen_interfaces/canopen_interfaces_s__rosidl_typesupport_c.cpython-310-x86_64-linux-gnu.so
[24.137s] -- Installing: /root/ros2_testing/install/canopen_interfaces/local/lib/python3.10/dist-packages/canopen_interfaces/_canopen_interfaces_s.ep.rosidl_typesupport_c.c
[24.137s] -- Installing: /root/ros2_testing/install/canopen_interfaces/local/lib/python3.10/dist-packages/canopen_interfaces/srv
[24.138s] -- Installing: /root/ros2_testing/install/canopen_interfaces/local/lib/python3.10/dist-packages/canopen_interfaces/srv/__init__.py
[24.139s] -- Installing: /root/ros2_testing/install/canopen_interfaces/local/lib/python3.10/dist-packages/canopen_interfaces/srv/_co_heartbeat_id_s.c
[24.139s] -- Installing: /root/ros2_testing/install/canopen_interfaces/local/lib/python3.10/dist-packages/canopen_interfaces/srv/_co_target_double.py
[24.140s] -- Installing: /root/ros2_testing/install/canopen_interfaces/local/lib/python3.10/dist-packages/canopen_interfaces/srv/_co_read_s.c
[24.140s] -- Installing: /root/ros2_testing/install/canopen_interfaces/local/lib/python3.10/dist-packages/canopen_interfaces/srv/_co_write_id_s.c
[24.141s] -- Installing: /root/ros2_testing/install/canopen_interfaces/local/lib/python3.10/dist-packages/canopen_interfaces/srv/_co_heartbeat_id.py
[24.141s] -- Installing: /root/ros2_testing/install/canopen_interfaces/local/lib/python3.10/dist-packages/canopen_interfaces/srv/_co_read_id.py
[24.142s] -- Installing: /root/ros2_testing/install/canopen_interfaces/local/lib/python3.10/dist-packages/canopen_interfaces/srv/_co_nmt_id_s.c
[24.145s] -- Installing: /root/ros2_testing/install/canopen_interfaces/local/lib/python3.10/dist-packages/canopen_interfaces/srv/_co_write.py
[24.149s] -- Installing: /root/ros2_testing/install/canopen_interfaces/local/lib/python3.10/dist-packages/canopen_interfaces/srv/_co_write_s.c
[24.149s] -- Installing: /root/ros2_testing/install/canopen_interfaces/local/lib/python3.10/dist-packages/canopen_interfaces/srv/_co_read_id_s.c
[24.150s] -- Installing: /root/ros2_testing/install/canopen_interfaces/local/lib/python3.10/dist-packages/canopen_interfaces/srv/_co_write_id.py
[24.151s] -- Installing: /root/ros2_testing/install/canopen_interfaces/local/lib/python3.10/dist-packages/canopen_interfaces/srv/_co_nmt_id.py
[24.151s] -- Installing: /root/ros2_testing/install/canopen_interfaces/local/lib/python3.10/dist-packages/canopen_interfaces/srv/_co_target_double_s.c
[24.152s] -- Installing: /root/ros2_testing/install/canopen_interfaces/local/lib/python3.10/dist-packages/canopen_interfaces/srv/_co_read.py
[24.154s] -- Installing: /root/ros2_testing/install/canopen_interfaces/local/lib/python3.10/dist-packages/canopen_interfaces/srv/_co_node_s.c
[24.155s] -- Installing: /root/ros2_testing/install/canopen_interfaces/local/lib/python3.10/dist-packages/canopen_interfaces/srv/_co_node.py
[24.155s] -- Installing: /root/ros2_testing/install/canopen_interfaces/local/lib/python3.10/dist-packages/canopen_interfaces/msg
[24.156s] -- Installing: /root/ros2_testing/install/canopen_interfaces/local/lib/python3.10/dist-packages/canopen_interfaces/msg/__init__.py
[24.157s] -- Installing: /root/ros2_testing/install/canopen_interfaces/local/lib/python3.10/dist-packages/canopen_interfaces/msg/_co_data_s.c
[24.158s] -- Installing: /root/ros2_testing/install/canopen_interfaces/local/lib/python3.10/dist-packages/canopen_interfaces/msg/_co_data.py
[24.158s] -- Installing: /root/ros2_testing/install/canopen_interfaces/local/lib/python3.10/dist-packages/canopen_interfaces/canopen_interfaces_s__rosidl_typesupport_introspection_c.cpython-310-x86_64-linux-gnu.so
[24.159s] -- Installing: /root/ros2_testing/install/canopen_interfaces/local/lib/python3.10/dist-packages/canopen_interfaces/libcanopen_interfaces__rosidl_generator_py.so
[24.161s] -- Installing: /root/ros2_testing/install/canopen_interfaces/local/lib/python3.10/dist-packages/canopen_interfaces/canopen_interfaces_s__rosidl_typesupport_fastrtps_c.cpython-310-x86_64-linux-gnu.so
[24.162s] -- Installing: /root/ros2_testing/install/canopen_interfaces/local/lib/python3.10/dist-packages/canopen_interfaces/_canopen_interfaces_s.ep.rosidl_typesupport_fastrtps_c.c
[24.162s] -- Installing: /root/ros2_testing/install/canopen_interfaces/local/lib/python3.10/dist-packages/canopen_interfaces/_canopen_interfaces_s.ep.rosidl_typesupport_introspection_c.c
[24.466s] Listing '/root/ros2_testing/install/canopen_interfaces/local/lib/python3.10/dist-packages/canopen_interfaces'...
[24.466s] Compiling '/root/ros2_testing/install/canopen_interfaces/local/lib/python3.10/dist-packages/canopen_interfaces/__init__.py'...
[24.466s] Listing '/root/ros2_testing/install/canopen_interfaces/local/lib/python3.10/dist-packages/canopen_interfaces/msg'...
[24.467s] Compiling '/root/ros2_testing/install/canopen_interfaces/local/lib/python3.10/dist-packages/canopen_interfaces/msg/__init__.py'...
[24.467s] Compiling '/root/ros2_testing/install/canopen_interfaces/local/lib/python3.10/dist-packages/canopen_interfaces/msg/_co_data.py'...
[24.467s] Listing '/root/ros2_testing/install/canopen_interfaces/local/lib/python3.10/dist-packages/canopen_interfaces/srv'...
[24.467s] Compiling '/root/ros2_testing/install/canopen_interfaces/local/lib/python3.10/dist-packages/canopen_interfaces/srv/__init__.py'...
[24.468s] Compiling '/root/ros2_testing/install/canopen_interfaces/local/lib/python3.10/dist-packages/canopen_interfaces/srv/_co_heartbeat_id.py'...
[24.468s] Compiling '/root/ros2_testing/install/canopen_interfaces/local/lib/python3.10/dist-packages/canopen_interfaces/srv/_co_nmt_id.py'...
[24.469s] Compiling '/root/ros2_testing/install/canopen_interfaces/local/lib/python3.10/dist-packages/canopen_interfaces/srv/_co_node.py'...
[24.469s] Compiling '/root/ros2_testing/install/canopen_interfaces/local/lib/python3.10/dist-packages/canopen_interfaces/srv/_co_read.py'...
[24.469s] Compiling '/root/ros2_testing/install/canopen_interfaces/local/lib/python3.10/dist-packages/canopen_interfaces/srv/_co_read_id.py'...
[24.470s] Compiling '/root/ros2_testing/install/canopen_interfaces/local/lib/python3.10/dist-packages/canopen_interfaces/srv/_co_target_double.py'...
[24.470s] Compiling '/root/ros2_testing/install/canopen_interfaces/local/lib/python3.10/dist-packages/canopen_interfaces/srv/_co_write.py'...
[24.470s] Compiling '/root/ros2_testing/install/canopen_interfaces/local/lib/python3.10/dist-packages/canopen_interfaces/srv/_co_write_id.py'...
[24.506s] -- Installing: /root/ros2_testing/install/canopen_interfaces/local/lib/python3.10/dist-packages/canopen_interfaces/canopen_interfaces_s__rosidl_typesupport_fastrtps_c.cpython-310-x86_64-linux-gnu.so
[24.514s] -- Set runtime path of "/root/ros2_testing/install/canopen_interfaces/local/lib/python3.10/dist-packages/canopen_interfaces/canopen_interfaces_s__rosidl_typesupport_fastrtps_c.cpython-310-x86_64-linux-gnu.so" to ""
[24.515s] -- Installing: /root/ros2_testing/install/canopen_interfaces/local/lib/python3.10/dist-packages/canopen_interfaces/canopen_interfaces_s__rosidl_typesupport_introspection_c.cpython-310-x86_64-linux-gnu.so
[24.517s] -- Set runtime path of "/root/ros2_testing/install/canopen_interfaces/local/lib/python3.10/dist-packages/canopen_interfaces/canopen_interfaces_s__rosidl_typesupport_introspection_c.cpython-310-x86_64-linux-gnu.so" to ""
[24.522s] -- Installing: /root/ros2_testing/install/canopen_interfaces/local/lib/python3.10/dist-packages/canopen_interfaces/canopen_interfaces_s__rosidl_typesupport_c.cpython-310-x86_64-linux-gnu.so
[24.524s] -- Set runtime path of "/root/ros2_testing/install/canopen_interfaces/local/lib/python3.10/dist-packages/canopen_interfaces/canopen_interfaces_s__rosidl_typesupport_c.cpython-310-x86_64-linux-gnu.so" to ""
[24.524s] -- Installing: /root/ros2_testing/install/canopen_interfaces/lib/libcanopen_interfaces__rosidl_generator_py.so
[24.528s] -- Set runtime path of "/root/ros2_testing/install/canopen_interfaces/lib/libcanopen_interfaces__rosidl_generator_py.so" to ""
[24.529s] -- Installing: /root/ros2_testing/install/canopen_interfaces/share/canopen_interfaces/srv/COHeartbeatID.idl
[24.532s] -- Installing: /root/ros2_testing/install/canopen_interfaces/share/canopen_interfaces/srv/CONmtID.idl
[24.533s] -- Installing: /root/ros2_testing/install/canopen_interfaces/share/canopen_interfaces/srv/CORead.idl
[24.534s] -- Installing: /root/ros2_testing/install/canopen_interfaces/share/canopen_interfaces/srv/COReadID.idl
[24.534s] -- Installing: /root/ros2_testing/install/canopen_interfaces/share/canopen_interfaces/srv/COWrite.idl
[24.538s] -- Installing: /root/ros2_testing/install/canopen_interfaces/share/canopen_interfaces/srv/COWriteID.idl
[24.539s] -- Installing: /root/ros2_testing/install/canopen_interfaces/share/canopen_interfaces/srv/COTargetDouble.idl
[24.540s] -- Installing: /root/ros2_testing/install/canopen_interfaces/share/canopen_interfaces/srv/CONode.idl
[24.541s] -- Installing: /root/ros2_testing/install/canopen_interfaces/share/canopen_interfaces/msg/COData.idl
[24.541s] -- Installing: /root/ros2_testing/install/canopen_interfaces/share/canopen_interfaces/srv/COHeartbeatID.srv
[24.542s] -- Installing: /root/ros2_testing/install/canopen_interfaces/share/canopen_interfaces/srv/COHeartbeatID_Request.msg
[24.542s] -- Installing: /root/ros2_testing/install/canopen_interfaces/share/canopen_interfaces/srv/COHeartbeatID_Response.msg
[24.543s] -- Installing: /root/ros2_testing/install/canopen_interfaces/share/canopen_interfaces/srv/CONmtID.srv
[24.543s] -- Installing: /root/ros2_testing/install/canopen_interfaces/share/canopen_interfaces/srv/CONmtID_Request.msg
[24.544s] -- Installing: /root/ros2_testing/install/canopen_interfaces/share/canopen_interfaces/srv/CONmtID_Response.msg
[24.545s] -- Installing: /root/ros2_testing/install/canopen_interfaces/share/canopen_interfaces/srv/CORead.srv
[24.547s] -- Installing: /root/ros2_testing/install/canopen_interfaces/share/canopen_interfaces/srv/CORead_Request.msg
[24.547s] -- Installing: /root/ros2_testing/install/canopen_interfaces/share/canopen_interfaces/srv/CORead_Response.msg
[24.548s] -- Installing: /root/ros2_testing/install/canopen_interfaces/share/canopen_interfaces/srv/COReadID.srv
[24.557s] -- Installing: /root/ros2_testing/install/canopen_interfaces/share/canopen_interfaces/srv/COReadID_Request.msg
[24.558s] -- Installing: /root/ros2_testing/install/canopen_interfaces/share/canopen_interfaces/srv/COReadID_Response.msg
[24.559s] -- Installing: /root/ros2_testing/install/canopen_interfaces/share/canopen_interfaces/srv/COWrite.srv
[24.560s] -- Installing: /root/ros2_testing/install/canopen_interfaces/share/canopen_interfaces/srv/COWrite_Request.msg
[24.560s] -- Installing: /root/ros2_testing/install/canopen_interfaces/share/canopen_interfaces/srv/COWrite_Response.msg
[24.567s] -- Installing: /root/ros2_testing/install/canopen_interfaces/share/canopen_interfaces/srv/COWriteID.srv
[24.568s] -- Installing: /root/ros2_testing/install/canopen_interfaces/share/canopen_interfaces/srv/COWriteID_Request.msg
[24.568s] -- Installing: /root/ros2_testing/install/canopen_interfaces/share/canopen_interfaces/srv/COWriteID_Response.msg
[24.569s] -- Installing: /root/ros2_testing/install/canopen_interfaces/share/canopen_interfaces/srv/COTargetDouble.srv
[24.576s] -- Installing: /root/ros2_testing/install/canopen_interfaces/share/canopen_interfaces/srv/COTargetDouble_Request.msg
[24.578s] -- Installing: /root/ros2_testing/install/canopen_interfaces/share/canopen_interfaces/srv/COTargetDouble_Response.msg
[24.578s] -- Installing: /root/ros2_testing/install/canopen_interfaces/share/canopen_interfaces/srv/CONode.srv
[24.578s] -- Installing: /root/ros2_testing/install/canopen_interfaces/share/canopen_interfaces/srv/CONode_Request.msg
[24.580s] -- Installing: /root/ros2_testing/install/canopen_interfaces/share/canopen_interfaces/srv/CONode_Response.msg
[24.580s] -- Installing: /root/ros2_testing/install/canopen_interfaces/share/canopen_interfaces/msg/COData.msg
[24.583s] -- Installing: /root/ros2_testing/install/canopen_interfaces/share/ament_index/resource_index/package_run_dependencies/canopen_interfaces
[24.589s] -- Installing: /root/ros2_testing/install/canopen_interfaces/share/ament_index/resource_index/parent_prefix_path/canopen_interfaces
[24.591s] -- Installing: /root/ros2_testing/install/canopen_interfaces/share/canopen_interfaces/environment/ament_prefix_path.sh
[24.592s] -- Installing: /root/ros2_testing/install/canopen_interfaces/share/canopen_interfaces/environment/ament_prefix_path.dsv
[24.593s] -- Installing: /root/ros2_testing/install/canopen_interfaces/share/canopen_interfaces/environment/path.sh
[24.594s] -- Installing: /root/ros2_testing/install/canopen_interfaces/share/canopen_interfaces/environment/path.dsv
[24.595s] -- Installing: /root/ros2_testing/install/canopen_interfaces/share/canopen_interfaces/local_setup.bash
[24.596s] -- Installing: /root/ros2_testing/install/canopen_interfaces/share/canopen_interfaces/local_setup.sh
[24.597s] -- Installing: /root/ros2_testing/install/canopen_interfaces/share/canopen_interfaces/local_setup.zsh
[24.597s] -- Installing: /root/ros2_testing/install/canopen_interfaces/share/canopen_interfaces/local_setup.dsv
[24.598s] -- Installing: /root/ros2_testing/install/canopen_interfaces/share/canopen_interfaces/package.dsv
[24.599s] -- Installing: /root/ros2_testing/install/canopen_interfaces/share/ament_index/resource_index/packages/canopen_interfaces
[24.605s] -- Installing: /root/ros2_testing/install/canopen_interfaces/share/canopen_interfaces/cmake/export_canopen_interfaces__rosidl_generator_cExport.cmake
[24.606s] -- Installing: /root/ros2_testing/install/canopen_interfaces/share/canopen_interfaces/cmake/export_canopen_interfaces__rosidl_generator_cExport-noconfig.cmake
[24.609s] -- Installing: /root/ros2_testing/install/canopen_interfaces/share/canopen_interfaces/cmake/export_canopen_interfaces__rosidl_typesupport_fastrtps_cExport.cmake
[24.610s] -- Installing: /root/ros2_testing/install/canopen_interfaces/share/canopen_interfaces/cmake/export_canopen_interfaces__rosidl_typesupport_fastrtps_cExport-noconfig.cmake
[24.611s] -- Installing: /root/ros2_testing/install/canopen_interfaces/share/canopen_interfaces/cmake/canopen_interfaces__rosidl_typesupport_introspection_cExport.cmake
[24.612s] -- Installing: /root/ros2_testing/install/canopen_interfaces/share/canopen_interfaces/cmake/canopen_interfaces__rosidl_typesupport_introspection_cExport-noconfig.cmake
[24.618s] -- Installing: /root/ros2_testing/install/canopen_interfaces/share/canopen_interfaces/cmake/canopen_interfaces__rosidl_typesupport_cExport.cmake
[24.619s] -- Installing: /root/ros2_testing/install/canopen_interfaces/share/canopen_interfaces/cmake/canopen_interfaces__rosidl_typesupport_cExport-noconfig.cmake
[24.621s] -- Installing: /root/ros2_testing/install/canopen_interfaces/share/canopen_interfaces/cmake/export_canopen_interfaces__rosidl_generator_cppExport.cmake
[24.624s] -- Installing: /root/ros2_testing/install/canopen_interfaces/share/canopen_interfaces/cmake/export_canopen_interfaces__rosidl_typesupport_fastrtps_cppExport.cmake
[24.625s] -- Installing: /root/ros2_testing/install/canopen_interfaces/share/canopen_interfaces/cmake/export_canopen_interfaces__rosidl_typesupport_fastrtps_cppExport-noconfig.cmake
[24.625s] -- Installing: /root/ros2_testing/install/canopen_interfaces/share/canopen_interfaces/cmake/canopen_interfaces__rosidl_typesupport_introspection_cppExport.cmake
[24.627s] -- Installing: /root/ros2_testing/install/canopen_interfaces/share/canopen_interfaces/cmake/canopen_interfaces__rosidl_typesupport_introspection_cppExport-noconfig.cmake
[24.629s] -- Installing: /root/ros2_testing/install/canopen_interfaces/share/canopen_interfaces/cmake/canopen_interfaces__rosidl_typesupport_cppExport.cmake
[24.630s] -- Installing: /root/ros2_testing/install/canopen_interfaces/share/canopen_interfaces/cmake/canopen_interfaces__rosidl_typesupport_cppExport-noconfig.cmake
[24.632s] -- Installing: /root/ros2_testing/install/canopen_interfaces/share/canopen_interfaces/cmake/export_canopen_interfaces__rosidl_generator_pyExport.cmake
[24.633s] -- Installing: /root/ros2_testing/install/canopen_interfaces/share/canopen_interfaces/cmake/export_canopen_interfaces__rosidl_generator_pyExport-noconfig.cmake
[24.634s] -- Installing: /root/ros2_testing/install/canopen_interfaces/share/canopen_interfaces/cmake/rosidl_cmake-extras.cmake
[24.634s] -- Installing: /root/ros2_testing/install/canopen_interfaces/share/canopen_interfaces/cmake/ament_cmake_export_include_directories-extras.cmake
[24.647s] -- Installing: /root/ros2_testing/install/canopen_interfaces/share/canopen_interfaces/cmake/ament_cmake_export_libraries-extras.cmake
[24.647s] -- Installing: /root/ros2_testing/install/canopen_interfaces/share/canopen_interfaces/cmake/ament_cmake_export_targets-extras.cmake
[24.649s] -- Installing: /root/ros2_testing/install/canopen_interfaces/share/canopen_interfaces/cmake/rosidl_cmake_export_typesupport_targets-extras.cmake
[24.649s] -- Installing: /root/ros2_testing/install/canopen_interfaces/share/canopen_interfaces/cmake/ament_cmake_export_dependencies-extras.cmake
[24.650s] -- Installing: /root/ros2_testing/install/canopen_interfaces/share/canopen_interfaces/cmake/rosidl_cmake_export_typesupport_libraries-extras.cmake
[24.651s] -- Installing: /root/ros2_testing/install/canopen_interfaces/share/canopen_interfaces/cmake/canopen_interfacesConfig.cmake
[24.651s] -- Installing: /root/ros2_testing/install/canopen_interfaces/share/canopen_interfaces/cmake/canopen_interfacesConfig-version.cmake
[24.651s] -- Installing: /root/ros2_testing/install/canopen_interfaces/share/canopen_interfaces/package.xml
[24.663s] Invoked command in '/root/ros2_testing/build/canopen_interfaces' returned '0': CMAKE_PREFIX_PATH=/opt/ros/humble /usr/bin/cmake --install /root/ros2_testing/build/canopen_interfaces
