[0.059s] Invoking command in '/root/ros2_testing/build/canopen_interfaces': CMAKE_PREFIX_PATH=/opt/ros/humble /usr/bin/cmake --build /root/ros2_testing/build/canopen_interfaces -- -j8 -l8
[0.209s] [  1%] Built target canopen_interfaces__cpp
[0.219s] [ 12%] Built target canopen_interfaces__rosidl_generator_c
[0.244s] [ 12%] Built target ament_cmake_python_copy_canopen_interfaces
[0.271s] [35m[1mConsolidate compiler generated dependencies of target canopen_interfaces__rosidl_typesupport_cpp[0m
[0.279s] [35m[1mConsolidate compiler generated dependencies of target canopen_interfaces__rosidl_typesupport_fastrtps_cpp[0m
[0.299s] [35m[1mConsolidate compiler generated dependencies of target canopen_interfaces__rosidl_typesupport_fastrtps_c[0m
[0.304s] [35m[1mConsolidate compiler generated dependencies of target canopen_interfaces__rosidl_typesupport_introspection_c[0m
[0.317s] [35m[1mConsolidate compiler generated dependencies of target canopen_interfaces__rosidl_typesupport_introspection_cpp[0m
[0.367s] [ 24%] Built target canopen_interfaces__rosidl_typesupport_c
[0.394s] [ 36%] Built target canopen_interfaces__rosidl_typesupport_fastrtps_cpp
[0.394s] [ 47%] Built target canopen_interfaces__rosidl_typesupport_cpp
[0.405s] [ 58%] Built target canopen_interfaces__rosidl_typesupport_introspection_c
[0.461s] [ 70%] Built target canopen_interfaces__rosidl_typesupport_introspection_cpp
[0.464s] [ 82%] Built target canopen_interfaces__rosidl_typesupport_fastrtps_c
[0.554s] [ 82%] Built target canopen_interfaces
[0.658s] [ 83%] Built target canopen_interfaces__py
[0.701s] [35m[1mConsolidate compiler generated dependencies of target canopen_interfaces__rosidl_generator_py[0m
[0.773s] [ 93%] Built target canopen_interfaces__rosidl_generator_py
[0.798s] [35m[1mConsolidate compiler generated dependencies of target canopen_interfaces__rosidl_typesupport_introspection_c__pyext[0m
[0.799s] [35m[1mConsolidate compiler generated dependencies of target canopen_interfaces__rosidl_typesupport_fastrtps_c__pyext[0m
[0.801s] [35m[1mConsolidate compiler generated dependencies of target canopen_interfaces__rosidl_typesupport_c__pyext[0m
[0.833s] [ 95%] Built target canopen_interfaces__rosidl_typesupport_fastrtps_c__pyext
[0.833s] [ 97%] Built target canopen_interfaces__rosidl_typesupport_introspection_c__pyext
[0.837s] [100%] Built target canopen_interfaces__rosidl_typesupport_c__pyext
[1.046s] running egg_info
[1.048s] writing canopen_interfaces.egg-info/PKG-INFO
[1.049s] writing dependency_links to canopen_interfaces.egg-info/dependency_links.txt
[1.049s] writing top-level names to canopen_interfaces.egg-info/top_level.txt
[1.064s] reading manifest file 'canopen_interfaces.egg-info/SOURCES.txt'
[1.066s] writing manifest file 'canopen_interfaces.egg-info/SOURCES.txt'
[1.134s] [100%] Built target ament_cmake_python_build_canopen_interfaces_egg
[1.171s] Invoked command in '/root/ros2_testing/build/canopen_interfaces' returned '0': CMAKE_PREFIX_PATH=/opt/ros/humble /usr/bin/cmake --build /root/ros2_testing/build/canopen_interfaces -- -j8 -l8
[1.803s] Invoking command in '/root/ros2_testing/build/canopen_interfaces': CMAKE_PREFIX_PATH=/opt/ros/humble /usr/bin/cmake --install /root/ros2_testing/build/canopen_interfaces
[1.820s] -- Install configuration: ""
[1.822s] -- Up-to-date: /root/ros2_testing/install/canopen_interfaces/share/ament_index/resource_index/rosidl_interfaces/canopen_interfaces
[1.823s] -- Up-to-date: /root/ros2_testing/install/canopen_interfaces/include/canopen_interfaces/canopen_interfaces
[1.824s] -- Up-to-date: /root/ros2_testing/install/canopen_interfaces/include/canopen_interfaces/canopen_interfaces/srv
[1.825s] -- Up-to-date: /root/ros2_testing/install/canopen_interfaces/include/canopen_interfaces/canopen_interfaces/srv/co_heartbeat_id.h
[1.825s] -- Up-to-date: /root/ros2_testing/install/canopen_interfaces/include/canopen_interfaces/canopen_interfaces/srv/detail
[1.826s] -- Up-to-date: /root/ros2_testing/install/canopen_interfaces/include/canopen_interfaces/canopen_interfaces/srv/detail/co_node__functions.c
[1.827s] -- Up-to-date: /root/ros2_testing/install/canopen_interfaces/include/canopen_interfaces/canopen_interfaces/srv/detail/co_read_id__functions.h
[1.827s] -- Up-to-date: /root/ros2_testing/install/canopen_interfaces/include/canopen_interfaces/canopen_interfaces/srv/detail/co_read__functions.c
[1.828s] -- Up-to-date: /root/ros2_testing/install/canopen_interfaces/include/canopen_interfaces/canopen_interfaces/srv/detail/co_read_id__functions.c
[1.829s] -- Up-to-date: /root/ros2_testing/install/canopen_interfaces/include/canopen_interfaces/canopen_interfaces/srv/detail/co_write_id__functions.c
[1.829s] -- Up-to-date: /root/ros2_testing/install/canopen_interfaces/include/canopen_interfaces/canopen_interfaces/srv/detail/co_write__struct.h
[1.830s] -- Up-to-date: /root/ros2_testing/install/canopen_interfaces/include/canopen_interfaces/canopen_interfaces/srv/detail/co_nmt_id__struct.h
[1.831s] -- Up-to-date: /root/ros2_testing/install/canopen_interfaces/include/canopen_interfaces/canopen_interfaces/srv/detail/co_heartbeat_id__struct.h
[1.832s] -- Up-to-date: /root/ros2_testing/install/canopen_interfaces/include/canopen_interfaces/canopen_interfaces/srv/detail/co_node__type_support.h
[1.832s] -- Up-to-date: /root/ros2_testing/install/canopen_interfaces/include/canopen_interfaces/canopen_interfaces/srv/detail/co_target_double__struct.h
[1.834s] -- Up-to-date: /root/ros2_testing/install/canopen_interfaces/include/canopen_interfaces/canopen_interfaces/srv/detail/co_target_double__type_support.h
[1.835s] -- Up-to-date: /root/ros2_testing/install/canopen_interfaces/include/canopen_interfaces/canopen_interfaces/srv/detail/co_node__struct.h
[1.838s] -- Up-to-date: /root/ros2_testing/install/canopen_interfaces/include/canopen_interfaces/canopen_interfaces/srv/detail/co_write_id__struct.h
[1.840s] -- Up-to-date: /root/ros2_testing/install/canopen_interfaces/include/canopen_interfaces/canopen_interfaces/srv/detail/co_target_double__functions.h
[1.841s] -- Up-to-date: /root/ros2_testing/install/canopen_interfaces/include/canopen_interfaces/canopen_interfaces/srv/detail/co_nmt_id__functions.h
[1.842s] -- Up-to-date: /root/ros2_testing/install/canopen_interfaces/include/canopen_interfaces/canopen_interfaces/srv/detail/co_read__type_support.h
[1.843s] -- Up-to-date: /root/ros2_testing/install/canopen_interfaces/include/canopen_interfaces/canopen_interfaces/srv/detail/co_heartbeat_id__functions.h
[1.843s] -- Up-to-date: /root/ros2_testing/install/canopen_interfaces/include/canopen_interfaces/canopen_interfaces/srv/detail/co_nmt_id__type_support.h
[1.844s] -- Up-to-date: /root/ros2_testing/install/canopen_interfaces/include/canopen_interfaces/canopen_interfaces/srv/detail/co_write_id__type_support.h
[1.845s] -- Up-to-date: /root/ros2_testing/install/canopen_interfaces/include/canopen_interfaces/canopen_interfaces/srv/detail/co_read_id__struct.h
[1.846s] -- Up-to-date: /root/ros2_testing/install/canopen_interfaces/include/canopen_interfaces/canopen_interfaces/srv/detail/co_write__functions.h
[1.847s] -- Up-to-date: /root/ros2_testing/install/canopen_interfaces/include/canopen_interfaces/canopen_interfaces/srv/detail/co_read_id__type_support.h
[1.847s] -- Up-to-date: /root/ros2_testing/install/canopen_interfaces/include/canopen_interfaces/canopen_interfaces/srv/detail/co_write__functions.c
[1.848s] -- Up-to-date: /root/ros2_testing/install/canopen_interfaces/include/canopen_interfaces/canopen_interfaces/srv/detail/co_node__functions.h
[1.848s] -- Up-to-date: /root/ros2_testing/install/canopen_interfaces/include/canopen_interfaces/canopen_interfaces/srv/detail/co_write_id__functions.h
[1.849s] -- Up-to-date: /root/ros2_testing/install/canopen_interfaces/include/canopen_interfaces/canopen_interfaces/srv/detail/co_read__functions.h
[1.850s] -- Up-to-date: /root/ros2_testing/install/canopen_interfaces/include/canopen_interfaces/canopen_interfaces/srv/detail/co_heartbeat_id__type_support.h
[1.851s] -- Up-to-date: /root/ros2_testing/install/canopen_interfaces/include/canopen_interfaces/canopen_interfaces/srv/detail/co_write__type_support.h
[1.852s] -- Up-to-date: /root/ros2_testing/install/canopen_interfaces/include/canopen_interfaces/canopen_interfaces/srv/detail/co_nmt_id__functions.c
[1.853s] -- Up-to-date: /root/ros2_testing/install/canopen_interfaces/include/canopen_interfaces/canopen_interfaces/srv/detail/co_read__struct.h
[1.855s] -- Up-to-date: /root/ros2_testing/install/canopen_interfaces/include/canopen_interfaces/canopen_interfaces/srv/detail/co_target_double__functions.c
[1.857s] -- Up-to-date: /root/ros2_testing/install/canopen_interfaces/include/canopen_interfaces/canopen_interfaces/srv/detail/co_heartbeat_id__functions.c
[1.859s] -- Up-to-date: /root/ros2_testing/install/canopen_interfaces/include/canopen_interfaces/canopen_interfaces/srv/co_write.h
[1.861s] -- Up-to-date: /root/ros2_testing/install/canopen_interfaces/include/canopen_interfaces/canopen_interfaces/srv/co_node.h
[1.862s] -- Up-to-date: /root/ros2_testing/install/canopen_interfaces/include/canopen_interfaces/canopen_interfaces/srv/co_read_id.h
[1.863s] -- Up-to-date: /root/ros2_testing/install/canopen_interfaces/include/canopen_interfaces/canopen_interfaces/srv/co_read.h
[1.863s] -- Up-to-date: /root/ros2_testing/install/canopen_interfaces/include/canopen_interfaces/canopen_interfaces/srv/co_target_double.h
[1.864s] -- Up-to-date: /root/ros2_testing/install/canopen_interfaces/include/canopen_interfaces/canopen_interfaces/srv/co_nmt_id.h
[1.865s] -- Up-to-date: /root/ros2_testing/install/canopen_interfaces/include/canopen_interfaces/canopen_interfaces/srv/co_write_id.h
[1.865s] -- Up-to-date: /root/ros2_testing/install/canopen_interfaces/include/canopen_interfaces/canopen_interfaces/msg
[1.865s] -- Up-to-date: /root/ros2_testing/install/canopen_interfaces/include/canopen_interfaces/canopen_interfaces/msg/detail
[1.866s] -- Up-to-date: /root/ros2_testing/install/canopen_interfaces/include/canopen_interfaces/canopen_interfaces/msg/detail/co_data__functions.c
[1.866s] -- Up-to-date: /root/ros2_testing/install/canopen_interfaces/include/canopen_interfaces/canopen_interfaces/msg/detail/co_data__type_support.h
[1.866s] -- Up-to-date: /root/ros2_testing/install/canopen_interfaces/include/canopen_interfaces/canopen_interfaces/msg/detail/co_data__struct.h
[1.866s] -- Up-to-date: /root/ros2_testing/install/canopen_interfaces/include/canopen_interfaces/canopen_interfaces/msg/detail/co_data__functions.h
[1.867s] -- Up-to-date: /root/ros2_testing/install/canopen_interfaces/include/canopen_interfaces/canopen_interfaces/msg/rosidl_generator_c__visibility_control.h
[1.867s] -- Up-to-date: /root/ros2_testing/install/canopen_interfaces/include/canopen_interfaces/canopen_interfaces/msg/co_data.h
[1.867s] -- Up-to-date: /root/ros2_testing/install/canopen_interfaces/share/canopen_interfaces/environment/library_path.sh
[1.867s] -- Up-to-date: /root/ros2_testing/install/canopen_interfaces/share/canopen_interfaces/environment/library_path.dsv
[1.867s] -- Up-to-date: /root/ros2_testing/install/canopen_interfaces/lib/libcanopen_interfaces__rosidl_generator_c.so
[1.868s] -- Up-to-date: /root/ros2_testing/install/canopen_interfaces/include/canopen_interfaces/canopen_interfaces
[1.868s] -- Up-to-date: /root/ros2_testing/install/canopen_interfaces/include/canopen_interfaces/canopen_interfaces/srv
[1.869s] -- Up-to-date: /root/ros2_testing/install/canopen_interfaces/include/canopen_interfaces/canopen_interfaces/srv/detail
[1.869s] -- Up-to-date: /root/ros2_testing/install/canopen_interfaces/include/canopen_interfaces/canopen_interfaces/srv/detail/co_node__rosidl_typesupport_fastrtps_c.h
[1.869s] -- Up-to-date: /root/ros2_testing/install/canopen_interfaces/include/canopen_interfaces/canopen_interfaces/srv/detail/co_read_id__rosidl_typesupport_fastrtps_c.h
[1.870s] -- Up-to-date: /root/ros2_testing/install/canopen_interfaces/include/canopen_interfaces/canopen_interfaces/srv/detail/co_target_double__rosidl_typesupport_fastrtps_c.h
[1.870s] -- Up-to-date: /root/ros2_testing/install/canopen_interfaces/include/canopen_interfaces/canopen_interfaces/srv/detail/co_write__rosidl_typesupport_fastrtps_c.h
[1.870s] -- Up-to-date: /root/ros2_testing/install/canopen_interfaces/include/canopen_interfaces/canopen_interfaces/srv/detail/co_read__rosidl_typesupport_fastrtps_c.h
[1.871s] -- Up-to-date: /root/ros2_testing/install/canopen_interfaces/include/canopen_interfaces/canopen_interfaces/srv/detail/co_write_id__rosidl_typesupport_fastrtps_c.h
[1.872s] -- Up-to-date: /root/ros2_testing/install/canopen_interfaces/include/canopen_interfaces/canopen_interfaces/srv/detail/co_nmt_id__rosidl_typesupport_fastrtps_c.h
[1.872s] -- Up-to-date: /root/ros2_testing/install/canopen_interfaces/include/canopen_interfaces/canopen_interfaces/srv/detail/co_heartbeat_id__rosidl_typesupport_fastrtps_c.h
[1.873s] -- Up-to-date: /root/ros2_testing/install/canopen_interfaces/include/canopen_interfaces/canopen_interfaces/msg
[1.873s] -- Up-to-date: /root/ros2_testing/install/canopen_interfaces/include/canopen_interfaces/canopen_interfaces/msg/detail
[1.873s] -- Up-to-date: /root/ros2_testing/install/canopen_interfaces/include/canopen_interfaces/canopen_interfaces/msg/detail/co_data__rosidl_typesupport_fastrtps_c.h
[1.874s] -- Up-to-date: /root/ros2_testing/install/canopen_interfaces/include/canopen_interfaces/canopen_interfaces/msg/rosidl_typesupport_fastrtps_c__visibility_control.h
[1.874s] -- Up-to-date: /root/ros2_testing/install/canopen_interfaces/lib/libcanopen_interfaces__rosidl_typesupport_fastrtps_c.so
[1.874s] -- Up-to-date: /root/ros2_testing/install/canopen_interfaces/include/canopen_interfaces/canopen_interfaces
[1.875s] -- Up-to-date: /root/ros2_testing/install/canopen_interfaces/include/canopen_interfaces/canopen_interfaces/srv
[1.875s] -- Up-to-date: /root/ros2_testing/install/canopen_interfaces/include/canopen_interfaces/canopen_interfaces/srv/detail
[1.876s] -- Up-to-date: /root/ros2_testing/install/canopen_interfaces/include/canopen_interfaces/canopen_interfaces/srv/detail/co_node__type_support.c
[1.876s] -- Up-to-date: /root/ros2_testing/install/canopen_interfaces/include/canopen_interfaces/canopen_interfaces/srv/detail/co_node__rosidl_typesupport_introspection_c.h
[1.876s] -- Up-to-date: /root/ros2_testing/install/canopen_interfaces/include/canopen_interfaces/canopen_interfaces/srv/detail/co_target_double__type_support.c
[1.877s] -- Up-to-date: /root/ros2_testing/install/canopen_interfaces/include/canopen_interfaces/canopen_interfaces/srv/detail/co_target_double__rosidl_typesupport_introspection_c.h
[1.877s] -- Up-to-date: /root/ros2_testing/install/canopen_interfaces/include/canopen_interfaces/canopen_interfaces/srv/detail/co_write_id__type_support.c
[1.878s] -- Up-to-date: /root/ros2_testing/install/canopen_interfaces/include/canopen_interfaces/canopen_interfaces/srv/detail/co_write__type_support.c
[1.878s] -- Up-to-date: /root/ros2_testing/install/canopen_interfaces/include/canopen_interfaces/canopen_interfaces/srv/detail/co_read_id__rosidl_typesupport_introspection_c.h
[1.884s] -- Up-to-date: /root/ros2_testing/install/canopen_interfaces/include/canopen_interfaces/canopen_interfaces/srv/detail/co_read__rosidl_typesupport_introspection_c.h
[1.884s] -- Up-to-date: /root/ros2_testing/install/canopen_interfaces/include/canopen_interfaces/canopen_interfaces/srv/detail/co_nmt_id__type_support.c
[1.885s] -- Up-to-date: /root/ros2_testing/install/canopen_interfaces/include/canopen_interfaces/canopen_interfaces/srv/detail/co_read_id__type_support.c
[1.885s] -- Up-to-date: /root/ros2_testing/install/canopen_interfaces/include/canopen_interfaces/canopen_interfaces/srv/detail/co_heartbeat_id__type_support.c
[1.885s] -- Up-to-date: /root/ros2_testing/install/canopen_interfaces/include/canopen_interfaces/canopen_interfaces/srv/detail/co_write__rosidl_typesupport_introspection_c.h
[1.885s] -- Up-to-date: /root/ros2_testing/install/canopen_interfaces/include/canopen_interfaces/canopen_interfaces/srv/detail/co_nmt_id__rosidl_typesupport_introspection_c.h
[1.885s] -- Up-to-date: /root/ros2_testing/install/canopen_interfaces/include/canopen_interfaces/canopen_interfaces/srv/detail/co_write_id__rosidl_typesupport_introspection_c.h
[1.885s] -- Up-to-date: /root/ros2_testing/install/canopen_interfaces/include/canopen_interfaces/canopen_interfaces/srv/detail/co_heartbeat_id__rosidl_typesupport_introspection_c.h
[1.886s] -- Up-to-date: /root/ros2_testing/install/canopen_interfaces/include/canopen_interfaces/canopen_interfaces/srv/detail/co_read__type_support.c
[1.886s] -- Up-to-date: /root/ros2_testing/install/canopen_interfaces/include/canopen_interfaces/canopen_interfaces/msg
[1.886s] -- Up-to-date: /root/ros2_testing/install/canopen_interfaces/include/canopen_interfaces/canopen_interfaces/msg/detail
[1.886s] -- Up-to-date: /root/ros2_testing/install/canopen_interfaces/include/canopen_interfaces/canopen_interfaces/msg/detail/co_data__type_support.c
[1.886s] -- Up-to-date: /root/ros2_testing/install/canopen_interfaces/include/canopen_interfaces/canopen_interfaces/msg/detail/co_data__rosidl_typesupport_introspection_c.h
[1.887s] -- Up-to-date: /root/ros2_testing/install/canopen_interfaces/include/canopen_interfaces/canopen_interfaces/msg/rosidl_typesupport_introspection_c__visibility_control.h
[1.887s] -- Up-to-date: /root/ros2_testing/install/canopen_interfaces/lib/libcanopen_interfaces__rosidl_typesupport_introspection_c.so
[1.890s] -- Up-to-date: /root/ros2_testing/install/canopen_interfaces/lib/libcanopen_interfaces__rosidl_typesupport_c.so
[1.891s] -- Up-to-date: /root/ros2_testing/install/canopen_interfaces/include/canopen_interfaces/canopen_interfaces
[1.892s] -- Up-to-date: /root/ros2_testing/install/canopen_interfaces/include/canopen_interfaces/canopen_interfaces/srv
[1.892s] -- Up-to-date: /root/ros2_testing/install/canopen_interfaces/include/canopen_interfaces/canopen_interfaces/srv/co_write.hpp
[1.893s] -- Up-to-date: /root/ros2_testing/install/canopen_interfaces/include/canopen_interfaces/canopen_interfaces/srv/detail
[1.893s] -- Up-to-date: /root/ros2_testing/install/canopen_interfaces/include/canopen_interfaces/canopen_interfaces/srv/detail/co_write__traits.hpp
[1.893s] -- Up-to-date: /root/ros2_testing/install/canopen_interfaces/include/canopen_interfaces/canopen_interfaces/srv/detail/co_node__builder.hpp
[1.894s] -- Up-to-date: /root/ros2_testing/install/canopen_interfaces/include/canopen_interfaces/canopen_interfaces/srv/detail/co_heartbeat_id__builder.hpp
[1.894s] -- Up-to-date: /root/ros2_testing/install/canopen_interfaces/include/canopen_interfaces/canopen_interfaces/srv/detail/co_read_id__struct.hpp
[1.894s] -- Up-to-date: /root/ros2_testing/install/canopen_interfaces/include/canopen_interfaces/canopen_interfaces/srv/detail/co_heartbeat_id__traits.hpp
[1.895s] -- Up-to-date: /root/ros2_testing/install/canopen_interfaces/include/canopen_interfaces/canopen_interfaces/srv/detail/co_node__struct.hpp
[1.895s] -- Up-to-date: /root/ros2_testing/install/canopen_interfaces/include/canopen_interfaces/canopen_interfaces/srv/detail/co_write_id__struct.hpp
[1.895s] -- Up-to-date: /root/ros2_testing/install/canopen_interfaces/include/canopen_interfaces/canopen_interfaces/srv/detail/co_write__struct.hpp
[1.895s] -- Up-to-date: /root/ros2_testing/install/canopen_interfaces/include/canopen_interfaces/canopen_interfaces/srv/detail/co_target_double__builder.hpp
[1.896s] -- Up-to-date: /root/ros2_testing/install/canopen_interfaces/include/canopen_interfaces/canopen_interfaces/srv/detail/co_read__builder.hpp
[1.896s] -- Up-to-date: /root/ros2_testing/install/canopen_interfaces/include/canopen_interfaces/canopen_interfaces/srv/detail/co_nmt_id__traits.hpp
[1.896s] -- Up-to-date: /root/ros2_testing/install/canopen_interfaces/include/canopen_interfaces/canopen_interfaces/srv/detail/co_write_id__traits.hpp
[1.897s] -- Up-to-date: /root/ros2_testing/install/canopen_interfaces/include/canopen_interfaces/canopen_interfaces/srv/detail/co_nmt_id__builder.hpp
[1.897s] -- Up-to-date: /root/ros2_testing/install/canopen_interfaces/include/canopen_interfaces/canopen_interfaces/srv/detail/co_write__builder.hpp
[1.897s] -- Up-to-date: /root/ros2_testing/install/canopen_interfaces/include/canopen_interfaces/canopen_interfaces/srv/detail/co_read_id__builder.hpp
[1.898s] -- Up-to-date: /root/ros2_testing/install/canopen_interfaces/include/canopen_interfaces/canopen_interfaces/srv/detail/co_nmt_id__struct.hpp
[1.898s] -- Up-to-date: /root/ros2_testing/install/canopen_interfaces/include/canopen_interfaces/canopen_interfaces/srv/detail/co_node__traits.hpp
[1.898s] -- Up-to-date: /root/ros2_testing/install/canopen_interfaces/include/canopen_interfaces/canopen_interfaces/srv/detail/co_target_double__struct.hpp
[1.903s] -- Up-to-date: /root/ros2_testing/install/canopen_interfaces/include/canopen_interfaces/canopen_interfaces/srv/detail/co_heartbeat_id__struct.hpp
[1.903s] -- Up-to-date: /root/ros2_testing/install/canopen_interfaces/include/canopen_interfaces/canopen_interfaces/srv/detail/co_read__traits.hpp
[1.904s] -- Up-to-date: /root/ros2_testing/install/canopen_interfaces/include/canopen_interfaces/canopen_interfaces/srv/detail/co_target_double__traits.hpp
[1.904s] -- Up-to-date: /root/ros2_testing/install/canopen_interfaces/include/canopen_interfaces/canopen_interfaces/srv/detail/co_read__struct.hpp
[1.904s] -- Up-to-date: /root/ros2_testing/install/canopen_interfaces/include/canopen_interfaces/canopen_interfaces/srv/detail/co_write_id__builder.hpp
[1.905s] -- Up-to-date: /root/ros2_testing/install/canopen_interfaces/include/canopen_interfaces/canopen_interfaces/srv/detail/co_read_id__traits.hpp
[1.905s] -- Up-to-date: /root/ros2_testing/install/canopen_interfaces/include/canopen_interfaces/canopen_interfaces/srv/co_heartbeat_id.hpp
[1.905s] -- Up-to-date: /root/ros2_testing/install/canopen_interfaces/include/canopen_interfaces/canopen_interfaces/srv/co_write_id.hpp
[1.906s] -- Up-to-date: /root/ros2_testing/install/canopen_interfaces/include/canopen_interfaces/canopen_interfaces/srv/co_read_id.hpp
[1.906s] -- Up-to-date: /root/ros2_testing/install/canopen_interfaces/include/canopen_interfaces/canopen_interfaces/srv/co_read.hpp
[1.906s] -- Up-to-date: /root/ros2_testing/install/canopen_interfaces/include/canopen_interfaces/canopen_interfaces/srv/co_target_double.hpp
[1.907s] -- Up-to-date: /root/ros2_testing/install/canopen_interfaces/include/canopen_interfaces/canopen_interfaces/srv/co_nmt_id.hpp
[1.907s] -- Up-to-date: /root/ros2_testing/install/canopen_interfaces/include/canopen_interfaces/canopen_interfaces/srv/co_node.hpp
[1.907s] -- Up-to-date: /root/ros2_testing/install/canopen_interfaces/include/canopen_interfaces/canopen_interfaces/msg
[1.907s] -- Up-to-date: /root/ros2_testing/install/canopen_interfaces/include/canopen_interfaces/canopen_interfaces/msg/co_data.hpp
[1.908s] -- Up-to-date: /root/ros2_testing/install/canopen_interfaces/include/canopen_interfaces/canopen_interfaces/msg/detail
[1.908s] -- Up-to-date: /root/ros2_testing/install/canopen_interfaces/include/canopen_interfaces/canopen_interfaces/msg/detail/co_data__builder.hpp
[1.908s] -- Up-to-date: /root/ros2_testing/install/canopen_interfaces/include/canopen_interfaces/canopen_interfaces/msg/detail/co_data__struct.hpp
[1.909s] -- Up-to-date: /root/ros2_testing/install/canopen_interfaces/include/canopen_interfaces/canopen_interfaces/msg/detail/co_data__traits.hpp
[1.909s] -- Up-to-date: /root/ros2_testing/install/canopen_interfaces/include/canopen_interfaces/canopen_interfaces
[1.909s] -- Up-to-date: /root/ros2_testing/install/canopen_interfaces/include/canopen_interfaces/canopen_interfaces/srv
[1.912s] -- Up-to-date: /root/ros2_testing/install/canopen_interfaces/include/canopen_interfaces/canopen_interfaces/srv/detail
[1.914s] -- Up-to-date: /root/ros2_testing/install/canopen_interfaces/include/canopen_interfaces/canopen_interfaces/srv/detail/co_read__rosidl_typesupport_fastrtps_cpp.hpp
[1.914s] -- Up-to-date: /root/ros2_testing/install/canopen_interfaces/include/canopen_interfaces/canopen_interfaces/srv/detail/dds_fastrtps
[1.914s] -- Up-to-date: /root/ros2_testing/install/canopen_interfaces/include/canopen_interfaces/canopen_interfaces/srv/detail/co_write__rosidl_typesupport_fastrtps_cpp.hpp
[1.915s] -- Up-to-date: /root/ros2_testing/install/canopen_interfaces/include/canopen_interfaces/canopen_interfaces/srv/detail/co_target_double__rosidl_typesupport_fastrtps_cpp.hpp
[1.916s] -- Up-to-date: /root/ros2_testing/install/canopen_interfaces/include/canopen_interfaces/canopen_interfaces/srv/detail/co_read_id__rosidl_typesupport_fastrtps_cpp.hpp
[1.917s] -- Up-to-date: /root/ros2_testing/install/canopen_interfaces/include/canopen_interfaces/canopen_interfaces/srv/detail/co_node__rosidl_typesupport_fastrtps_cpp.hpp
[1.918s] -- Up-to-date: /root/ros2_testing/install/canopen_interfaces/include/canopen_interfaces/canopen_interfaces/srv/detail/co_heartbeat_id__rosidl_typesupport_fastrtps_cpp.hpp
[1.918s] -- Up-to-date: /root/ros2_testing/install/canopen_interfaces/include/canopen_interfaces/canopen_interfaces/srv/detail/co_write_id__rosidl_typesupport_fastrtps_cpp.hpp
[1.918s] -- Up-to-date: /root/ros2_testing/install/canopen_interfaces/include/canopen_interfaces/canopen_interfaces/srv/detail/co_nmt_id__rosidl_typesupport_fastrtps_cpp.hpp
[1.918s] -- Up-to-date: /root/ros2_testing/install/canopen_interfaces/include/canopen_interfaces/canopen_interfaces/msg
[1.918s] -- Up-to-date: /root/ros2_testing/install/canopen_interfaces/include/canopen_interfaces/canopen_interfaces/msg/detail
[1.919s] -- Up-to-date: /root/ros2_testing/install/canopen_interfaces/include/canopen_interfaces/canopen_interfaces/msg/detail/dds_fastrtps
[1.919s] -- Up-to-date: /root/ros2_testing/install/canopen_interfaces/include/canopen_interfaces/canopen_interfaces/msg/detail/co_data__rosidl_typesupport_fastrtps_cpp.hpp
[1.919s] -- Up-to-date: /root/ros2_testing/install/canopen_interfaces/include/canopen_interfaces/canopen_interfaces/msg/rosidl_typesupport_fastrtps_cpp__visibility_control.h
[1.919s] -- Up-to-date: /root/ros2_testing/install/canopen_interfaces/lib/libcanopen_interfaces__rosidl_typesupport_fastrtps_cpp.so
[1.920s] -- Up-to-date: /root/ros2_testing/install/canopen_interfaces/include/canopen_interfaces/canopen_interfaces
[1.920s] -- Up-to-date: /root/ros2_testing/install/canopen_interfaces/include/canopen_interfaces/canopen_interfaces/srv
[1.920s] -- Up-to-date: /root/ros2_testing/install/canopen_interfaces/include/canopen_interfaces/canopen_interfaces/srv/detail
[1.921s] -- Up-to-date: /root/ros2_testing/install/canopen_interfaces/include/canopen_interfaces/canopen_interfaces/srv/detail/co_read_id__rosidl_typesupport_introspection_cpp.hpp
[1.921s] -- Up-to-date: /root/ros2_testing/install/canopen_interfaces/include/canopen_interfaces/canopen_interfaces/srv/detail/co_read_id__type_support.cpp
[1.921s] -- Up-to-date: /root/ros2_testing/install/canopen_interfaces/include/canopen_interfaces/canopen_interfaces/srv/detail/co_target_double__rosidl_typesupport_introspection_cpp.hpp
[1.922s] -- Up-to-date: /root/ros2_testing/install/canopen_interfaces/include/canopen_interfaces/canopen_interfaces/srv/detail/co_write__type_support.cpp
[1.922s] -- Up-to-date: /root/ros2_testing/install/canopen_interfaces/include/canopen_interfaces/canopen_interfaces/srv/detail/co_read__type_support.cpp
[1.922s] -- Up-to-date: /root/ros2_testing/install/canopen_interfaces/include/canopen_interfaces/canopen_interfaces/srv/detail/co_nmt_id__type_support.cpp
[1.923s] -- Up-to-date: /root/ros2_testing/install/canopen_interfaces/include/canopen_interfaces/canopen_interfaces/srv/detail/co_heartbeat_id__type_support.cpp
[1.923s] -- Up-to-date: /root/ros2_testing/install/canopen_interfaces/include/canopen_interfaces/canopen_interfaces/srv/detail/co_write__rosidl_typesupport_introspection_cpp.hpp
[1.923s] -- Up-to-date: /root/ros2_testing/install/canopen_interfaces/include/canopen_interfaces/canopen_interfaces/srv/detail/co_write_id__type_support.cpp
[1.924s] -- Up-to-date: /root/ros2_testing/install/canopen_interfaces/include/canopen_interfaces/canopen_interfaces/srv/detail/co_node__type_support.cpp
[1.924s] -- Up-to-date: /root/ros2_testing/install/canopen_interfaces/include/canopen_interfaces/canopen_interfaces/srv/detail/co_node__rosidl_typesupport_introspection_cpp.hpp
[1.925s] -- Up-to-date: /root/ros2_testing/install/canopen_interfaces/include/canopen_interfaces/canopen_interfaces/srv/detail/co_target_double__type_support.cpp
[1.925s] -- Up-to-date: /root/ros2_testing/install/canopen_interfaces/include/canopen_interfaces/canopen_interfaces/srv/detail/co_read__rosidl_typesupport_introspection_cpp.hpp
[1.926s] -- Up-to-date: /root/ros2_testing/install/canopen_interfaces/include/canopen_interfaces/canopen_interfaces/srv/detail/co_heartbeat_id__rosidl_typesupport_introspection_cpp.hpp
[1.926s] -- Up-to-date: /root/ros2_testing/install/canopen_interfaces/include/canopen_interfaces/canopen_interfaces/srv/detail/co_write_id__rosidl_typesupport_introspection_cpp.hpp
[1.926s] -- Up-to-date: /root/ros2_testing/install/canopen_interfaces/include/canopen_interfaces/canopen_interfaces/srv/detail/co_nmt_id__rosidl_typesupport_introspection_cpp.hpp
[1.926s] -- Up-to-date: /root/ros2_testing/install/canopen_interfaces/include/canopen_interfaces/canopen_interfaces/msg
[1.927s] -- Up-to-date: /root/ros2_testing/install/canopen_interfaces/include/canopen_interfaces/canopen_interfaces/msg/detail
[1.927s] -- Up-to-date: /root/ros2_testing/install/canopen_interfaces/include/canopen_interfaces/canopen_interfaces/msg/detail/co_data__type_support.cpp
[1.927s] -- Up-to-date: /root/ros2_testing/install/canopen_interfaces/include/canopen_interfaces/canopen_interfaces/msg/detail/co_data__rosidl_typesupport_introspection_cpp.hpp
[1.933s] -- Up-to-date: /root/ros2_testing/install/canopen_interfaces/lib/libcanopen_interfaces__rosidl_typesupport_introspection_cpp.so
[1.933s] -- Up-to-date: /root/ros2_testing/install/canopen_interfaces/lib/libcanopen_interfaces__rosidl_typesupport_cpp.so
[1.934s] -- Up-to-date: /root/ros2_testing/install/canopen_interfaces/share/canopen_interfaces/environment/pythonpath.sh
[1.934s] -- Up-to-date: /root/ros2_testing/install/canopen_interfaces/share/canopen_interfaces/environment/pythonpath.dsv
[1.935s] -- Up-to-date: /root/ros2_testing/install/canopen_interfaces/local/lib/python3.10/dist-packages/canopen_interfaces-0.0.1-py3.10.egg-info
[1.936s] -- Installing: /root/ros2_testing/install/canopen_interfaces/local/lib/python3.10/dist-packages/canopen_interfaces-0.0.1-py3.10.egg-info/top_level.txt
[1.938s] -- Installing: /root/ros2_testing/install/canopen_interfaces/local/lib/python3.10/dist-packages/canopen_interfaces-0.0.1-py3.10.egg-info/dependency_links.txt
[1.939s] -- Installing: /root/ros2_testing/install/canopen_interfaces/local/lib/python3.10/dist-packages/canopen_interfaces-0.0.1-py3.10.egg-info/PKG-INFO
[1.945s] -- Installing: /root/ros2_testing/install/canopen_interfaces/local/lib/python3.10/dist-packages/canopen_interfaces-0.0.1-py3.10.egg-info/SOURCES.txt
[1.947s] -- Up-to-date: /root/ros2_testing/install/canopen_interfaces/local/lib/python3.10/dist-packages/canopen_interfaces
[1.948s] -- Up-to-date: /root/ros2_testing/install/canopen_interfaces/local/lib/python3.10/dist-packages/canopen_interfaces/__init__.py
[1.948s] -- Up-to-date: /root/ros2_testing/install/canopen_interfaces/local/lib/python3.10/dist-packages/canopen_interfaces/canopen_interfaces_s__rosidl_typesupport_c.cpython-310-x86_64-linux-gnu.so
[1.948s] -- Up-to-date: /root/ros2_testing/install/canopen_interfaces/local/lib/python3.10/dist-packages/canopen_interfaces/_canopen_interfaces_s.ep.rosidl_typesupport_c.c
[1.949s] -- Up-to-date: /root/ros2_testing/install/canopen_interfaces/local/lib/python3.10/dist-packages/canopen_interfaces/srv
[1.949s] -- Up-to-date: /root/ros2_testing/install/canopen_interfaces/local/lib/python3.10/dist-packages/canopen_interfaces/srv/__init__.py
[1.949s] -- Up-to-date: /root/ros2_testing/install/canopen_interfaces/local/lib/python3.10/dist-packages/canopen_interfaces/srv/_co_heartbeat_id_s.c
[1.952s] -- Up-to-date: /root/ros2_testing/install/canopen_interfaces/local/lib/python3.10/dist-packages/canopen_interfaces/srv/_co_target_double.py
[1.952s] -- Up-to-date: /root/ros2_testing/install/canopen_interfaces/local/lib/python3.10/dist-packages/canopen_interfaces/srv/_co_read_s.c
[1.952s] -- Up-to-date: /root/ros2_testing/install/canopen_interfaces/local/lib/python3.10/dist-packages/canopen_interfaces/srv/_co_write_id_s.c
[1.952s] -- Up-to-date: /root/ros2_testing/install/canopen_interfaces/local/lib/python3.10/dist-packages/canopen_interfaces/srv/_co_heartbeat_id.py
[1.952s] -- Up-to-date: /root/ros2_testing/install/canopen_interfaces/local/lib/python3.10/dist-packages/canopen_interfaces/srv/_co_read_id.py
[1.953s] -- Up-to-date: /root/ros2_testing/install/canopen_interfaces/local/lib/python3.10/dist-packages/canopen_interfaces/srv/_co_nmt_id_s.c
[1.953s] -- Up-to-date: /root/ros2_testing/install/canopen_interfaces/local/lib/python3.10/dist-packages/canopen_interfaces/srv/_co_write.py
[1.953s] -- Up-to-date: /root/ros2_testing/install/canopen_interfaces/local/lib/python3.10/dist-packages/canopen_interfaces/srv/_co_write_s.c
[1.953s] -- Up-to-date: /root/ros2_testing/install/canopen_interfaces/local/lib/python3.10/dist-packages/canopen_interfaces/srv/_co_read_id_s.c
[1.954s] -- Up-to-date: /root/ros2_testing/install/canopen_interfaces/local/lib/python3.10/dist-packages/canopen_interfaces/srv/_co_write_id.py
[1.954s] -- Up-to-date: /root/ros2_testing/install/canopen_interfaces/local/lib/python3.10/dist-packages/canopen_interfaces/srv/_co_nmt_id.py
[1.957s] -- Up-to-date: /root/ros2_testing/install/canopen_interfaces/local/lib/python3.10/dist-packages/canopen_interfaces/srv/_co_target_double_s.c
[1.960s] -- Up-to-date: /root/ros2_testing/install/canopen_interfaces/local/lib/python3.10/dist-packages/canopen_interfaces/srv/_co_read.py
[1.960s] -- Up-to-date: /root/ros2_testing/install/canopen_interfaces/local/lib/python3.10/dist-packages/canopen_interfaces/srv/_co_node_s.c
[1.960s] -- Up-to-date: /root/ros2_testing/install/canopen_interfaces/local/lib/python3.10/dist-packages/canopen_interfaces/srv/_co_node.py
[1.961s] -- Up-to-date: /root/ros2_testing/install/canopen_interfaces/local/lib/python3.10/dist-packages/canopen_interfaces/msg
[1.961s] -- Up-to-date: /root/ros2_testing/install/canopen_interfaces/local/lib/python3.10/dist-packages/canopen_interfaces/msg/__init__.py
[1.961s] -- Up-to-date: /root/ros2_testing/install/canopen_interfaces/local/lib/python3.10/dist-packages/canopen_interfaces/msg/_co_data_s.c
[1.962s] -- Up-to-date: /root/ros2_testing/install/canopen_interfaces/local/lib/python3.10/dist-packages/canopen_interfaces/msg/_co_data.py
[1.962s] -- Up-to-date: /root/ros2_testing/install/canopen_interfaces/local/lib/python3.10/dist-packages/canopen_interfaces/canopen_interfaces_s__rosidl_typesupport_introspection_c.cpython-310-x86_64-linux-gnu.so
[1.962s] -- Up-to-date: /root/ros2_testing/install/canopen_interfaces/local/lib/python3.10/dist-packages/canopen_interfaces/libcanopen_interfaces__rosidl_generator_py.so
[1.963s] -- Up-to-date: /root/ros2_testing/install/canopen_interfaces/local/lib/python3.10/dist-packages/canopen_interfaces/canopen_interfaces_s__rosidl_typesupport_fastrtps_c.cpython-310-x86_64-linux-gnu.so
[1.963s] -- Up-to-date: /root/ros2_testing/install/canopen_interfaces/local/lib/python3.10/dist-packages/canopen_interfaces/_canopen_interfaces_s.ep.rosidl_typesupport_fastrtps_c.c
[1.964s] -- Up-to-date: /root/ros2_testing/install/canopen_interfaces/local/lib/python3.10/dist-packages/canopen_interfaces/_canopen_interfaces_s.ep.rosidl_typesupport_introspection_c.c
[1.994s] Listing '/root/ros2_testing/install/canopen_interfaces/local/lib/python3.10/dist-packages/canopen_interfaces'...
[1.994s] Listing '/root/ros2_testing/install/canopen_interfaces/local/lib/python3.10/dist-packages/canopen_interfaces/msg'...
[1.994s] Listing '/root/ros2_testing/install/canopen_interfaces/local/lib/python3.10/dist-packages/canopen_interfaces/srv'...
[1.995s] -- Up-to-date: /root/ros2_testing/install/canopen_interfaces/local/lib/python3.10/dist-packages/canopen_interfaces/canopen_interfaces_s__rosidl_typesupport_fastrtps_c.cpython-310-x86_64-linux-gnu.so
[1.995s] -- Up-to-date: /root/ros2_testing/install/canopen_interfaces/local/lib/python3.10/dist-packages/canopen_interfaces/canopen_interfaces_s__rosidl_typesupport_introspection_c.cpython-310-x86_64-linux-gnu.so
[1.995s] -- Up-to-date: /root/ros2_testing/install/canopen_interfaces/local/lib/python3.10/dist-packages/canopen_interfaces/canopen_interfaces_s__rosidl_typesupport_c.cpython-310-x86_64-linux-gnu.so
[1.996s] -- Up-to-date: /root/ros2_testing/install/canopen_interfaces/lib/libcanopen_interfaces__rosidl_generator_py.so
[1.996s] -- Up-to-date: /root/ros2_testing/install/canopen_interfaces/share/canopen_interfaces/srv/COHeartbeatID.idl
[1.996s] -- Up-to-date: /root/ros2_testing/install/canopen_interfaces/share/canopen_interfaces/srv/CONmtID.idl
[1.997s] -- Up-to-date: /root/ros2_testing/install/canopen_interfaces/share/canopen_interfaces/srv/CORead.idl
[1.998s] -- Up-to-date: /root/ros2_testing/install/canopen_interfaces/share/canopen_interfaces/srv/COReadID.idl
[1.998s] -- Up-to-date: /root/ros2_testing/install/canopen_interfaces/share/canopen_interfaces/srv/COWrite.idl
[1.999s] -- Up-to-date: /root/ros2_testing/install/canopen_interfaces/share/canopen_interfaces/srv/COWriteID.idl
[1.999s] -- Up-to-date: /root/ros2_testing/install/canopen_interfaces/share/canopen_interfaces/srv/COTargetDouble.idl
[1.999s] -- Up-to-date: /root/ros2_testing/install/canopen_interfaces/share/canopen_interfaces/srv/CONode.idl
[2.000s] -- Up-to-date: /root/ros2_testing/install/canopen_interfaces/share/canopen_interfaces/msg/COData.idl
[2.000s] -- Up-to-date: /root/ros2_testing/install/canopen_interfaces/share/canopen_interfaces/srv/COHeartbeatID.srv
[2.001s] -- Up-to-date: /root/ros2_testing/install/canopen_interfaces/share/canopen_interfaces/srv/COHeartbeatID_Request.msg
[2.001s] -- Up-to-date: /root/ros2_testing/install/canopen_interfaces/share/canopen_interfaces/srv/COHeartbeatID_Response.msg
[2.002s] -- Up-to-date: /root/ros2_testing/install/canopen_interfaces/share/canopen_interfaces/srv/CONmtID.srv
[2.003s] -- Up-to-date: /root/ros2_testing/install/canopen_interfaces/share/canopen_interfaces/srv/CONmtID_Request.msg
[2.004s] -- Up-to-date: /root/ros2_testing/install/canopen_interfaces/share/canopen_interfaces/srv/CONmtID_Response.msg
[2.005s] -- Up-to-date: /root/ros2_testing/install/canopen_interfaces/share/canopen_interfaces/srv/CORead.srv
[2.006s] -- Up-to-date: /root/ros2_testing/install/canopen_interfaces/share/canopen_interfaces/srv/CORead_Request.msg
[2.006s] -- Up-to-date: /root/ros2_testing/install/canopen_interfaces/share/canopen_interfaces/srv/CORead_Response.msg
[2.008s] -- Up-to-date: /root/ros2_testing/install/canopen_interfaces/share/canopen_interfaces/srv/COReadID.srv
[2.008s] -- Up-to-date: /root/ros2_testing/install/canopen_interfaces/share/canopen_interfaces/srv/COReadID_Request.msg
[2.009s] -- Up-to-date: /root/ros2_testing/install/canopen_interfaces/share/canopen_interfaces/srv/COReadID_Response.msg
[2.010s] -- Up-to-date: /root/ros2_testing/install/canopen_interfaces/share/canopen_interfaces/srv/COWrite.srv
[2.012s] -- Up-to-date: /root/ros2_testing/install/canopen_interfaces/share/canopen_interfaces/srv/COWrite_Request.msg
[2.012s] -- Up-to-date: /root/ros2_testing/install/canopen_interfaces/share/canopen_interfaces/srv/COWrite_Response.msg
[2.013s] -- Up-to-date: /root/ros2_testing/install/canopen_interfaces/share/canopen_interfaces/srv/COWriteID.srv
[2.013s] -- Up-to-date: /root/ros2_testing/install/canopen_interfaces/share/canopen_interfaces/srv/COWriteID_Request.msg
[2.014s] -- Up-to-date: /root/ros2_testing/install/canopen_interfaces/share/canopen_interfaces/srv/COWriteID_Response.msg
[2.027s] -- Up-to-date: /root/ros2_testing/install/canopen_interfaces/share/canopen_interfaces/srv/COTargetDouble.srv
[2.028s] -- Up-to-date: /root/ros2_testing/install/canopen_interfaces/share/canopen_interfaces/srv/COTargetDouble_Request.msg
[2.030s] -- Up-to-date: /root/ros2_testing/install/canopen_interfaces/share/canopen_interfaces/srv/COTargetDouble_Response.msg
[2.031s] -- Up-to-date: /root/ros2_testing/install/canopen_interfaces/share/canopen_interfaces/srv/CONode.srv
[2.032s] -- Up-to-date: /root/ros2_testing/install/canopen_interfaces/share/canopen_interfaces/srv/CONode_Request.msg
[2.034s] -- Up-to-date: /root/ros2_testing/install/canopen_interfaces/share/canopen_interfaces/srv/CONode_Response.msg
[2.035s] -- Up-to-date: /root/ros2_testing/install/canopen_interfaces/share/canopen_interfaces/msg/COData.msg
[2.036s] -- Up-to-date: /root/ros2_testing/install/canopen_interfaces/share/ament_index/resource_index/package_run_dependencies/canopen_interfaces
[2.036s] -- Up-to-date: /root/ros2_testing/install/canopen_interfaces/share/ament_index/resource_index/parent_prefix_path/canopen_interfaces
[2.036s] -- Up-to-date: /root/ros2_testing/install/canopen_interfaces/share/canopen_interfaces/environment/ament_prefix_path.sh
[2.037s] -- Up-to-date: /root/ros2_testing/install/canopen_interfaces/share/canopen_interfaces/environment/ament_prefix_path.dsv
[2.038s] -- Up-to-date: /root/ros2_testing/install/canopen_interfaces/share/canopen_interfaces/environment/path.sh
[2.039s] -- Up-to-date: /root/ros2_testing/install/canopen_interfaces/share/canopen_interfaces/environment/path.dsv
[2.040s] -- Up-to-date: /root/ros2_testing/install/canopen_interfaces/share/canopen_interfaces/local_setup.bash
[2.041s] -- Up-to-date: /root/ros2_testing/install/canopen_interfaces/share/canopen_interfaces/local_setup.sh
[2.045s] -- Up-to-date: /root/ros2_testing/install/canopen_interfaces/share/canopen_interfaces/local_setup.zsh
[2.046s] -- Up-to-date: /root/ros2_testing/install/canopen_interfaces/share/canopen_interfaces/local_setup.dsv
[2.047s] -- Installing: /root/ros2_testing/install/canopen_interfaces/share/canopen_interfaces/package.dsv
[2.049s] -- Up-to-date: /root/ros2_testing/install/canopen_interfaces/share/ament_index/resource_index/packages/canopen_interfaces
[2.050s] -- Up-to-date: /root/ros2_testing/install/canopen_interfaces/share/canopen_interfaces/cmake/export_canopen_interfaces__rosidl_generator_cExport.cmake
[2.051s] -- Up-to-date: /root/ros2_testing/install/canopen_interfaces/share/canopen_interfaces/cmake/export_canopen_interfaces__rosidl_generator_cExport-noconfig.cmake
[2.052s] -- Up-to-date: /root/ros2_testing/install/canopen_interfaces/share/canopen_interfaces/cmake/export_canopen_interfaces__rosidl_typesupport_fastrtps_cExport.cmake
[2.052s] -- Up-to-date: /root/ros2_testing/install/canopen_interfaces/share/canopen_interfaces/cmake/export_canopen_interfaces__rosidl_typesupport_fastrtps_cExport-noconfig.cmake
[2.054s] -- Up-to-date: /root/ros2_testing/install/canopen_interfaces/share/canopen_interfaces/cmake/canopen_interfaces__rosidl_typesupport_introspection_cExport.cmake
[2.057s] -- Up-to-date: /root/ros2_testing/install/canopen_interfaces/share/canopen_interfaces/cmake/canopen_interfaces__rosidl_typesupport_introspection_cExport-noconfig.cmake
[2.060s] -- Up-to-date: /root/ros2_testing/install/canopen_interfaces/share/canopen_interfaces/cmake/canopen_interfaces__rosidl_typesupport_cExport.cmake
[2.061s] -- Up-to-date: /root/ros2_testing/install/canopen_interfaces/share/canopen_interfaces/cmake/canopen_interfaces__rosidl_typesupport_cExport-noconfig.cmake
[2.061s] -- Up-to-date: /root/ros2_testing/install/canopen_interfaces/share/canopen_interfaces/cmake/export_canopen_interfaces__rosidl_generator_cppExport.cmake
[2.061s] -- Up-to-date: /root/ros2_testing/install/canopen_interfaces/share/canopen_interfaces/cmake/export_canopen_interfaces__rosidl_typesupport_fastrtps_cppExport.cmake
[2.063s] -- Up-to-date: /root/ros2_testing/install/canopen_interfaces/share/canopen_interfaces/cmake/export_canopen_interfaces__rosidl_typesupport_fastrtps_cppExport-noconfig.cmake
[2.064s] -- Up-to-date: /root/ros2_testing/install/canopen_interfaces/share/canopen_interfaces/cmake/canopen_interfaces__rosidl_typesupport_introspection_cppExport.cmake
[2.064s] -- Up-to-date: /root/ros2_testing/install/canopen_interfaces/share/canopen_interfaces/cmake/canopen_interfaces__rosidl_typesupport_introspection_cppExport-noconfig.cmake
[2.074s] -- Up-to-date: /root/ros2_testing/install/canopen_interfaces/share/canopen_interfaces/cmake/canopen_interfaces__rosidl_typesupport_cppExport.cmake
[2.075s] -- Up-to-date: /root/ros2_testing/install/canopen_interfaces/share/canopen_interfaces/cmake/canopen_interfaces__rosidl_typesupport_cppExport-noconfig.cmake
[2.075s] -- Up-to-date: /root/ros2_testing/install/canopen_interfaces/share/canopen_interfaces/cmake/export_canopen_interfaces__rosidl_generator_pyExport.cmake
[2.076s] -- Up-to-date: /root/ros2_testing/install/canopen_interfaces/share/canopen_interfaces/cmake/export_canopen_interfaces__rosidl_generator_pyExport-noconfig.cmake
[2.076s] -- Up-to-date: /root/ros2_testing/install/canopen_interfaces/share/canopen_interfaces/cmake/rosidl_cmake-extras.cmake
[2.077s] -- Up-to-date: /root/ros2_testing/install/canopen_interfaces/share/canopen_interfaces/cmake/ament_cmake_export_include_directories-extras.cmake
[2.077s] -- Up-to-date: /root/ros2_testing/install/canopen_interfaces/share/canopen_interfaces/cmake/ament_cmake_export_libraries-extras.cmake
[2.077s] -- Up-to-date: /root/ros2_testing/install/canopen_interfaces/share/canopen_interfaces/cmake/ament_cmake_export_targets-extras.cmake
[2.077s] -- Up-to-date: /root/ros2_testing/install/canopen_interfaces/share/canopen_interfaces/cmake/rosidl_cmake_export_typesupport_targets-extras.cmake
[2.078s] -- Up-to-date: /root/ros2_testing/install/canopen_interfaces/share/canopen_interfaces/cmake/ament_cmake_export_dependencies-extras.cmake
[2.080s] -- Up-to-date: /root/ros2_testing/install/canopen_interfaces/share/canopen_interfaces/cmake/rosidl_cmake_export_typesupport_libraries-extras.cmake
[2.080s] -- Up-to-date: /root/ros2_testing/install/canopen_interfaces/share/canopen_interfaces/cmake/canopen_interfacesConfig.cmake
[2.081s] -- Up-to-date: /root/ros2_testing/install/canopen_interfaces/share/canopen_interfaces/cmake/canopen_interfacesConfig-version.cmake
[2.081s] -- Up-to-date: /root/ros2_testing/install/canopen_interfaces/share/canopen_interfaces/package.xml
[2.114s] Invoked command in '/root/ros2_testing/build/canopen_interfaces' returned '0': CMAKE_PREFIX_PATH=/opt/ros/humble /usr/bin/cmake --install /root/ros2_testing/build/canopen_interfaces
