[0.069s] Invoking command in '/root/ros2_testing/build/canopen_ros2_control': AMENT_PREFIX_PATH=/root/ros2_testing/install/canopen_tests:/root/ros2_testing/install/canopen_ros2_controllers:/root/ros2_testing/install/canopen_402_driver:/root/ros2_testing/install/canopen_proxy_driver:/root/ros2_testing/install/canopen_base_driver:/root/ros2_testing/install/canopen_fake_slaves:/root/ros2_testing/install/canopen_core:/root/ros2_testing/install/lely_core_libraries:/root/ros2_testing/install/canopen_interfaces:${AMENT_PREFIX_PATH} CMAKE_PREFIX_PATH=/root/ros2_testing/install/canopen_tests:/root/ros2_testing/install/canopen_ros2_controllers:/root/ros2_testing/install/canopen_402_driver:/root/ros2_testing/install/canopen_proxy_driver:/root/ros2_testing/install/canopen_base_driver:/root/ros2_testing/install/canopen_fake_slaves:/root/ros2_testing/install/canopen_core:/root/ros2_testing/install/lely_core_libraries:/root/ros2_testing/install/canopen_interfaces:/opt/ros/humble LD_LIBRARY_PATH=/root/ros2_testing/install/canopen_ros2_controllers/lib:/root/ros2_testing/install/canopen_402_driver/lib:/root/ros2_testing/install/canopen_proxy_driver/lib:/root/ros2_testing/install/canopen_base_driver/lib:/root/ros2_testing/install/canopen_core/lib:/root/ros2_testing/install/lely_core_libraries/lib:/root/ros2_testing/install/canopen_interfaces/lib:${LD_LIBRARY_PATH} PATH=/root/ros2_testing/install/lely_core_libraries/bin:${PATH} PYTHONPATH=/root/ros2_testing/install/lely_core_libraries/lib/python3.10/site-packages:/root/ros2_testing/install/canopen_interfaces/local/lib/python3.10/dist-packages:${PYTHONPATH} /usr/bin/cmake --build /root/ros2_testing/build/canopen_ros2_control -- -j8 -l8
[0.154s] [35m[1mConsolidate compiler generated dependencies of target canopen_ros2_control[0m
[0.199s] [ 33%] [32mBuilding CXX object CMakeFiles/canopen_ros2_control.dir/src/canopen_system.cpp.o[0m
[0.201s] [ 66%] [32mBuilding CXX object CMakeFiles/canopen_ros2_control.dir/src/cia402_system.cpp.o[0m
[11.570s] [100%] [32m[1mLinking CXX shared library libcanopen_ros2_control.so[0m
[12.425s] [100%] Built target canopen_ros2_control
[12.445s] Invoked command in '/root/ros2_testing/build/canopen_ros2_control' returned '0': AMENT_PREFIX_PATH=/root/ros2_testing/install/canopen_tests:/root/ros2_testing/install/canopen_ros2_controllers:/root/ros2_testing/install/canopen_402_driver:/root/ros2_testing/install/canopen_proxy_driver:/root/ros2_testing/install/canopen_base_driver:/root/ros2_testing/install/canopen_fake_slaves:/root/ros2_testing/install/canopen_core:/root/ros2_testing/install/lely_core_libraries:/root/ros2_testing/install/canopen_interfaces:${AMENT_PREFIX_PATH} CMAKE_PREFIX_PATH=/root/ros2_testing/install/canopen_tests:/root/ros2_testing/install/canopen_ros2_controllers:/root/ros2_testing/install/canopen_402_driver:/root/ros2_testing/install/canopen_proxy_driver:/root/ros2_testing/install/canopen_base_driver:/root/ros2_testing/install/canopen_fake_slaves:/root/ros2_testing/install/canopen_core:/root/ros2_testing/install/lely_core_libraries:/root/ros2_testing/install/canopen_interfaces:/opt/ros/humble LD_LIBRARY_PATH=/root/ros2_testing/install/canopen_ros2_controllers/lib:/root/ros2_testing/install/canopen_402_driver/lib:/root/ros2_testing/install/canopen_proxy_driver/lib:/root/ros2_testing/install/canopen_base_driver/lib:/root/ros2_testing/install/canopen_core/lib:/root/ros2_testing/install/lely_core_libraries/lib:/root/ros2_testing/install/canopen_interfaces/lib:${LD_LIBRARY_PATH} PATH=/root/ros2_testing/install/lely_core_libraries/bin:${PATH} PYTHONPATH=/root/ros2_testing/install/lely_core_libraries/lib/python3.10/site-packages:/root/ros2_testing/install/canopen_interfaces/local/lib/python3.10/dist-packages:${PYTHONPATH} /usr/bin/cmake --build /root/ros2_testing/build/canopen_ros2_control -- -j8 -l8
[12.509s] Invoking command in '/root/ros2_testing/build/canopen_ros2_control': AMENT_PREFIX_PATH=/root/ros2_testing/install/canopen_tests:/root/ros2_testing/install/canopen_ros2_controllers:/root/ros2_testing/install/canopen_402_driver:/root/ros2_testing/install/canopen_proxy_driver:/root/ros2_testing/install/canopen_base_driver:/root/ros2_testing/install/canopen_fake_slaves:/root/ros2_testing/install/canopen_core:/root/ros2_testing/install/lely_core_libraries:/root/ros2_testing/install/canopen_interfaces:${AMENT_PREFIX_PATH} CMAKE_PREFIX_PATH=/root/ros2_testing/install/canopen_tests:/root/ros2_testing/install/canopen_ros2_controllers:/root/ros2_testing/install/canopen_402_driver:/root/ros2_testing/install/canopen_proxy_driver:/root/ros2_testing/install/canopen_base_driver:/root/ros2_testing/install/canopen_fake_slaves:/root/ros2_testing/install/canopen_core:/root/ros2_testing/install/lely_core_libraries:/root/ros2_testing/install/canopen_interfaces:/opt/ros/humble LD_LIBRARY_PATH=/root/ros2_testing/install/canopen_ros2_controllers/lib:/root/ros2_testing/install/canopen_402_driver/lib:/root/ros2_testing/install/canopen_proxy_driver/lib:/root/ros2_testing/install/canopen_base_driver/lib:/root/ros2_testing/install/canopen_core/lib:/root/ros2_testing/install/lely_core_libraries/lib:/root/ros2_testing/install/canopen_interfaces/lib:${LD_LIBRARY_PATH} PATH=/root/ros2_testing/install/lely_core_libraries/bin:${PATH} PYTHONPATH=/root/ros2_testing/install/lely_core_libraries/lib/python3.10/site-packages:/root/ros2_testing/install/canopen_interfaces/local/lib/python3.10/dist-packages:${PYTHONPATH} /usr/bin/cmake --install /root/ros2_testing/build/canopen_ros2_control
[12.520s] -- Install configuration: ""
[12.521s] -- Up-to-date: /root/ros2_testing/install/canopen_ros2_control/share/canopen_ros2_control/canopen_ros2_control.xml
[12.522s] -- Installing: /root/ros2_testing/install/canopen_ros2_control/lib/libcanopen_ros2_control.so
[12.528s] -- Set runtime path of "/root/ros2_testing/install/canopen_ros2_control/lib/libcanopen_ros2_control.so" to ""
[12.529s] -- Up-to-date: /root/ros2_testing/install/canopen_ros2_control/include
[12.530s] -- Up-to-date: /root/ros2_testing/install/canopen_ros2_control/include/canopen_ros2_control
[12.530s] -- Up-to-date: /root/ros2_testing/install/canopen_ros2_control/include/canopen_ros2_control/cia402_system.hpp
[12.531s] -- Up-to-date: /root/ros2_testing/install/canopen_ros2_control/include/canopen_ros2_control/canopen_system.hpp
[12.532s] -- Up-to-date: /root/ros2_testing/install/canopen_ros2_control/include/canopen_ros2_control/visibility_control.h
[12.533s] -- Up-to-date: /root/ros2_testing/install/canopen_ros2_control/share/canopen_ros2_control/launch
[12.534s] -- Up-to-date: /root/ros2_testing/install/canopen_ros2_control/share/canopen_ros2_control/launch/canopen_system.launch.py
[12.534s] -- Up-to-date: /root/ros2_testing/install/canopen_ros2_control/share/canopen_ros2_control/launch/cia402_system.launch.py
[12.534s] -- Up-to-date: /root/ros2_testing/install/canopen_ros2_control/share/canopen_ros2_control/urdf
[12.535s] -- Up-to-date: /root/ros2_testing/install/canopen_ros2_control/share/canopen_ros2_control/urdf/canopen_system.urdf.xacro
[12.535s] -- Up-to-date: /root/ros2_testing/install/canopen_ros2_control/share/canopen_ros2_control/urdf/canopen_system.ros2_control.xacro
[12.535s] -- Up-to-date: /root/ros2_testing/install/canopen_ros2_control/share/canopen_ros2_control/urdf/cia402_system.ros2_control.xacro
[12.536s] -- Up-to-date: /root/ros2_testing/install/canopen_ros2_control/share/canopen_ros2_control/urdf/cia402_system.urdf.xacro
[12.537s] -- Up-to-date: /root/ros2_testing/install/canopen_ros2_control/share/canopen_ros2_control/config
[12.537s] -- Up-to-date: /root/ros2_testing/install/canopen_ros2_control/share/canopen_ros2_control/config/cia402_ros2_control.yaml
[12.539s] -- Up-to-date: /root/ros2_testing/install/canopen_ros2_control/share/canopen_ros2_control/config/ros2_control.yaml
[12.540s] -- Up-to-date: /root/ros2_testing/install/canopen_ros2_control/share/canopen_ros2_control/environment/library_path.sh
[12.540s] -- Up-to-date: /root/ros2_testing/install/canopen_ros2_control/share/canopen_ros2_control/environment/library_path.dsv
[12.542s] -- Up-to-date: /root/ros2_testing/install/canopen_ros2_control/share/ament_index/resource_index/package_run_dependencies/canopen_ros2_control
[12.543s] -- Up-to-date: /root/ros2_testing/install/canopen_ros2_control/share/ament_index/resource_index/parent_prefix_path/canopen_ros2_control
[12.544s] -- Up-to-date: /root/ros2_testing/install/canopen_ros2_control/share/canopen_ros2_control/environment/ament_prefix_path.sh
[12.545s] -- Up-to-date: /root/ros2_testing/install/canopen_ros2_control/share/canopen_ros2_control/environment/ament_prefix_path.dsv
[12.546s] -- Up-to-date: /root/ros2_testing/install/canopen_ros2_control/share/canopen_ros2_control/environment/path.sh
[12.547s] -- Up-to-date: /root/ros2_testing/install/canopen_ros2_control/share/canopen_ros2_control/environment/path.dsv
[12.551s] -- Up-to-date: /root/ros2_testing/install/canopen_ros2_control/share/canopen_ros2_control/local_setup.bash
[12.552s] -- Up-to-date: /root/ros2_testing/install/canopen_ros2_control/share/canopen_ros2_control/local_setup.sh
[12.552s] -- Up-to-date: /root/ros2_testing/install/canopen_ros2_control/share/canopen_ros2_control/local_setup.zsh
[12.553s] -- Up-to-date: /root/ros2_testing/install/canopen_ros2_control/share/canopen_ros2_control/local_setup.dsv
[12.553s] -- Installing: /root/ros2_testing/install/canopen_ros2_control/share/canopen_ros2_control/package.dsv
[12.554s] -- Up-to-date: /root/ros2_testing/install/canopen_ros2_control/share/ament_index/resource_index/packages/canopen_ros2_control
[12.554s] -- Up-to-date: /root/ros2_testing/install/canopen_ros2_control/share/ament_index/resource_index/hardware_interface__pluginlib__plugin/canopen_ros2_control
[12.554s] -- Up-to-date: /root/ros2_testing/install/canopen_ros2_control/share/canopen_ros2_control/cmake/ament_cmake_export_include_directories-extras.cmake
[12.555s] -- Up-to-date: /root/ros2_testing/install/canopen_ros2_control/share/canopen_ros2_control/cmake/ament_cmake_export_libraries-extras.cmake
[12.555s] -- Up-to-date: /root/ros2_testing/install/canopen_ros2_control/share/canopen_ros2_control/cmake/ament_cmake_export_dependencies-extras.cmake
[12.557s] -- Up-to-date: /root/ros2_testing/install/canopen_ros2_control/share/canopen_ros2_control/cmake/canopen_ros2_controlConfig.cmake
[12.557s] -- Up-to-date: /root/ros2_testing/install/canopen_ros2_control/share/canopen_ros2_control/cmake/canopen_ros2_controlConfig-version.cmake
[12.558s] -- Up-to-date: /root/ros2_testing/install/canopen_ros2_control/share/canopen_ros2_control/package.xml
[12.559s] Invoked command in '/root/ros2_testing/build/canopen_ros2_control' returned '0': AMENT_PREFIX_PATH=/root/ros2_testing/install/canopen_tests:/root/ros2_testing/install/canopen_ros2_controllers:/root/ros2_testing/install/canopen_402_driver:/root/ros2_testing/install/canopen_proxy_driver:/root/ros2_testing/install/canopen_base_driver:/root/ros2_testing/install/canopen_fake_slaves:/root/ros2_testing/install/canopen_core:/root/ros2_testing/install/lely_core_libraries:/root/ros2_testing/install/canopen_interfaces:${AMENT_PREFIX_PATH} CMAKE_PREFIX_PATH=/root/ros2_testing/install/canopen_tests:/root/ros2_testing/install/canopen_ros2_controllers:/root/ros2_testing/install/canopen_402_driver:/root/ros2_testing/install/canopen_proxy_driver:/root/ros2_testing/install/canopen_base_driver:/root/ros2_testing/install/canopen_fake_slaves:/root/ros2_testing/install/canopen_core:/root/ros2_testing/install/lely_core_libraries:/root/ros2_testing/install/canopen_interfaces:/opt/ros/humble LD_LIBRARY_PATH=/root/ros2_testing/install/canopen_ros2_controllers/lib:/root/ros2_testing/install/canopen_402_driver/lib:/root/ros2_testing/install/canopen_proxy_driver/lib:/root/ros2_testing/install/canopen_base_driver/lib:/root/ros2_testing/install/canopen_core/lib:/root/ros2_testing/install/lely_core_libraries/lib:/root/ros2_testing/install/canopen_interfaces/lib:${LD_LIBRARY_PATH} PATH=/root/ros2_testing/install/lely_core_libraries/bin:${PATH} PYTHONPATH=/root/ros2_testing/install/lely_core_libraries/lib/python3.10/site-packages:/root/ros2_testing/install/canopen_interfaces/local/lib/python3.10/dist-packages:${PYTHONPATH} /usr/bin/cmake --install /root/ros2_testing/build/canopen_ros2_control
