[0.063s] Invoking command in '/root/ros2_testing/build/turtlesim': CMAKE_PREFIX_PATH=/opt/ros/humble /usr/bin/cmake --build /root/ros2_testing/build/turtlesim -- -j8 -l8
[0.216s] [  1%] Built target turtlesim__cpp
[0.270s] [ 11%] Built target turtlesim__rosidl_generator_c
[0.281s] [35m[1mConsolidate compiler generated dependencies of target turtlesim__rosidl_typesupport_introspection_cpp[0m
[0.288s] [ 11%] Built target ament_cmake_python_copy_turtlesim
[0.298s] [35m[1mConsolidate compiler generated dependencies of target turtlesim__rosidl_typesupport_cpp[0m
[0.302s] [35m[1mConsolidate compiler generated dependencies of target turtlesim__rosidl_typesupport_fastrtps_cpp[0m
[0.334s] [35m[1mConsolidate compiler generated dependencies of target turtlesim__rosidl_typesupport_c[0m
[0.341s] [35m[1mConsolidate compiler generated dependencies of target turtlesim__rosidl_typesupport_fastrtps_c[0m
[0.354s] [35m[1mConsolidate compiler generated dependencies of target turtlesim__rosidl_typesupport_introspection_c[0m
[0.402s] [ 21%] Built target turtlesim__rosidl_typesupport_introspection_cpp
[0.427s] [ 31%] Built target turtlesim__rosidl_typesupport_c
[0.441s] [ 41%] Built target turtlesim__rosidl_typesupport_cpp
[0.445s] [ 51%] Built target turtlesim__rosidl_typesupport_fastrtps_cpp
[0.445s] [ 61%] Built target turtlesim__rosidl_typesupport_introspection_c
[0.478s] [ 71%] Built target turtlesim__rosidl_typesupport_fastrtps_c
[0.520s] [35m[1mConsolidate compiler generated dependencies of target draw_square[0m
[0.521s] [35m[1mConsolidate compiler generated dependencies of target turtlesim_node[0m
[0.526s] [35m[1mConsolidate compiler generated dependencies of target mimic[0m
[0.557s] [35m[1mConsolidate compiler generated dependencies of target turtle_teleop_key[0m
[0.611s] [ 73%] Built target draw_square
[0.613s] [ 75%] Built target mimic
[0.623s] [ 75%] Built target turtlesim
[0.641s] [ 77%] Built target turtle_teleop_key
[0.661s] [ 83%] Built target turtlesim_node
[0.691s] [ 84%] Built target turtlesim__py
[0.728s] [35m[1mConsolidate compiler generated dependencies of target turtlesim__rosidl_generator_py[0m
[0.780s] [ 93%] Built target turtlesim__rosidl_generator_py
[0.815s] [35m[1mConsolidate compiler generated dependencies of target turtlesim__rosidl_typesupport_introspection_c__pyext[0m
[0.817s] [35m[1mConsolidate compiler generated dependencies of target turtlesim__rosidl_typesupport_fastrtps_c__pyext[0m
[0.821s] [35m[1mConsolidate compiler generated dependencies of target turtlesim__rosidl_typesupport_c__pyext[0m
[0.846s] [ 95%] Built target turtlesim__rosidl_typesupport_introspection_c__pyext
[0.847s] [ 97%] Built target turtlesim__rosidl_typesupport_fastrtps_c__pyext
[0.854s] [100%] Built target turtlesim__rosidl_typesupport_c__pyext
[1.045s] running egg_info
[1.046s] writing turtlesim.egg-info/PKG-INFO
[1.048s] writing dependency_links to turtlesim.egg-info/dependency_links.txt
[1.050s] writing top-level names to turtlesim.egg-info/top_level.txt
[1.055s] reading manifest file 'turtlesim.egg-info/SOURCES.txt'
[1.058s] writing manifest file 'turtlesim.egg-info/SOURCES.txt'
[1.125s] [100%] Built target ament_cmake_python_build_turtlesim_egg
[1.156s] Invoked command in '/root/ros2_testing/build/turtlesim' returned '0': CMAKE_PREFIX_PATH=/opt/ros/humble /usr/bin/cmake --build /root/ros2_testing/build/turtlesim -- -j8 -l8
[1.777s] Invoking command in '/root/ros2_testing/build/turtlesim': CMAKE_PREFIX_PATH=/opt/ros/humble /usr/bin/cmake --install /root/ros2_testing/build/turtlesim
[1.841s] -- Install configuration: ""
[1.841s] -- Up-to-date: /root/ros2_testing/install/turtlesim/share/ament_index/resource_index/rosidl_interfaces/turtlesim
[1.841s] -- Up-to-date: /root/ros2_testing/install/turtlesim/include/turtlesim/turtlesim
[1.843s] -- Up-to-date: /root/ros2_testing/install/turtlesim/include/turtlesim/turtlesim/srv
[1.843s] -- Up-to-date: /root/ros2_testing/install/turtlesim/include/turtlesim/turtlesim/srv/detail
[1.844s] -- Up-to-date: /root/ros2_testing/install/turtlesim/include/turtlesim/turtlesim/srv/detail/spawn__functions.h
[1.844s] -- Up-to-date: /root/ros2_testing/install/turtlesim/include/turtlesim/turtlesim/srv/detail/set_pen__struct.h
[1.845s] -- Up-to-date: /root/ros2_testing/install/turtlesim/include/turtlesim/turtlesim/srv/detail/teleport_relative__functions.c
[1.845s] -- Up-to-date: /root/ros2_testing/install/turtlesim/include/turtlesim/turtlesim/srv/detail/kill__type_support.h
[1.845s] -- Up-to-date: /root/ros2_testing/install/turtlesim/include/turtlesim/turtlesim/srv/detail/teleport_absolute__type_support.h
[1.846s] -- Up-to-date: /root/ros2_testing/install/turtlesim/include/turtlesim/turtlesim/srv/detail/kill__functions.h
[1.846s] -- Up-to-date: /root/ros2_testing/install/turtlesim/include/turtlesim/turtlesim/srv/detail/kill__struct.h
[1.848s] -- Up-to-date: /root/ros2_testing/install/turtlesim/include/turtlesim/turtlesim/srv/detail/spawn__struct.h
[1.848s] -- Up-to-date: /root/ros2_testing/install/turtlesim/include/turtlesim/turtlesim/srv/detail/kill__functions.c
[1.848s] -- Up-to-date: /root/ros2_testing/install/turtlesim/include/turtlesim/turtlesim/srv/detail/spawn__functions.c
[1.851s] -- Up-to-date: /root/ros2_testing/install/turtlesim/include/turtlesim/turtlesim/srv/detail/set_pen__functions.h
[1.852s] -- Up-to-date: /root/ros2_testing/install/turtlesim/include/turtlesim/turtlesim/srv/detail/teleport_relative__functions.h
[1.852s] -- Up-to-date: /root/ros2_testing/install/turtlesim/include/turtlesim/turtlesim/srv/detail/teleport_absolute__functions.c
[1.852s] -- Up-to-date: /root/ros2_testing/install/turtlesim/include/turtlesim/turtlesim/srv/detail/spawn__type_support.h
[1.852s] -- Up-to-date: /root/ros2_testing/install/turtlesim/include/turtlesim/turtlesim/srv/detail/teleport_absolute__struct.h
[1.852s] -- Up-to-date: /root/ros2_testing/install/turtlesim/include/turtlesim/turtlesim/srv/detail/teleport_absolute__functions.h
[1.853s] -- Up-to-date: /root/ros2_testing/install/turtlesim/include/turtlesim/turtlesim/srv/detail/teleport_relative__struct.h
[1.853s] -- Up-to-date: /root/ros2_testing/install/turtlesim/include/turtlesim/turtlesim/srv/detail/set_pen__functions.c
[1.853s] -- Up-to-date: /root/ros2_testing/install/turtlesim/include/turtlesim/turtlesim/srv/detail/set_pen__type_support.h
[1.853s] -- Up-to-date: /root/ros2_testing/install/turtlesim/include/turtlesim/turtlesim/srv/detail/teleport_relative__type_support.h
[1.853s] -- Up-to-date: /root/ros2_testing/install/turtlesim/include/turtlesim/turtlesim/srv/teleport_absolute.h
[1.854s] -- Up-to-date: /root/ros2_testing/install/turtlesim/include/turtlesim/turtlesim/srv/set_pen.h
[1.854s] -- Up-to-date: /root/ros2_testing/install/turtlesim/include/turtlesim/turtlesim/srv/spawn.h
[1.854s] -- Up-to-date: /root/ros2_testing/install/turtlesim/include/turtlesim/turtlesim/srv/teleport_relative.h
[1.854s] -- Up-to-date: /root/ros2_testing/install/turtlesim/include/turtlesim/turtlesim/srv/kill.h
[1.854s] -- Up-to-date: /root/ros2_testing/install/turtlesim/include/turtlesim/turtlesim/action
[1.855s] -- Up-to-date: /root/ros2_testing/install/turtlesim/include/turtlesim/turtlesim/action/detail
[1.855s] -- Up-to-date: /root/ros2_testing/install/turtlesim/include/turtlesim/turtlesim/action/detail/rotate_absolute__type_support.h
[1.855s] -- Up-to-date: /root/ros2_testing/install/turtlesim/include/turtlesim/turtlesim/action/detail/rotate_absolute__functions.c
[1.855s] -- Up-to-date: /root/ros2_testing/install/turtlesim/include/turtlesim/turtlesim/action/detail/rotate_absolute__struct.h
[1.856s] -- Up-to-date: /root/ros2_testing/install/turtlesim/include/turtlesim/turtlesim/action/detail/rotate_absolute__functions.h
[1.856s] -- Up-to-date: /root/ros2_testing/install/turtlesim/include/turtlesim/turtlesim/action/rotate_absolute.h
[1.856s] -- Up-to-date: /root/ros2_testing/install/turtlesim/include/turtlesim/turtlesim/msg
[1.856s] -- Up-to-date: /root/ros2_testing/install/turtlesim/include/turtlesim/turtlesim/msg/detail
[1.873s] -- Up-to-date: /root/ros2_testing/install/turtlesim/include/turtlesim/turtlesim/msg/detail/color__type_support.h
[1.874s] -- Up-to-date: /root/ros2_testing/install/turtlesim/include/turtlesim/turtlesim/msg/detail/pose__struct.h
[1.874s] -- Up-to-date: /root/ros2_testing/install/turtlesim/include/turtlesim/turtlesim/msg/detail/color__struct.h
[1.875s] -- Up-to-date: /root/ros2_testing/install/turtlesim/include/turtlesim/turtlesim/msg/detail/pose__functions.c
[1.875s] -- Up-to-date: /root/ros2_testing/install/turtlesim/include/turtlesim/turtlesim/msg/detail/pose__type_support.h
[1.875s] -- Up-to-date: /root/ros2_testing/install/turtlesim/include/turtlesim/turtlesim/msg/detail/pose__functions.h
[1.876s] -- Up-to-date: /root/ros2_testing/install/turtlesim/include/turtlesim/turtlesim/msg/detail/color__functions.h
[1.876s] -- Up-to-date: /root/ros2_testing/install/turtlesim/include/turtlesim/turtlesim/msg/detail/color__functions.c
[1.877s] -- Up-to-date: /root/ros2_testing/install/turtlesim/include/turtlesim/turtlesim/msg/color.h
[1.877s] -- Up-to-date: /root/ros2_testing/install/turtlesim/include/turtlesim/turtlesim/msg/pose.h
[1.877s] -- Up-to-date: /root/ros2_testing/install/turtlesim/include/turtlesim/turtlesim/msg/rosidl_generator_c__visibility_control.h
[1.878s] -- Up-to-date: /root/ros2_testing/install/turtlesim/share/turtlesim/environment/library_path.sh
[1.878s] -- Up-to-date: /root/ros2_testing/install/turtlesim/share/turtlesim/environment/library_path.dsv
[1.892s] -- Up-to-date: /root/ros2_testing/install/turtlesim/lib/libturtlesim__rosidl_generator_c.so
[1.892s] -- Up-to-date: /root/ros2_testing/install/turtlesim/include/turtlesim/turtlesim
[1.893s] -- Up-to-date: /root/ros2_testing/install/turtlesim/include/turtlesim/turtlesim/srv
[1.893s] -- Up-to-date: /root/ros2_testing/install/turtlesim/include/turtlesim/turtlesim/srv/detail
[1.893s] -- Up-to-date: /root/ros2_testing/install/turtlesim/include/turtlesim/turtlesim/srv/detail/kill__rosidl_typesupport_fastrtps_c.h
[1.893s] -- Up-to-date: /root/ros2_testing/install/turtlesim/include/turtlesim/turtlesim/srv/detail/teleport_absolute__rosidl_typesupport_fastrtps_c.h
[1.894s] -- Up-to-date: /root/ros2_testing/install/turtlesim/include/turtlesim/turtlesim/srv/detail/teleport_relative__rosidl_typesupport_fastrtps_c.h
[1.894s] -- Up-to-date: /root/ros2_testing/install/turtlesim/include/turtlesim/turtlesim/srv/detail/spawn__rosidl_typesupport_fastrtps_c.h
[1.894s] -- Up-to-date: /root/ros2_testing/install/turtlesim/include/turtlesim/turtlesim/srv/detail/set_pen__rosidl_typesupport_fastrtps_c.h
[1.895s] -- Up-to-date: /root/ros2_testing/install/turtlesim/include/turtlesim/turtlesim/action
[1.895s] -- Up-to-date: /root/ros2_testing/install/turtlesim/include/turtlesim/turtlesim/action/detail
[1.895s] -- Up-to-date: /root/ros2_testing/install/turtlesim/include/turtlesim/turtlesim/action/detail/rotate_absolute__rosidl_typesupport_fastrtps_c.h
[1.895s] -- Up-to-date: /root/ros2_testing/install/turtlesim/include/turtlesim/turtlesim/msg
[1.896s] -- Up-to-date: /root/ros2_testing/install/turtlesim/include/turtlesim/turtlesim/msg/detail
[1.896s] -- Up-to-date: /root/ros2_testing/install/turtlesim/include/turtlesim/turtlesim/msg/detail/pose__rosidl_typesupport_fastrtps_c.h
[1.896s] -- Up-to-date: /root/ros2_testing/install/turtlesim/include/turtlesim/turtlesim/msg/detail/color__rosidl_typesupport_fastrtps_c.h
[1.897s] -- Up-to-date: /root/ros2_testing/install/turtlesim/include/turtlesim/turtlesim/msg/rosidl_typesupport_fastrtps_c__visibility_control.h
[1.897s] -- Up-to-date: /root/ros2_testing/install/turtlesim/lib/libturtlesim__rosidl_typesupport_fastrtps_c.so
[1.898s] -- Up-to-date: /root/ros2_testing/install/turtlesim/include/turtlesim/turtlesim
[1.899s] -- Up-to-date: /root/ros2_testing/install/turtlesim/include/turtlesim/turtlesim/srv
[1.899s] -- Up-to-date: /root/ros2_testing/install/turtlesim/include/turtlesim/turtlesim/srv/detail
[1.900s] -- Up-to-date: /root/ros2_testing/install/turtlesim/include/turtlesim/turtlesim/srv/detail/spawn__struct.hpp
[1.900s] -- Up-to-date: /root/ros2_testing/install/turtlesim/include/turtlesim/turtlesim/srv/detail/kill__builder.hpp
[1.901s] -- Up-to-date: /root/ros2_testing/install/turtlesim/include/turtlesim/turtlesim/srv/detail/spawn__builder.hpp
[1.901s] -- Up-to-date: /root/ros2_testing/install/turtlesim/include/turtlesim/turtlesim/srv/detail/teleport_absolute__builder.hpp
[1.902s] -- Up-to-date: /root/ros2_testing/install/turtlesim/include/turtlesim/turtlesim/srv/detail/teleport_relative__builder.hpp
[1.902s] -- Up-to-date: /root/ros2_testing/install/turtlesim/include/turtlesim/turtlesim/srv/detail/teleport_relative__struct.hpp
[1.904s] -- Up-to-date: /root/ros2_testing/install/turtlesim/include/turtlesim/turtlesim/srv/detail/set_pen__struct.hpp
[1.904s] -- Up-to-date: /root/ros2_testing/install/turtlesim/include/turtlesim/turtlesim/srv/detail/teleport_absolute__struct.hpp
[1.904s] -- Up-to-date: /root/ros2_testing/install/turtlesim/include/turtlesim/turtlesim/srv/detail/teleport_absolute__traits.hpp
[1.904s] -- Up-to-date: /root/ros2_testing/install/turtlesim/include/turtlesim/turtlesim/srv/detail/teleport_relative__traits.hpp
[1.904s] -- Up-to-date: /root/ros2_testing/install/turtlesim/include/turtlesim/turtlesim/srv/detail/kill__struct.hpp
[1.905s] -- Up-to-date: /root/ros2_testing/install/turtlesim/include/turtlesim/turtlesim/srv/detail/spawn__traits.hpp
[1.905s] -- Up-to-date: /root/ros2_testing/install/turtlesim/include/turtlesim/turtlesim/srv/detail/kill__traits.hpp
[1.906s] -- Up-to-date: /root/ros2_testing/install/turtlesim/include/turtlesim/turtlesim/srv/detail/set_pen__builder.hpp
[1.906s] -- Up-to-date: /root/ros2_testing/install/turtlesim/include/turtlesim/turtlesim/srv/detail/set_pen__traits.hpp
[1.906s] -- Up-to-date: /root/ros2_testing/install/turtlesim/include/turtlesim/turtlesim/srv/teleport_absolute.hpp
[1.906s] -- Up-to-date: /root/ros2_testing/install/turtlesim/include/turtlesim/turtlesim/srv/kill.hpp
[1.907s] -- Up-to-date: /root/ros2_testing/install/turtlesim/include/turtlesim/turtlesim/srv/set_pen.hpp
[1.907s] -- Up-to-date: /root/ros2_testing/install/turtlesim/include/turtlesim/turtlesim/srv/spawn.hpp
[1.907s] -- Up-to-date: /root/ros2_testing/install/turtlesim/include/turtlesim/turtlesim/srv/teleport_relative.hpp
[1.908s] -- Up-to-date: /root/ros2_testing/install/turtlesim/include/turtlesim/turtlesim/action
[1.908s] -- Up-to-date: /root/ros2_testing/install/turtlesim/include/turtlesim/turtlesim/action/detail
[1.908s] -- Up-to-date: /root/ros2_testing/install/turtlesim/include/turtlesim/turtlesim/action/detail/rotate_absolute__builder.hpp
[1.909s] -- Up-to-date: /root/ros2_testing/install/turtlesim/include/turtlesim/turtlesim/action/detail/rotate_absolute__traits.hpp
[1.910s] -- Up-to-date: /root/ros2_testing/install/turtlesim/include/turtlesim/turtlesim/action/detail/rotate_absolute__struct.hpp
[1.910s] -- Up-to-date: /root/ros2_testing/install/turtlesim/include/turtlesim/turtlesim/action/rotate_absolute.hpp
[1.910s] -- Up-to-date: /root/ros2_testing/install/turtlesim/include/turtlesim/turtlesim/msg
[1.911s] -- Up-to-date: /root/ros2_testing/install/turtlesim/include/turtlesim/turtlesim/msg/detail
[1.911s] -- Up-to-date: /root/ros2_testing/install/turtlesim/include/turtlesim/turtlesim/msg/detail/pose__traits.hpp
[1.911s] -- Up-to-date: /root/ros2_testing/install/turtlesim/include/turtlesim/turtlesim/msg/detail/color__struct.hpp
[1.914s] -- Up-to-date: /root/ros2_testing/install/turtlesim/include/turtlesim/turtlesim/msg/detail/color__traits.hpp
[1.914s] -- Up-to-date: /root/ros2_testing/install/turtlesim/include/turtlesim/turtlesim/msg/detail/pose__builder.hpp
[1.914s] -- Up-to-date: /root/ros2_testing/install/turtlesim/include/turtlesim/turtlesim/msg/detail/color__builder.hpp
[1.915s] -- Up-to-date: /root/ros2_testing/install/turtlesim/include/turtlesim/turtlesim/msg/detail/pose__struct.hpp
[1.915s] -- Up-to-date: /root/ros2_testing/install/turtlesim/include/turtlesim/turtlesim/msg/color.hpp
[1.915s] -- Up-to-date: /root/ros2_testing/install/turtlesim/include/turtlesim/turtlesim/msg/pose.hpp
[1.916s] -- Up-to-date: /root/ros2_testing/install/turtlesim/include/turtlesim/turtlesim
[1.918s] -- Up-to-date: /root/ros2_testing/install/turtlesim/include/turtlesim/turtlesim/srv
[1.919s] -- Up-to-date: /root/ros2_testing/install/turtlesim/include/turtlesim/turtlesim/srv/detail
[1.919s] -- Up-to-date: /root/ros2_testing/install/turtlesim/include/turtlesim/turtlesim/srv/detail/dds_fastrtps
[1.920s] -- Up-to-date: /root/ros2_testing/install/turtlesim/include/turtlesim/turtlesim/srv/detail/teleport_relative__rosidl_typesupport_fastrtps_cpp.hpp
[1.920s] -- Up-to-date: /root/ros2_testing/install/turtlesim/include/turtlesim/turtlesim/srv/detail/teleport_absolute__rosidl_typesupport_fastrtps_cpp.hpp
[1.921s] -- Up-to-date: /root/ros2_testing/install/turtlesim/include/turtlesim/turtlesim/srv/detail/set_pen__rosidl_typesupport_fastrtps_cpp.hpp
[1.921s] -- Up-to-date: /root/ros2_testing/install/turtlesim/include/turtlesim/turtlesim/srv/detail/kill__rosidl_typesupport_fastrtps_cpp.hpp
[1.921s] -- Up-to-date: /root/ros2_testing/install/turtlesim/include/turtlesim/turtlesim/srv/detail/spawn__rosidl_typesupport_fastrtps_cpp.hpp
[1.921s] -- Up-to-date: /root/ros2_testing/install/turtlesim/include/turtlesim/turtlesim/action
[1.922s] -- Up-to-date: /root/ros2_testing/install/turtlesim/include/turtlesim/turtlesim/action/detail
[1.922s] -- Up-to-date: /root/ros2_testing/install/turtlesim/include/turtlesim/turtlesim/action/detail/rotate_absolute__rosidl_typesupport_fastrtps_cpp.hpp
[1.923s] -- Up-to-date: /root/ros2_testing/install/turtlesim/include/turtlesim/turtlesim/action/detail/dds_fastrtps
[1.923s] -- Up-to-date: /root/ros2_testing/install/turtlesim/include/turtlesim/turtlesim/msg
[1.923s] -- Up-to-date: /root/ros2_testing/install/turtlesim/include/turtlesim/turtlesim/msg/detail
[1.923s] -- Up-to-date: /root/ros2_testing/install/turtlesim/include/turtlesim/turtlesim/msg/detail/pose__rosidl_typesupport_fastrtps_cpp.hpp
[1.924s] -- Up-to-date: /root/ros2_testing/install/turtlesim/include/turtlesim/turtlesim/msg/detail/dds_fastrtps
[1.924s] -- Up-to-date: /root/ros2_testing/install/turtlesim/include/turtlesim/turtlesim/msg/detail/color__rosidl_typesupport_fastrtps_cpp.hpp
[1.925s] -- Up-to-date: /root/ros2_testing/install/turtlesim/include/turtlesim/turtlesim/msg/rosidl_typesupport_fastrtps_cpp__visibility_control.h
[1.928s] -- Up-to-date: /root/ros2_testing/install/turtlesim/lib/libturtlesim__rosidl_typesupport_fastrtps_cpp.so
[1.929s] -- Up-to-date: /root/ros2_testing/install/turtlesim/include/turtlesim/turtlesim
[1.929s] -- Up-to-date: /root/ros2_testing/install/turtlesim/include/turtlesim/turtlesim/srv
[1.930s] -- Up-to-date: /root/ros2_testing/install/turtlesim/include/turtlesim/turtlesim/srv/detail
[1.930s] -- Up-to-date: /root/ros2_testing/install/turtlesim/include/turtlesim/turtlesim/srv/detail/set_pen__rosidl_typesupport_introspection_c.h
[1.931s] -- Up-to-date: /root/ros2_testing/install/turtlesim/include/turtlesim/turtlesim/srv/detail/teleport_relative__rosidl_typesupport_introspection_c.h
[1.931s] -- Up-to-date: /root/ros2_testing/install/turtlesim/include/turtlesim/turtlesim/srv/detail/spawn__type_support.c
[1.932s] -- Up-to-date: /root/ros2_testing/install/turtlesim/include/turtlesim/turtlesim/srv/detail/kill__type_support.c
[1.932s] -- Up-to-date: /root/ros2_testing/install/turtlesim/include/turtlesim/turtlesim/srv/detail/spawn__rosidl_typesupport_introspection_c.h
[1.933s] -- Up-to-date: /root/ros2_testing/install/turtlesim/include/turtlesim/turtlesim/srv/detail/set_pen__type_support.c
[1.933s] -- Up-to-date: /root/ros2_testing/install/turtlesim/include/turtlesim/turtlesim/srv/detail/kill__rosidl_typesupport_introspection_c.h
[1.933s] -- Up-to-date: /root/ros2_testing/install/turtlesim/include/turtlesim/turtlesim/srv/detail/teleport_relative__type_support.c
[1.933s] -- Up-to-date: /root/ros2_testing/install/turtlesim/include/turtlesim/turtlesim/srv/detail/teleport_absolute__rosidl_typesupport_introspection_c.h
[1.934s] -- Up-to-date: /root/ros2_testing/install/turtlesim/include/turtlesim/turtlesim/srv/detail/teleport_absolute__type_support.c
[1.934s] -- Up-to-date: /root/ros2_testing/install/turtlesim/include/turtlesim/turtlesim/action
[1.934s] -- Up-to-date: /root/ros2_testing/install/turtlesim/include/turtlesim/turtlesim/action/detail
[1.934s] -- Up-to-date: /root/ros2_testing/install/turtlesim/include/turtlesim/turtlesim/action/detail/rotate_absolute__type_support.c
[1.935s] -- Up-to-date: /root/ros2_testing/install/turtlesim/include/turtlesim/turtlesim/action/detail/rotate_absolute__rosidl_typesupport_introspection_c.h
[1.935s] -- Up-to-date: /root/ros2_testing/install/turtlesim/include/turtlesim/turtlesim/msg
[1.935s] -- Up-to-date: /root/ros2_testing/install/turtlesim/include/turtlesim/turtlesim/msg/detail
[1.935s] -- Up-to-date: /root/ros2_testing/install/turtlesim/include/turtlesim/turtlesim/msg/detail/pose__rosidl_typesupport_introspection_c.h
[1.936s] -- Up-to-date: /root/ros2_testing/install/turtlesim/include/turtlesim/turtlesim/msg/detail/color__type_support.c
[1.936s] -- Up-to-date: /root/ros2_testing/install/turtlesim/include/turtlesim/turtlesim/msg/detail/color__rosidl_typesupport_introspection_c.h
[1.936s] -- Up-to-date: /root/ros2_testing/install/turtlesim/include/turtlesim/turtlesim/msg/detail/pose__type_support.c
[1.937s] -- Up-to-date: /root/ros2_testing/install/turtlesim/include/turtlesim/turtlesim/msg/rosidl_typesupport_introspection_c__visibility_control.h
[1.937s] -- Up-to-date: /root/ros2_testing/install/turtlesim/lib/libturtlesim__rosidl_typesupport_introspection_c.so
[1.938s] -- Up-to-date: /root/ros2_testing/install/turtlesim/lib/libturtlesim__rosidl_typesupport_c.so
[1.939s] -- Up-to-date: /root/ros2_testing/install/turtlesim/include/turtlesim/turtlesim
[1.940s] -- Up-to-date: /root/ros2_testing/install/turtlesim/include/turtlesim/turtlesim/srv
[1.940s] -- Up-to-date: /root/ros2_testing/install/turtlesim/include/turtlesim/turtlesim/srv/detail
[1.941s] -- Up-to-date: /root/ros2_testing/install/turtlesim/include/turtlesim/turtlesim/srv/detail/teleport_absolute__type_support.cpp
[1.942s] -- Up-to-date: /root/ros2_testing/install/turtlesim/include/turtlesim/turtlesim/srv/detail/spawn__type_support.cpp
[1.942s] -- Up-to-date: /root/ros2_testing/install/turtlesim/include/turtlesim/turtlesim/srv/detail/kill__type_support.cpp
[1.943s] -- Up-to-date: /root/ros2_testing/install/turtlesim/include/turtlesim/turtlesim/srv/detail/teleport_relative__rosidl_typesupport_introspection_cpp.hpp
[1.943s] -- Up-to-date: /root/ros2_testing/install/turtlesim/include/turtlesim/turtlesim/srv/detail/set_pen__rosidl_typesupport_introspection_cpp.hpp
[1.943s] -- Up-to-date: /root/ros2_testing/install/turtlesim/include/turtlesim/turtlesim/srv/detail/spawn__rosidl_typesupport_introspection_cpp.hpp
[1.944s] -- Up-to-date: /root/ros2_testing/install/turtlesim/include/turtlesim/turtlesim/srv/detail/teleport_relative__type_support.cpp
[1.945s] -- Up-to-date: /root/ros2_testing/install/turtlesim/include/turtlesim/turtlesim/srv/detail/teleport_absolute__rosidl_typesupport_introspection_cpp.hpp
[1.945s] -- Up-to-date: /root/ros2_testing/install/turtlesim/include/turtlesim/turtlesim/srv/detail/kill__rosidl_typesupport_introspection_cpp.hpp
[1.945s] -- Up-to-date: /root/ros2_testing/install/turtlesim/include/turtlesim/turtlesim/srv/detail/set_pen__type_support.cpp
[1.945s] -- Up-to-date: /root/ros2_testing/install/turtlesim/include/turtlesim/turtlesim/action
[1.945s] -- Up-to-date: /root/ros2_testing/install/turtlesim/include/turtlesim/turtlesim/action/detail
[1.946s] -- Up-to-date: /root/ros2_testing/install/turtlesim/include/turtlesim/turtlesim/action/detail/rotate_absolute__type_support.cpp
[1.946s] -- Up-to-date: /root/ros2_testing/install/turtlesim/include/turtlesim/turtlesim/action/detail/rotate_absolute__rosidl_typesupport_introspection_cpp.hpp
[1.946s] -- Up-to-date: /root/ros2_testing/install/turtlesim/include/turtlesim/turtlesim/msg
[1.946s] -- Up-to-date: /root/ros2_testing/install/turtlesim/include/turtlesim/turtlesim/msg/detail
[1.946s] -- Up-to-date: /root/ros2_testing/install/turtlesim/include/turtlesim/turtlesim/msg/detail/pose__rosidl_typesupport_introspection_cpp.hpp
[1.947s] -- Up-to-date: /root/ros2_testing/install/turtlesim/include/turtlesim/turtlesim/msg/detail/color__type_support.cpp
[1.947s] -- Up-to-date: /root/ros2_testing/install/turtlesim/include/turtlesim/turtlesim/msg/detail/color__rosidl_typesupport_introspection_cpp.hpp
[1.947s] -- Up-to-date: /root/ros2_testing/install/turtlesim/include/turtlesim/turtlesim/msg/detail/pose__type_support.cpp
[1.947s] -- Up-to-date: /root/ros2_testing/install/turtlesim/lib/libturtlesim__rosidl_typesupport_introspection_cpp.so
[1.948s] -- Up-to-date: /root/ros2_testing/install/turtlesim/lib/libturtlesim__rosidl_typesupport_cpp.so
[1.948s] -- Up-to-date: /root/ros2_testing/install/turtlesim/share/turtlesim/environment/pythonpath.sh
[1.948s] -- Up-to-date: /root/ros2_testing/install/turtlesim/share/turtlesim/environment/pythonpath.dsv
[1.948s] -- Up-to-date: /root/ros2_testing/install/turtlesim/local/lib/python3.10/dist-packages/turtlesim-1.4.1-py3.10.egg-info
[1.949s] -- Installing: /root/ros2_testing/install/turtlesim/local/lib/python3.10/dist-packages/turtlesim-1.4.1-py3.10.egg-info/top_level.txt
[1.949s] -- Installing: /root/ros2_testing/install/turtlesim/local/lib/python3.10/dist-packages/turtlesim-1.4.1-py3.10.egg-info/dependency_links.txt
[1.949s] -- Installing: /root/ros2_testing/install/turtlesim/local/lib/python3.10/dist-packages/turtlesim-1.4.1-py3.10.egg-info/PKG-INFO
[1.949s] -- Installing: /root/ros2_testing/install/turtlesim/local/lib/python3.10/dist-packages/turtlesim-1.4.1-py3.10.egg-info/SOURCES.txt
[1.950s] -- Up-to-date: /root/ros2_testing/install/turtlesim/local/lib/python3.10/dist-packages/turtlesim
[1.950s] -- Up-to-date: /root/ros2_testing/install/turtlesim/local/lib/python3.10/dist-packages/turtlesim/__init__.py
[1.950s] -- Up-to-date: /root/ros2_testing/install/turtlesim/local/lib/python3.10/dist-packages/turtlesim/srv
[1.950s] -- Up-to-date: /root/ros2_testing/install/turtlesim/local/lib/python3.10/dist-packages/turtlesim/srv/__init__.py
[1.951s] -- Up-to-date: /root/ros2_testing/install/turtlesim/local/lib/python3.10/dist-packages/turtlesim/srv/_teleport_absolute_s.c
[1.951s] -- Up-to-date: /root/ros2_testing/install/turtlesim/local/lib/python3.10/dist-packages/turtlesim/srv/_set_pen.py
[1.951s] -- Up-to-date: /root/ros2_testing/install/turtlesim/local/lib/python3.10/dist-packages/turtlesim/srv/_kill.py
[1.952s] -- Up-to-date: /root/ros2_testing/install/turtlesim/local/lib/python3.10/dist-packages/turtlesim/srv/_kill_s.c
[1.952s] -- Up-to-date: /root/ros2_testing/install/turtlesim/local/lib/python3.10/dist-packages/turtlesim/srv/_teleport_relative.py
[1.952s] -- Up-to-date: /root/ros2_testing/install/turtlesim/local/lib/python3.10/dist-packages/turtlesim/srv/_teleport_relative_s.c
[1.952s] -- Up-to-date: /root/ros2_testing/install/turtlesim/local/lib/python3.10/dist-packages/turtlesim/srv/_teleport_absolute.py
[1.953s] -- Up-to-date: /root/ros2_testing/install/turtlesim/local/lib/python3.10/dist-packages/turtlesim/srv/_spawn.py
[1.953s] -- Up-to-date: /root/ros2_testing/install/turtlesim/local/lib/python3.10/dist-packages/turtlesim/srv/_spawn_s.c
[1.953s] -- Up-to-date: /root/ros2_testing/install/turtlesim/local/lib/python3.10/dist-packages/turtlesim/srv/_set_pen_s.c
[1.953s] -- Up-to-date: /root/ros2_testing/install/turtlesim/local/lib/python3.10/dist-packages/turtlesim/action
[1.954s] -- Up-to-date: /root/ros2_testing/install/turtlesim/local/lib/python3.10/dist-packages/turtlesim/action/__init__.py
[1.954s] -- Up-to-date: /root/ros2_testing/install/turtlesim/local/lib/python3.10/dist-packages/turtlesim/action/_rotate_absolute_s.c
[1.955s] -- Up-to-date: /root/ros2_testing/install/turtlesim/local/lib/python3.10/dist-packages/turtlesim/action/_rotate_absolute.py
[1.955s] -- Up-to-date: /root/ros2_testing/install/turtlesim/local/lib/python3.10/dist-packages/turtlesim/turtlesim_s__rosidl_typesupport_introspection_c.cpython-310-x86_64-linux-gnu.so
[1.955s] -- Up-to-date: /root/ros2_testing/install/turtlesim/local/lib/python3.10/dist-packages/turtlesim/_turtlesim_s.ep.rosidl_typesupport_c.c
[1.955s] -- Up-to-date: /root/ros2_testing/install/turtlesim/local/lib/python3.10/dist-packages/turtlesim/msg
[1.956s] -- Up-to-date: /root/ros2_testing/install/turtlesim/local/lib/python3.10/dist-packages/turtlesim/msg/_color.py
[1.956s] -- Up-to-date: /root/ros2_testing/install/turtlesim/local/lib/python3.10/dist-packages/turtlesim/msg/__init__.py
[1.956s] -- Up-to-date: /root/ros2_testing/install/turtlesim/local/lib/python3.10/dist-packages/turtlesim/msg/_pose.py
[1.956s] -- Up-to-date: /root/ros2_testing/install/turtlesim/local/lib/python3.10/dist-packages/turtlesim/msg/_pose_s.c
[1.957s] -- Up-to-date: /root/ros2_testing/install/turtlesim/local/lib/python3.10/dist-packages/turtlesim/msg/_color_s.c
[1.957s] -- Up-to-date: /root/ros2_testing/install/turtlesim/local/lib/python3.10/dist-packages/turtlesim/turtlesim_s__rosidl_typesupport_c.cpython-310-x86_64-linux-gnu.so
[1.957s] -- Up-to-date: /root/ros2_testing/install/turtlesim/local/lib/python3.10/dist-packages/turtlesim/_turtlesim_s.ep.rosidl_typesupport_introspection_c.c
[1.957s] -- Up-to-date: /root/ros2_testing/install/turtlesim/local/lib/python3.10/dist-packages/turtlesim/_turtlesim_s.ep.rosidl_typesupport_fastrtps_c.c
[1.958s] -- Up-to-date: /root/ros2_testing/install/turtlesim/local/lib/python3.10/dist-packages/turtlesim/libturtlesim__rosidl_generator_py.so
[1.958s] -- Up-to-date: /root/ros2_testing/install/turtlesim/local/lib/python3.10/dist-packages/turtlesim/turtlesim_s__rosidl_typesupport_fastrtps_c.cpython-310-x86_64-linux-gnu.so
[1.979s] Listing '/root/ros2_testing/install/turtlesim/local/lib/python3.10/dist-packages/turtlesim'...
[1.979s] Listing '/root/ros2_testing/install/turtlesim/local/lib/python3.10/dist-packages/turtlesim/action'...
[1.984s] Listing '/root/ros2_testing/install/turtlesim/local/lib/python3.10/dist-packages/turtlesim/msg'...
[1.991s] Listing '/root/ros2_testing/install/turtlesim/local/lib/python3.10/dist-packages/turtlesim/srv'...
[2.022s] -- Up-to-date: /root/ros2_testing/install/turtlesim/local/lib/python3.10/dist-packages/turtlesim/turtlesim_s__rosidl_typesupport_fastrtps_c.cpython-310-x86_64-linux-gnu.so
[2.026s] -- Up-to-date: /root/ros2_testing/install/turtlesim/local/lib/python3.10/dist-packages/turtlesim/turtlesim_s__rosidl_typesupport_introspection_c.cpython-310-x86_64-linux-gnu.so
[2.026s] -- Up-to-date: /root/ros2_testing/install/turtlesim/local/lib/python3.10/dist-packages/turtlesim/turtlesim_s__rosidl_typesupport_c.cpython-310-x86_64-linux-gnu.so
[2.027s] -- Up-to-date: /root/ros2_testing/install/turtlesim/lib/libturtlesim__rosidl_generator_py.so
[2.028s] -- Up-to-date: /root/ros2_testing/install/turtlesim/share/turtlesim/action/RotateAbsolute.idl
[2.028s] -- Up-to-date: /root/ros2_testing/install/turtlesim/share/turtlesim/msg/Color.idl
[2.028s] -- Up-to-date: /root/ros2_testing/install/turtlesim/share/turtlesim/msg/Pose.idl
[2.029s] -- Up-to-date: /root/ros2_testing/install/turtlesim/share/turtlesim/srv/Kill.idl
[2.029s] -- Up-to-date: /root/ros2_testing/install/turtlesim/share/turtlesim/srv/SetPen.idl
[2.030s] -- Up-to-date: /root/ros2_testing/install/turtlesim/share/turtlesim/srv/Spawn.idl
[2.034s] -- Up-to-date: /root/ros2_testing/install/turtlesim/share/turtlesim/srv/TeleportAbsolute.idl
[2.035s] -- Up-to-date: /root/ros2_testing/install/turtlesim/share/turtlesim/srv/TeleportRelative.idl
[2.035s] -- Up-to-date: /root/ros2_testing/install/turtlesim/share/turtlesim/action/RotateAbsolute.action
[2.035s] -- Up-to-date: /root/ros2_testing/install/turtlesim/share/turtlesim/msg/Color.msg
[2.036s] -- Up-to-date: /root/ros2_testing/install/turtlesim/share/turtlesim/msg/Pose.msg
[2.036s] -- Up-to-date: /root/ros2_testing/install/turtlesim/share/turtlesim/srv/Kill.srv
[2.037s] -- Up-to-date: /root/ros2_testing/install/turtlesim/share/turtlesim/srv/Kill_Request.msg
[2.038s] -- Up-to-date: /root/ros2_testing/install/turtlesim/share/turtlesim/srv/Kill_Response.msg
[2.038s] -- Up-to-date: /root/ros2_testing/install/turtlesim/share/turtlesim/srv/SetPen.srv
[2.038s] -- Up-to-date: /root/ros2_testing/install/turtlesim/share/turtlesim/srv/SetPen_Request.msg
[2.039s] -- Up-to-date: /root/ros2_testing/install/turtlesim/share/turtlesim/srv/SetPen_Response.msg
[2.040s] -- Up-to-date: /root/ros2_testing/install/turtlesim/share/turtlesim/srv/Spawn.srv
[2.046s] -- Up-to-date: /root/ros2_testing/install/turtlesim/share/turtlesim/srv/Spawn_Request.msg
[2.046s] -- Up-to-date: /root/ros2_testing/install/turtlesim/share/turtlesim/srv/Spawn_Response.msg
[2.046s] -- Up-to-date: /root/ros2_testing/install/turtlesim/share/turtlesim/srv/TeleportAbsolute.srv
[2.047s] -- Up-to-date: /root/ros2_testing/install/turtlesim/share/turtlesim/srv/TeleportAbsolute_Request.msg
[2.048s] -- Up-to-date: /root/ros2_testing/install/turtlesim/share/turtlesim/srv/TeleportAbsolute_Response.msg
[2.048s] -- Up-to-date: /root/ros2_testing/install/turtlesim/share/turtlesim/srv/TeleportRelative.srv
[2.049s] -- Up-to-date: /root/ros2_testing/install/turtlesim/share/turtlesim/srv/TeleportRelative_Request.msg
[2.050s] -- Up-to-date: /root/ros2_testing/install/turtlesim/share/turtlesim/srv/TeleportRelative_Response.msg
[2.050s] -- Up-to-date: /root/ros2_testing/install/turtlesim/lib/turtlesim/turtlesim_node
[2.050s] -- Up-to-date: /root/ros2_testing/install/turtlesim/lib/turtlesim/turtle_teleop_key
[2.050s] -- Up-to-date: /root/ros2_testing/install/turtlesim/lib/turtlesim/draw_square
[2.050s] -- Up-to-date: /root/ros2_testing/install/turtlesim/lib/turtlesim/mimic
[2.052s] -- Up-to-date: /root/ros2_testing/install/turtlesim/share/turtlesim/images
[2.052s] -- Up-to-date: /root/ros2_testing/install/turtlesim/share/turtlesim/images/galactic.png
[2.053s] -- Up-to-date: /root/ros2_testing/install/turtlesim/share/turtlesim/images/bouncy.png
[2.053s] -- Up-to-date: /root/ros2_testing/install/turtlesim/share/turtlesim/images/foxy.png
[2.059s] -- Up-to-date: /root/ros2_testing/install/turtlesim/share/turtlesim/images/ardent.png
[2.060s] -- Up-to-date: /root/ros2_testing/install/turtlesim/share/turtlesim/images/humble.png
[2.060s] -- Up-to-date: /root/ros2_testing/install/turtlesim/share/turtlesim/images/crystal.png
[2.062s] -- Up-to-date: /root/ros2_testing/install/turtlesim/share/turtlesim/images/dashing.png
[2.063s] -- Up-to-date: /root/ros2_testing/install/turtlesim/share/turtlesim/images/eloquent.png
[2.064s] -- Up-to-date: /root/ros2_testing/install/turtlesim/share/turtlesim/images/rolling.png
[2.070s] -- Up-to-date: /root/ros2_testing/install/turtlesim/share/turtlesim/launch
[2.071s] -- Up-to-date: /root/ros2_testing/install/turtlesim/share/turtlesim/launch/multisim.launch.py
[2.071s] -- Up-to-date: /root/ros2_testing/install/turtlesim/share/ament_index/resource_index/package_run_dependencies/turtlesim
[2.072s] -- Up-to-date: /root/ros2_testing/install/turtlesim/share/ament_index/resource_index/parent_prefix_path/turtlesim
[2.072s] -- Up-to-date: /root/ros2_testing/install/turtlesim/share/turtlesim/environment/ament_prefix_path.sh
[2.073s] -- Up-to-date: /root/ros2_testing/install/turtlesim/share/turtlesim/environment/ament_prefix_path.dsv
[2.073s] -- Up-to-date: /root/ros2_testing/install/turtlesim/share/turtlesim/environment/path.sh
[2.074s] -- Up-to-date: /root/ros2_testing/install/turtlesim/share/turtlesim/environment/path.dsv
[2.074s] -- Up-to-date: /root/ros2_testing/install/turtlesim/share/turtlesim/local_setup.bash
[2.075s] -- Up-to-date: /root/ros2_testing/install/turtlesim/share/turtlesim/local_setup.sh
[2.076s] -- Up-to-date: /root/ros2_testing/install/turtlesim/share/turtlesim/local_setup.zsh
[2.076s] -- Up-to-date: /root/ros2_testing/install/turtlesim/share/turtlesim/local_setup.dsv
[2.076s] -- Installing: /root/ros2_testing/install/turtlesim/share/turtlesim/package.dsv
[2.077s] -- Up-to-date: /root/ros2_testing/install/turtlesim/share/ament_index/resource_index/packages/turtlesim
[2.080s] -- Up-to-date: /root/ros2_testing/install/turtlesim/share/turtlesim/cmake/export_turtlesim__rosidl_generator_cExport.cmake
[2.080s] -- Up-to-date: /root/ros2_testing/install/turtlesim/share/turtlesim/cmake/export_turtlesim__rosidl_generator_cExport-noconfig.cmake
[2.081s] -- Up-to-date: /root/ros2_testing/install/turtlesim/share/turtlesim/cmake/export_turtlesim__rosidl_typesupport_fastrtps_cExport.cmake
[2.082s] -- Up-to-date: /root/ros2_testing/install/turtlesim/share/turtlesim/cmake/export_turtlesim__rosidl_typesupport_fastrtps_cExport-noconfig.cmake
[2.082s] -- Up-to-date: /root/ros2_testing/install/turtlesim/share/turtlesim/cmake/export_turtlesim__rosidl_generator_cppExport.cmake
[2.083s] -- Up-to-date: /root/ros2_testing/install/turtlesim/share/turtlesim/cmake/export_turtlesim__rosidl_typesupport_fastrtps_cppExport.cmake
[2.083s] -- Up-to-date: /root/ros2_testing/install/turtlesim/share/turtlesim/cmake/export_turtlesim__rosidl_typesupport_fastrtps_cppExport-noconfig.cmake
[2.083s] -- Up-to-date: /root/ros2_testing/install/turtlesim/share/turtlesim/cmake/turtlesim__rosidl_typesupport_introspection_cExport.cmake
[2.083s] -- Up-to-date: /root/ros2_testing/install/turtlesim/share/turtlesim/cmake/turtlesim__rosidl_typesupport_introspection_cExport-noconfig.cmake
[2.085s] -- Up-to-date: /root/ros2_testing/install/turtlesim/share/turtlesim/cmake/turtlesim__rosidl_typesupport_cExport.cmake
[2.087s] -- Up-to-date: /root/ros2_testing/install/turtlesim/share/turtlesim/cmake/turtlesim__rosidl_typesupport_cExport-noconfig.cmake
[2.087s] -- Up-to-date: /root/ros2_testing/install/turtlesim/share/turtlesim/cmake/turtlesim__rosidl_typesupport_introspection_cppExport.cmake
[2.088s] -- Up-to-date: /root/ros2_testing/install/turtlesim/share/turtlesim/cmake/turtlesim__rosidl_typesupport_introspection_cppExport-noconfig.cmake
[2.090s] -- Up-to-date: /root/ros2_testing/install/turtlesim/share/turtlesim/cmake/turtlesim__rosidl_typesupport_cppExport.cmake
[2.093s] -- Up-to-date: /root/ros2_testing/install/turtlesim/share/turtlesim/cmake/turtlesim__rosidl_typesupport_cppExport-noconfig.cmake
[2.100s] -- Up-to-date: /root/ros2_testing/install/turtlesim/share/turtlesim/cmake/export_turtlesim__rosidl_generator_pyExport.cmake
[2.101s] -- Up-to-date: /root/ros2_testing/install/turtlesim/share/turtlesim/cmake/export_turtlesim__rosidl_generator_pyExport-noconfig.cmake
[2.103s] -- Up-to-date: /root/ros2_testing/install/turtlesim/share/turtlesim/cmake/rosidl_cmake-extras.cmake
[2.103s] -- Up-to-date: /root/ros2_testing/install/turtlesim/share/turtlesim/cmake/ament_cmake_export_dependencies-extras.cmake
[2.103s] -- Up-to-date: /root/ros2_testing/install/turtlesim/share/turtlesim/cmake/ament_cmake_export_include_directories-extras.cmake
[2.104s] -- Up-to-date: /root/ros2_testing/install/turtlesim/share/turtlesim/cmake/ament_cmake_export_libraries-extras.cmake
[2.105s] -- Up-to-date: /root/ros2_testing/install/turtlesim/share/turtlesim/cmake/ament_cmake_export_targets-extras.cmake
[2.105s] -- Up-to-date: /root/ros2_testing/install/turtlesim/share/turtlesim/cmake/rosidl_cmake_export_typesupport_targets-extras.cmake
[2.106s] -- Up-to-date: /root/ros2_testing/install/turtlesim/share/turtlesim/cmake/rosidl_cmake_export_typesupport_libraries-extras.cmake
[2.106s] -- Up-to-date: /root/ros2_testing/install/turtlesim/share/turtlesim/cmake/turtlesimConfig.cmake
[2.107s] -- Up-to-date: /root/ros2_testing/install/turtlesim/share/turtlesim/cmake/turtlesimConfig-version.cmake
[2.107s] -- Up-to-date: /root/ros2_testing/install/turtlesim/share/turtlesim/package.xml
[2.126s] Invoked command in '/root/ros2_testing/build/turtlesim' returned '0': CMAKE_PREFIX_PATH=/opt/ros/humble /usr/bin/cmake --install /root/ros2_testing/build/turtlesim
