-- The C compiler identification is GNU 11.3.0
-- The CXX compiler identification is GNU 11.3.0
-- Detecting C compiler ABI info
-- Detecting C compiler ABI info - done
-- Check for working C compiler: /usr/bin/cc - skipped
-- Detecting C compile features
-- Detecting C compile features - done
-- Detecting CXX compiler ABI info
-- Detecting CXX compiler ABI info - done
-- Check for working CXX compiler: /usr/bin/c++ - skipped
-- Detecting CXX compile features
-- Detecting CXX compile features - done
-- Found ament_cmake: 1.3.3 (/opt/ros/humble/share/ament_cmake/cmake)
-- Found Python3: /usr/bin/python3.10 (found version "3.10.6") found components: Interpreter 
-- Found ament_cmake_ros: 0.10.0 (/opt/ros/humble/share/ament_cmake_ros/cmake)
-- Found canopen_core: 0.0.1 (/root/ros2_testing/install/canopen_core/share/canopen_core/cmake)
-- Found rosidl_generator_c: 3.1.4 (/opt/ros/humble/share/rosidl_generator_c/cmake)
-- Found rosidl_adapter: 3.1.4 (/opt/ros/humble/share/rosidl_adapter/cmake)
-- Found rosidl_generator_cpp: 3.1.4 (/opt/ros/humble/share/rosidl_generator_cpp/cmake)
-- Using all available rosidl_typesupport_c: rosidl_typesupport_fastrtps_c;rosidl_typesupport_introspection_c
-- Using all available rosidl_typesupport_cpp: rosidl_typesupport_fastrtps_cpp;rosidl_typesupport_introspection_cpp
-- Found rmw_implementation_cmake: 6.1.1 (/opt/ros/humble/share/rmw_implementation_cmake/cmake)
-- Found rmw_fastrtps_cpp: 6.2.2 (/opt/ros/humble/share/rmw_fastrtps_cpp/cmake)
-- Found OpenSSL: /usr/lib/x86_64-linux-gnu/libcrypto.so (found version "3.0.2")  
-- Found FastRTPS: /opt/ros/humble/include  
-- Using RMW implementation 'rmw_fastrtps_cpp' as default
-- Looking for pthread.h
-- Looking for pthread.h - found
-- Performing Test CMAKE_HAVE_LIBC_PTHREAD
-- Performing Test CMAKE_HAVE_LIBC_PTHREAD - Success
-- Found Threads: TRUE  
-- Found std_srvs: 4.2.3 (/opt/ros/humble/share/std_srvs/cmake)
-- Found gtest sources under '/opt/ros/humble/src/gtest_vendor': C++ tests using 'Google Test' will be built
-- Configuring done
-- Generating done
-- Build files have been written to: /root/ros2_testing/build/canopen_base_driver
[  6%] [32mBuilding CXX object CMakeFiles/lely_driver_bridge.dir/src/lely_driver_bridge.cpp.o[0m
[ 12%] [32mBuilding CXX object gtest/CMakeFiles/gtest_main.dir/src/gtest_main.cc.o[0m
[ 18%] [32mBuilding CXX object gtest/CMakeFiles/gtest.dir/src/gtest-all.cc.o[0m
[ 25%] [32m[1mLinking CXX static library libgtest_main.a[0m
[ 25%] Built target gtest_main
[01m[K/root/ros2_testing/src/ros2_canopen/canopen_base_driver/src/lely_driver_bridge.cpp:[m[K In member function ‘[01m[Kvirtual void ros2_canopen::LelyDriverBridge::OnEmcy(uint16_t, uint8_t, uint8_t*)[m[K’:
[01m[K/root/ros2_testing/src/ros2_canopen/canopen_base_driver/src/lely_driver_bridge.cpp:136:25:[m[K [01;35m[Kwarning: [m[Kmissing initializer for member ‘[01m[Kros2_canopen::COEmcy::msef[m[K’ [[01;35m[K-Wmissing-field-initializers[m[K]
  136 |   COEmcy emcy = {eec, er[01;35m[K}[m[K;
      |                         [01;35m[K^[m[K
[ 31%] [32m[1mLinking CXX static library libgtest.a[0m
[ 31%] Built target gtest
[ 37%] [32mBuilding CXX object test/CMakeFiles/test_base_driver_component.dir/test_base_driver_component.cpp.o[0m
[ 43%] [32m[1mLinking CXX shared library liblely_driver_bridge.so[0m
[ 43%] Built target lely_driver_bridge
[ 50%] [32mBuilding CXX object CMakeFiles/node_canopen_base_driver.dir/src/node_interfaces/node_canopen_base_driver.cpp.o[0m
[ 56%] [32m[1mLinking CXX executable test_base_driver_component[0m
In file included from [01m[K/root/ros2_testing/src/ros2_canopen/canopen_base_driver/include/canopen_base_driver/node_interfaces/node_canopen_base_driver.hpp:4[m[K,
                 from [01m[K/root/ros2_testing/src/ros2_canopen/canopen_base_driver/src/node_interfaces/node_canopen_base_driver.cpp:1[m[K:
[01m[K/root/ros2_testing/src/ros2_canopen/canopen_base_driver/include/canopen_base_driver/lely_driver_bridge.hpp:[m[K In member function ‘[01m[Kbool ros2_canopen::LelyDriverBridge::wait_for_boot()[m[K’:
[01m[K/root/ros2_testing/src/ros2_canopen/canopen_base_driver/include/canopen_base_driver/lely_driver_bridge.hpp:330:3:[m[K [01;35m[Kwarning: [m[Kcontrol reaches end of non-void function [[01;35m[K-Wreturn-type[m[K]
  330 |   [01;35m[K}[m[K
      |   [01;35m[K^[m[K
[ 56%] Built target test_base_driver_component
[ 62%] [32m[1mLinking CXX shared library libnode_canopen_base_driver.so[0m
[ 62%] Built target node_canopen_base_driver
[ 68%] [32mBuilding CXX object CMakeFiles/base_driver.dir/src/base_driver.cpp.o[0m
[ 75%] [32mBuilding CXX object test/CMakeFiles/test_node_canopen_base_driver_ros.dir/test_node_canopen_base_driver_ros.cpp.o[0m
[ 81%] [32mBuilding CXX object CMakeFiles/lifecycle_base_driver.dir/src/lifecycle_base_driver.cpp.o[0m
[ 87%] [32m[1mLinking CXX shared library libbase_driver.so[0m
[ 93%] [32m[1mLinking CXX shared library liblifecycle_base_driver.so[0m
[100%] [32m[1mLinking CXX executable test_node_canopen_base_driver_ros[0m
[100%] Built target base_driver
[100%] Built target lifecycle_base_driver
[100%] Built target test_node_canopen_base_driver_ros
-- Install configuration: ""
-- Installing: /root/ros2_testing/install/canopen_base_driver/include
-- Installing: /root/ros2_testing/install/canopen_base_driver/include/canopen_base_driver
-- Installing: /root/ros2_testing/install/canopen_base_driver/include/canopen_base_driver/lely_driver_bridge.hpp
-- Installing: /root/ros2_testing/install/canopen_base_driver/include/canopen_base_driver/lifecycle_base_driver.hpp
-- Installing: /root/ros2_testing/install/canopen_base_driver/include/canopen_base_driver/base_driver.hpp
-- Installing: /root/ros2_testing/install/canopen_base_driver/include/canopen_base_driver/node_interfaces
-- Installing: /root/ros2_testing/install/canopen_base_driver/include/canopen_base_driver/node_interfaces/node_canopen_base_driver_impl.hpp
-- Installing: /root/ros2_testing/install/canopen_base_driver/include/canopen_base_driver/node_interfaces/node_canopen_base_driver.hpp
-- Installing: /root/ros2_testing/install/canopen_base_driver/include/canopen_base_driver/visibility_control.h
-- Installing: /root/ros2_testing/install/canopen_base_driver/lib/liblifecycle_base_driver.so
-- Set runtime path of "/root/ros2_testing/install/canopen_base_driver/lib/liblifecycle_base_driver.so" to ""
-- Installing: /root/ros2_testing/install/canopen_base_driver/lib/libbase_driver.so
-- Set runtime path of "/root/ros2_testing/install/canopen_base_driver/lib/libbase_driver.so" to ""
-- Installing: /root/ros2_testing/install/canopen_base_driver/lib/libnode_canopen_base_driver.so
-- Set runtime path of "/root/ros2_testing/install/canopen_base_driver/lib/libnode_canopen_base_driver.so" to ""
-- Installing: /root/ros2_testing/install/canopen_base_driver/lib/liblely_driver_bridge.so
-- Set runtime path of "/root/ros2_testing/install/canopen_base_driver/lib/liblely_driver_bridge.so" to ""
-- Installing: /root/ros2_testing/install/canopen_base_driver/share/canopen_base_driver/environment/library_path.sh
-- Installing: /root/ros2_testing/install/canopen_base_driver/share/canopen_base_driver/environment/library_path.dsv
-- Installing: /root/ros2_testing/install/canopen_base_driver/share/ament_index/resource_index/package_run_dependencies/canopen_base_driver
-- Installing: /root/ros2_testing/install/canopen_base_driver/share/ament_index/resource_index/parent_prefix_path/canopen_base_driver
-- Installing: /root/ros2_testing/install/canopen_base_driver/share/canopen_base_driver/environment/ament_prefix_path.sh
-- Installing: /root/ros2_testing/install/canopen_base_driver/share/canopen_base_driver/environment/ament_prefix_path.dsv
-- Installing: /root/ros2_testing/install/canopen_base_driver/share/canopen_base_driver/environment/path.sh
-- Installing: /root/ros2_testing/install/canopen_base_driver/share/canopen_base_driver/environment/path.dsv
-- Installing: /root/ros2_testing/install/canopen_base_driver/share/canopen_base_driver/local_setup.bash
-- Installing: /root/ros2_testing/install/canopen_base_driver/share/canopen_base_driver/local_setup.sh
-- Installing: /root/ros2_testing/install/canopen_base_driver/share/canopen_base_driver/local_setup.zsh
-- Installing: /root/ros2_testing/install/canopen_base_driver/share/canopen_base_driver/local_setup.dsv
-- Installing: /root/ros2_testing/install/canopen_base_driver/share/canopen_base_driver/package.dsv
-- Installing: /root/ros2_testing/install/canopen_base_driver/share/ament_index/resource_index/packages/canopen_base_driver
-- Installing: /root/ros2_testing/install/canopen_base_driver/share/ament_index/resource_index/rclcpp_components/canopen_base_driver
-- Installing: /root/ros2_testing/install/canopen_base_driver/share/canopen_base_driver/cmake/export_canopen_base_driverExport.cmake
-- Installing: /root/ros2_testing/install/canopen_base_driver/share/canopen_base_driver/cmake/export_canopen_base_driverExport-noconfig.cmake
-- Installing: /root/ros2_testing/install/canopen_base_driver/share/canopen_base_driver/cmake/ament_cmake_export_include_directories-extras.cmake
-- Installing: /root/ros2_testing/install/canopen_base_driver/share/canopen_base_driver/cmake/ament_cmake_export_libraries-extras.cmake
-- Installing: /root/ros2_testing/install/canopen_base_driver/share/canopen_base_driver/cmake/ament_cmake_export_targets-extras.cmake
-- Installing: /root/ros2_testing/install/canopen_base_driver/share/canopen_base_driver/cmake/ament_cmake_export_dependencies-extras.cmake
-- Installing: /root/ros2_testing/install/canopen_base_driver/share/canopen_base_driver/cmake/canopen_base_driverConfig.cmake
-- Installing: /root/ros2_testing/install/canopen_base_driver/share/canopen_base_driver/cmake/canopen_base_driverConfig-version.cmake
-- Installing: /root/ros2_testing/install/canopen_base_driver/share/canopen_base_driver/package.xml
