-- The C compiler identification is GNU 11.3.0
-- The CXX compiler identification is GNU 11.3.0
-- Detecting C compiler ABI info
-- Detecting C compiler ABI info - done
-- Check for working C compiler: /usr/bin/cc - skipped
-- Detecting C compile features
-- Detecting C compile features - done
-- Detecting CXX compiler ABI info
-- Detecting CXX compiler ABI info - done
-- Check for working CXX compiler: /usr/bin/c++ - skipped
-- Detecting CXX compile features
-- Detecting CXX compile features - done
-- Found ament_cmake: 1.3.3 (/opt/ros/humble/share/ament_cmake/cmake)
-- Found Python3: /usr/bin/python3.10 (found version "3.10.6") found components: Interpreter 
-- Found rosidl_default_generators: 1.2.0 (/opt/ros/humble/share/rosidl_default_generators/cmake)
-- Using all available rosidl_typesupport_c: rosidl_typesupport_fastrtps_c;rosidl_typesupport_introspection_c
-- Found rosidl_adapter: 3.1.4 (/opt/ros/humble/share/rosidl_adapter/cmake)
-- Using all available rosidl_typesupport_cpp: rosidl_typesupport_fastrtps_cpp;rosidl_typesupport_introspection_cpp
-- Found ament_cmake_ros: 0.10.0 (/opt/ros/humble/share/ament_cmake_ros/cmake)
-- Using all available rosidl_typesupport_c: rosidl_typesupport_fastrtps_c;rosidl_typesupport_introspection_c
-- Using all available rosidl_typesupport_cpp: rosidl_typesupport_fastrtps_cpp;rosidl_typesupport_introspection_cpp
-- Found PythonInterp: /usr/bin/python3 (found suitable version "3.10.6", minimum required is "3.6") 
-- Found python_cmake_module: 0.10.0 (/opt/ros/humble/share/python_cmake_module/cmake)
-- Found PythonLibs: /usr/lib/x86_64-linux-gnu/libpython3.10.so (found suitable version "3.10.6", minimum required is "3.5") 
-- Using PYTHON_EXECUTABLE: /usr/bin/python3
-- Using PYTHON_INCLUDE_DIRS: /usr/include/python3.10
-- Using PYTHON_LIBRARIES: /usr/lib/x86_64-linux-gnu/libpython3.10.so
-- Found PythonExtra: .so  
-- Found ament_lint_auto: 0.12.5 (/opt/ros/humble/share/ament_lint_auto/cmake)
-- Added test 'copyright' to check source files copyright and LICENSE
-- Added test 'lint_cmake' to check CMake code style
-- Added test 'xmllint' to check XML markup files
-- Configuring done
-- Generating done
-- Build files have been written to: /root/ros2_testing/build/canopen_interfaces
[  1%] [34m[1mGenerating C code for ROS interfaces[0m
[  2%] [34m[1mGenerating C++ code for ROS interfaces[0m
[  2%] Built target ament_cmake_python_copy_canopen_interfaces
running egg_info
creating canopen_interfaces.egg-info
writing canopen_interfaces.egg-info/PKG-INFO
writing dependency_links to canopen_interfaces.egg-info/dependency_links.txt
writing top-level names to canopen_interfaces.egg-info/top_level.txt
writing manifest file 'canopen_interfaces.egg-info/SOURCES.txt'
reading manifest file 'canopen_interfaces.egg-info/SOURCES.txt'
writing manifest file 'canopen_interfaces.egg-info/SOURCES.txt'
[  2%] Built target ament_cmake_python_build_canopen_interfaces_egg
[  2%] Built target canopen_interfaces__cpp
[  3%] [34m[1mGenerating C++ type support dispatch for ROS interfaces[0m
[  4%] [34m[1mGenerating C++ type support for eProsima Fast-RTPS[0m
[  5%] [34m[1mGenerating C++ introspection for ROS interfaces[0m
[  6%] [32mBuilding C object CMakeFiles/canopen_interfaces__rosidl_generator_c.dir/rosidl_generator_c/canopen_interfaces/srv/detail/co_heartbeat_id__functions.c.o[0m
[  7%] [32mBuilding C object CMakeFiles/canopen_interfaces__rosidl_generator_c.dir/rosidl_generator_c/canopen_interfaces/srv/detail/co_read_id__functions.c.o[0m
[  8%] [32mBuilding C object CMakeFiles/canopen_interfaces__rosidl_generator_c.dir/rosidl_generator_c/canopen_interfaces/srv/detail/co_nmt_id__functions.c.o[0m
[  9%] [32mBuilding C object CMakeFiles/canopen_interfaces__rosidl_generator_c.dir/rosidl_generator_c/canopen_interfaces/srv/detail/co_read__functions.c.o[0m
[ 10%] [32mBuilding C object CMakeFiles/canopen_interfaces__rosidl_generator_c.dir/rosidl_generator_c/canopen_interfaces/srv/detail/co_write__functions.c.o[0m
[ 11%] [32mBuilding C object CMakeFiles/canopen_interfaces__rosidl_generator_c.dir/rosidl_generator_c/canopen_interfaces/srv/detail/co_write_id__functions.c.o[0m
[ 12%] [32mBuilding C object CMakeFiles/canopen_interfaces__rosidl_generator_c.dir/rosidl_generator_c/canopen_interfaces/srv/detail/co_target_double__functions.c.o[0m
[ 13%] [32mBuilding C object CMakeFiles/canopen_interfaces__rosidl_generator_c.dir/rosidl_generator_c/canopen_interfaces/msg/detail/co_data__functions.c.o[0m
[ 14%] [32mBuilding C object CMakeFiles/canopen_interfaces__rosidl_generator_c.dir/rosidl_generator_c/canopen_interfaces/srv/detail/co_node__functions.c.o[0m
[ 15%] [32m[1mLinking C shared library libcanopen_interfaces__rosidl_generator_c.so[0m
[ 15%] Built target canopen_interfaces__rosidl_generator_c
[ 16%] [34m[1mGenerating C type support for eProsima Fast-RTPS[0m
[ 17%] [34m[1mGenerating C introspection for ROS interfaces[0m
[ 18%] [34m[1mGenerating C type support dispatch for ROS interfaces[0m
[ 20%] [32mBuilding CXX object CMakeFiles/canopen_interfaces__rosidl_typesupport_cpp.dir/rosidl_typesupport_cpp/canopen_interfaces/srv/co_heartbeat_id__type_support.cpp.o[0m
[ 21%] [32mBuilding CXX object CMakeFiles/canopen_interfaces__rosidl_typesupport_cpp.dir/rosidl_typesupport_cpp/canopen_interfaces/srv/co_nmt_id__type_support.cpp.o[0m
[ 22%] [32mBuilding CXX object CMakeFiles/canopen_interfaces__rosidl_typesupport_cpp.dir/rosidl_typesupport_cpp/canopen_interfaces/srv/co_read__type_support.cpp.o[0m
[ 23%] [32mBuilding CXX object CMakeFiles/canopen_interfaces__rosidl_typesupport_introspection_cpp.dir/rosidl_typesupport_introspection_cpp/canopen_interfaces/srv/detail/co_heartbeat_id__type_support.cpp.o[0m
[ 24%] [32mBuilding CXX object CMakeFiles/canopen_interfaces__rosidl_typesupport_introspection_cpp.dir/rosidl_typesupport_introspection_cpp/canopen_interfaces/srv/detail/co_nmt_id__type_support.cpp.o[0m
[ 25%] [32mBuilding CXX object CMakeFiles/canopen_interfaces__rosidl_typesupport_cpp.dir/rosidl_typesupport_cpp/canopen_interfaces/srv/co_read_id__type_support.cpp.o[0m
[ 26%] [32mBuilding CXX object CMakeFiles/canopen_interfaces__rosidl_typesupport_fastrtps_cpp.dir/rosidl_typesupport_fastrtps_cpp/canopen_interfaces/srv/detail/dds_fastrtps/co_heartbeat_id__type_support.cpp.o[0m
[ 27%] [32mBuilding CXX object CMakeFiles/canopen_interfaces__rosidl_typesupport_cpp.dir/rosidl_typesupport_cpp/canopen_interfaces/srv/co_write__type_support.cpp.o[0m
[ 28%] [32mBuilding CXX object CMakeFiles/canopen_interfaces__rosidl_typesupport_c.dir/rosidl_typesupport_c/canopen_interfaces/srv/co_heartbeat_id__type_support.cpp.o[0m
[ 29%] [32mBuilding CXX object CMakeFiles/canopen_interfaces__rosidl_typesupport_c.dir/rosidl_typesupport_c/canopen_interfaces/srv/co_nmt_id__type_support.cpp.o[0m
[ 30%] [32mBuilding CXX object CMakeFiles/canopen_interfaces__rosidl_typesupport_c.dir/rosidl_typesupport_c/canopen_interfaces/srv/co_read__type_support.cpp.o[0m
[ 31%] [32mBuilding CXX object CMakeFiles/canopen_interfaces__rosidl_typesupport_c.dir/rosidl_typesupport_c/canopen_interfaces/srv/co_read_id__type_support.cpp.o[0m
[ 32%] [32mBuilding CXX object CMakeFiles/canopen_interfaces__rosidl_typesupport_c.dir/rosidl_typesupport_c/canopen_interfaces/srv/co_write__type_support.cpp.o[0m
[ 33%] [32mBuilding CXX object CMakeFiles/canopen_interfaces__rosidl_typesupport_c.dir/rosidl_typesupport_c/canopen_interfaces/srv/co_write_id__type_support.cpp.o[0m
[ 34%] [32mBuilding CXX object CMakeFiles/canopen_interfaces__rosidl_typesupport_introspection_cpp.dir/rosidl_typesupport_introspection_cpp/canopen_interfaces/srv/detail/co_read__type_support.cpp.o[0m
[ 35%] [32mBuilding CXX object CMakeFiles/canopen_interfaces__rosidl_typesupport_fastrtps_c.dir/rosidl_typesupport_fastrtps_c/canopen_interfaces/srv/detail/co_heartbeat_id__type_support_c.cpp.o[0m
[ 36%] [32mBuilding CXX object CMakeFiles/canopen_interfaces__rosidl_typesupport_fastrtps_c.dir/rosidl_typesupport_fastrtps_c/canopen_interfaces/srv/detail/co_nmt_id__type_support_c.cpp.o[0m
[ 37%] [32mBuilding CXX object CMakeFiles/canopen_interfaces__rosidl_typesupport_c.dir/rosidl_typesupport_c/canopen_interfaces/srv/co_target_double__type_support.cpp.o[0m
[ 38%] [32mBuilding CXX object CMakeFiles/canopen_interfaces__rosidl_typesupport_c.dir/rosidl_typesupport_c/canopen_interfaces/srv/co_node__type_support.cpp.o[0m
[ 40%] [32mBuilding CXX object CMakeFiles/canopen_interfaces__rosidl_typesupport_cpp.dir/rosidl_typesupport_cpp/canopen_interfaces/srv/co_write_id__type_support.cpp.o[0m
[ 41%] [32mBuilding CXX object CMakeFiles/canopen_interfaces__rosidl_typesupport_cpp.dir/rosidl_typesupport_cpp/canopen_interfaces/srv/co_target_double__type_support.cpp.o[0m
[ 42%] [32mBuilding CXX object CMakeFiles/canopen_interfaces__rosidl_typesupport_c.dir/rosidl_typesupport_c/canopen_interfaces/msg/co_data__type_support.cpp.o[0m
[ 43%] [32mBuilding CXX object CMakeFiles/canopen_interfaces__rosidl_typesupport_fastrtps_cpp.dir/rosidl_typesupport_fastrtps_cpp/canopen_interfaces/srv/detail/dds_fastrtps/co_nmt_id__type_support.cpp.o[0m
[ 44%] [32m[1mLinking CXX shared library libcanopen_interfaces__rosidl_typesupport_c.so[0m
[ 45%] [32mBuilding C object CMakeFiles/canopen_interfaces__rosidl_typesupport_introspection_c.dir/rosidl_typesupport_introspection_c/canopen_interfaces/srv/detail/co_heartbeat_id__type_support.c.o[0m
[ 45%] Built target canopen_interfaces__rosidl_typesupport_c
[ 46%] [32mBuilding CXX object CMakeFiles/canopen_interfaces__rosidl_typesupport_cpp.dir/rosidl_typesupport_cpp/canopen_interfaces/srv/co_node__type_support.cpp.o[0m
[ 47%] [32mBuilding C object CMakeFiles/canopen_interfaces__rosidl_typesupport_introspection_c.dir/rosidl_typesupport_introspection_c/canopen_interfaces/srv/detail/co_nmt_id__type_support.c.o[0m
[ 48%] [32mBuilding C object CMakeFiles/canopen_interfaces__rosidl_typesupport_introspection_c.dir/rosidl_typesupport_introspection_c/canopen_interfaces/srv/detail/co_read__type_support.c.o[0m
[ 49%] [32mBuilding CXX object CMakeFiles/canopen_interfaces__rosidl_typesupport_fastrtps_cpp.dir/rosidl_typesupport_fastrtps_cpp/canopen_interfaces/srv/detail/dds_fastrtps/co_read__type_support.cpp.o[0m
gmake[2]: *** [CMakeFiles/canopen_interfaces__rosidl_typesupport_fastrtps_cpp.dir/build.make:161: CMakeFiles/canopen_interfaces__rosidl_typesupport_fastrtps_cpp.dir/rosidl_typesupport_fastrtps_cpp/canopen_interfaces/srv/detail/dds_fastrtps/co_nmt_id__type_support.cpp.o] Interrupt
gmake[2]: *** [CMakeFiles/canopen_interfaces__rosidl_typesupport_fastrtps_cpp.dir/build.make:175: CMakeFiles/canopen_interfaces__rosidl_typesupport_fastrtps_cpp.dir/rosidl_typesupport_fastrtps_cpp/canopen_interfaces/srv/detail/dds_fastrtps/co_read__type_support.cpp.o] Interrupt
gmake[2]: *** [CMakeFiles/canopen_interfaces__rosidl_typesupport_fastrtps_c.dir/build.make:147: CMakeFiles/canopen_interfaces__rosidl_typesupport_fastrtps_c.dir/rosidl_typesupport_fastrtps_c/canopen_interfaces/srv/detail/co_heartbeat_id__type_support_c.cpp.o] Interrupt
gmake[2]: *** [CMakeFiles/canopen_interfaces__rosidl_typesupport_introspection_cpp.dir/build.make:175: CMakeFiles/canopen_interfaces__rosidl_typesupport_introspection_cpp.dir/rosidl_typesupport_introspection_cpp/canopen_interfaces/srv/detail/co_read__type_support.cpp.o] Interrupt
gmake[1]: *** [CMakeFiles/Makefile2:343: CMakeFiles/canopen_interfaces__rosidl_typesupport_fastrtps_cpp.dir/all] Interrupt
gmake[1]: *** [CMakeFiles/Makefile2:239: CMakeFiles/canopen_interfaces__rosidl_typesupport_fastrtps_c.dir/all] Interrupt
gmake[1]: *** [CMakeFiles/Makefile2:369: CMakeFiles/canopen_interfaces__rosidl_typesupport_introspection_cpp.dir/all] Interrupt
gmake[2]: *** [CMakeFiles/canopen_interfaces__rosidl_typesupport_introspection_c.dir/build.make:175: CMakeFiles/canopen_interfaces__rosidl_typesupport_introspection_c.dir/rosidl_typesupport_introspection_c/canopen_interfaces/srv/detail/co_read__type_support.c.o] Interrupt
gmake[1]: *** [CMakeFiles/Makefile2:265: CMakeFiles/canopen_interfaces__rosidl_typesupport_introspection_c.dir/all] Interrupt
gmake[2]: *** [CMakeFiles/canopen_interfaces__rosidl_typesupport_cpp.dir/build.make:188: CMakeFiles/canopen_interfaces__rosidl_typesupport_cpp.dir/rosidl_typesupport_cpp/canopen_interfaces/srv/co_write_id__type_support.cpp.o] Interrupt
gmake[2]: *** [CMakeFiles/canopen_interfaces__rosidl_typesupport_cpp.dir/build.make:216: CMakeFiles/canopen_interfaces__rosidl_typesupport_cpp.dir/rosidl_typesupport_cpp/canopen_interfaces/srv/co_node__type_support.cpp.o] Interrupt
gmake[2]: *** [CMakeFiles/canopen_interfaces__rosidl_typesupport_cpp.dir/build.make:229: CMakeFiles/canopen_interfaces__rosidl_typesupport_cpp.dir/rosidl_typesupport_cpp/canopen_interfaces/msg/co_data__type_support.cpp.o] Interrupt
gmake[1]: *** [CMakeFiles/Makefile2:395: CMakeFiles/canopen_interfaces__rosidl_typesupport_cpp.dir/all] Interrupt
gmake: *** [Makefile:146: all] Interrupt
