[0.065s] Invoking command in '/root/ros2_testing/build/canopen_interfaces': CMAKE_PREFIX_PATH=/opt/ros/humble /usr/bin/cmake /root/ros2_testing/src/ros2_canopen/canopen_interfaces -DCMAKE_INSTALL_PREFIX=/root/ros2_testing/install/canopen_interfaces
[0.334s] -- The C compiler identification is GNU 11.3.0
[0.480s] -- The CXX compiler identification is GNU 11.3.0
[0.503s] -- Detecting C compiler ABI info
[0.649s] -- Detecting C compiler ABI info - done
[0.661s] -- Check for working C compiler: /usr/bin/cc - skipped
[0.663s] -- Detecting C compile features
[0.664s] -- Detecting C compile features - done
[0.672s] -- Detecting CXX compiler ABI info
[0.818s] -- Detecting CXX compiler ABI info - done
[0.835s] -- Check for working CXX compiler: /usr/bin/c++ - skipped
[0.835s] -- Detecting CXX compile features
[0.836s] -- Detecting CXX compile features - done
[0.864s] -- Found ament_cmake: 1.3.3 (/opt/ros/humble/share/ament_cmake/cmake)
[1.125s] -- Found Python3: /usr/bin/python3.10 (found version "3.10.6") found components: Interpreter 
[1.312s] -- Found rosidl_default_generators: 1.2.0 (/opt/ros/humble/share/rosidl_default_generators/cmake)
[1.322s] -- Using all available rosidl_typesupport_c: rosidl_typesupport_fastrtps_c;rosidl_typesupport_introspection_c
[1.336s] -- Found rosidl_adapter: 3.1.4 (/opt/ros/humble/share/rosidl_adapter/cmake)
[1.437s] -- Using all available rosidl_typesupport_cpp: rosidl_typesupport_fastrtps_cpp;rosidl_typesupport_introspection_cpp
[2.088s] -- Found ament_cmake_ros: 0.10.0 (/opt/ros/humble/share/ament_cmake_ros/cmake)
[2.351s] -- Using all available rosidl_typesupport_c: rosidl_typesupport_fastrtps_c;rosidl_typesupport_introspection_c
[2.730s] -- Using all available rosidl_typesupport_cpp: rosidl_typesupport_fastrtps_cpp;rosidl_typesupport_introspection_cpp
[2.761s] -- Found PythonInterp: /usr/bin/python3 (found suitable version "3.10.6", minimum required is "3.6") 
[2.765s] -- Found python_cmake_module: 0.10.0 (/opt/ros/humble/share/python_cmake_module/cmake)
[2.797s] -- Found PythonLibs: /usr/lib/x86_64-linux-gnu/libpython3.10.so (found suitable version "3.10.6", minimum required is "3.5") 
[2.798s] -- Using PYTHON_EXECUTABLE: /usr/bin/python3
[2.798s] -- Using PYTHON_INCLUDE_DIRS: /usr/include/python3.10
[2.798s] -- Using PYTHON_LIBRARIES: /usr/lib/x86_64-linux-gnu/libpython3.10.so
[2.830s] -- Found PythonExtra: .so  
[2.885s] -- Found ament_lint_auto: 0.12.5 (/opt/ros/humble/share/ament_lint_auto/cmake)
[2.980s] -- Added test 'copyright' to check source files copyright and LICENSE
[2.986s] -- Added test 'lint_cmake' to check CMake code style
[2.989s] -- Added test 'xmllint' to check XML markup files
[2.999s] -- Configuring done
[3.130s] -- Generating done
[3.136s] -- Build files have been written to: /root/ros2_testing/build/canopen_interfaces
[3.151s] Invoked command in '/root/ros2_testing/build/canopen_interfaces' returned '0': CMAKE_PREFIX_PATH=/opt/ros/humble /usr/bin/cmake /root/ros2_testing/src/ros2_canopen/canopen_interfaces -DCMAKE_INSTALL_PREFIX=/root/ros2_testing/install/canopen_interfaces
[3.152s] Invoking command in '/root/ros2_testing/build/canopen_interfaces': CMAKE_PREFIX_PATH=/opt/ros/humble /usr/bin/cmake --build /root/ros2_testing/build/canopen_interfaces -- -j8 -l8
[3.227s] [  1%] [34m[1mGenerating C code for ROS interfaces[0m
[3.254s] [  2%] [34m[1mGenerating C++ code for ROS interfaces[0m
[3.270s] [  2%] Built target ament_cmake_python_copy_canopen_interfaces
[3.981s] running egg_info
[3.984s] creating canopen_interfaces.egg-info
[3.985s] writing canopen_interfaces.egg-info/PKG-INFO
[3.987s] writing dependency_links to canopen_interfaces.egg-info/dependency_links.txt
[3.989s] writing top-level names to canopen_interfaces.egg-info/top_level.txt
[3.991s] writing manifest file 'canopen_interfaces.egg-info/SOURCES.txt'
[4.000s] reading manifest file 'canopen_interfaces.egg-info/SOURCES.txt'
[4.002s] writing manifest file 'canopen_interfaces.egg-info/SOURCES.txt'
[4.084s] [  2%] Built target ament_cmake_python_build_canopen_interfaces_egg
[5.989s] [  2%] Built target canopen_interfaces__cpp
[6.032s] [  3%] [34m[1mGenerating C++ type support dispatch for ROS interfaces[0m
[6.049s] [  4%] [34m[1mGenerating C++ type support for eProsima Fast-RTPS[0m
[6.051s] [  5%] [34m[1mGenerating C++ introspection for ROS interfaces[0m
[6.296s] [  6%] [32mBuilding C object CMakeFiles/canopen_interfaces__rosidl_generator_c.dir/rosidl_generator_c/canopen_interfaces/srv/detail/co_heartbeat_id__functions.c.o[0m
[6.323s] [  7%] [32mBuilding C object CMakeFiles/canopen_interfaces__rosidl_generator_c.dir/rosidl_generator_c/canopen_interfaces/srv/detail/co_read_id__functions.c.o[0m
[6.330s] [  8%] [32mBuilding C object CMakeFiles/canopen_interfaces__rosidl_generator_c.dir/rosidl_generator_c/canopen_interfaces/srv/detail/co_nmt_id__functions.c.o[0m
[6.344s] [  9%] [32mBuilding C object CMakeFiles/canopen_interfaces__rosidl_generator_c.dir/rosidl_generator_c/canopen_interfaces/srv/detail/co_read__functions.c.o[0m
[6.375s] [ 10%] [32mBuilding C object CMakeFiles/canopen_interfaces__rosidl_generator_c.dir/rosidl_generator_c/canopen_interfaces/srv/detail/co_write__functions.c.o[0m
[6.516s] [ 11%] [32mBuilding C object CMakeFiles/canopen_interfaces__rosidl_generator_c.dir/rosidl_generator_c/canopen_interfaces/srv/detail/co_write_id__functions.c.o[0m
[6.656s] [ 12%] [32mBuilding C object CMakeFiles/canopen_interfaces__rosidl_generator_c.dir/rosidl_generator_c/canopen_interfaces/srv/detail/co_target_double__functions.c.o[0m
[6.711s] [ 13%] [32mBuilding C object CMakeFiles/canopen_interfaces__rosidl_generator_c.dir/rosidl_generator_c/canopen_interfaces/msg/detail/co_data__functions.c.o[0m
[6.712s] [ 14%] [32mBuilding C object CMakeFiles/canopen_interfaces__rosidl_generator_c.dir/rosidl_generator_c/canopen_interfaces/srv/detail/co_node__functions.c.o[0m
[6.903s] [ 15%] [32m[1mLinking C shared library libcanopen_interfaces__rosidl_generator_c.so[0m
[7.030s] [ 15%] Built target canopen_interfaces__rosidl_generator_c
[7.084s] [ 16%] [34m[1mGenerating C type support for eProsima Fast-RTPS[0m
[7.085s] [ 17%] [34m[1mGenerating C introspection for ROS interfaces[0m
[7.115s] [ 18%] [34m[1mGenerating C type support dispatch for ROS interfaces[0m
[7.965s] [ 20%] [32mBuilding CXX object CMakeFiles/canopen_interfaces__rosidl_typesupport_cpp.dir/rosidl_typesupport_cpp/canopen_interfaces/srv/co_heartbeat_id__type_support.cpp.o[0m
[7.975s] [ 21%] [32mBuilding CXX object CMakeFiles/canopen_interfaces__rosidl_typesupport_cpp.dir/rosidl_typesupport_cpp/canopen_interfaces/srv/co_nmt_id__type_support.cpp.o[0m
[8.007s] [ 22%] [32mBuilding CXX object CMakeFiles/canopen_interfaces__rosidl_typesupport_cpp.dir/rosidl_typesupport_cpp/canopen_interfaces/srv/co_read__type_support.cpp.o[0m
[9.197s] [ 23%] [32mBuilding CXX object CMakeFiles/canopen_interfaces__rosidl_typesupport_introspection_cpp.dir/rosidl_typesupport_introspection_cpp/canopen_interfaces/srv/detail/co_heartbeat_id__type_support.cpp.o[0m
[9.397s] [ 24%] [32mBuilding CXX object CMakeFiles/canopen_interfaces__rosidl_typesupport_introspection_cpp.dir/rosidl_typesupport_introspection_cpp/canopen_interfaces/srv/detail/co_nmt_id__type_support.cpp.o[0m
[9.587s] [ 25%] [32mBuilding CXX object CMakeFiles/canopen_interfaces__rosidl_typesupport_cpp.dir/rosidl_typesupport_cpp/canopen_interfaces/srv/co_read_id__type_support.cpp.o[0m
[9.652s] [ 26%] [32mBuilding CXX object CMakeFiles/canopen_interfaces__rosidl_typesupport_fastrtps_cpp.dir/rosidl_typesupport_fastrtps_cpp/canopen_interfaces/srv/detail/dds_fastrtps/co_heartbeat_id__type_support.cpp.o[0m
[9.682s] [ 27%] [32mBuilding CXX object CMakeFiles/canopen_interfaces__rosidl_typesupport_cpp.dir/rosidl_typesupport_cpp/canopen_interfaces/srv/co_write__type_support.cpp.o[0m
[10.115s] [ 28%] [32mBuilding CXX object CMakeFiles/canopen_interfaces__rosidl_typesupport_c.dir/rosidl_typesupport_c/canopen_interfaces/srv/co_heartbeat_id__type_support.cpp.o[0m
[10.368s] [ 29%] [32mBuilding CXX object CMakeFiles/canopen_interfaces__rosidl_typesupport_c.dir/rosidl_typesupport_c/canopen_interfaces/srv/co_nmt_id__type_support.cpp.o[0m
[10.634s] [ 30%] [32mBuilding CXX object CMakeFiles/canopen_interfaces__rosidl_typesupport_c.dir/rosidl_typesupport_c/canopen_interfaces/srv/co_read__type_support.cpp.o[0m
[10.933s] [ 31%] [32mBuilding CXX object CMakeFiles/canopen_interfaces__rosidl_typesupport_c.dir/rosidl_typesupport_c/canopen_interfaces/srv/co_read_id__type_support.cpp.o[0m
[11.186s] [ 32%] [32mBuilding CXX object CMakeFiles/canopen_interfaces__rosidl_typesupport_c.dir/rosidl_typesupport_c/canopen_interfaces/srv/co_write__type_support.cpp.o[0m
[11.221s] [ 33%] [32mBuilding CXX object CMakeFiles/canopen_interfaces__rosidl_typesupport_c.dir/rosidl_typesupport_c/canopen_interfaces/srv/co_write_id__type_support.cpp.o[0m
[11.260s] [ 34%] [32mBuilding CXX object CMakeFiles/canopen_interfaces__rosidl_typesupport_introspection_cpp.dir/rosidl_typesupport_introspection_cpp/canopen_interfaces/srv/detail/co_read__type_support.cpp.o[0m
[11.304s] [ 35%] [32mBuilding CXX object CMakeFiles/canopen_interfaces__rosidl_typesupport_fastrtps_c.dir/rosidl_typesupport_fastrtps_c/canopen_interfaces/srv/detail/co_heartbeat_id__type_support_c.cpp.o[0m
[11.409s] [ 36%] [32mBuilding CXX object CMakeFiles/canopen_interfaces__rosidl_typesupport_fastrtps_c.dir/rosidl_typesupport_fastrtps_c/canopen_interfaces/srv/detail/co_nmt_id__type_support_c.cpp.o[0m
[11.458s] [ 37%] [32mBuilding CXX object CMakeFiles/canopen_interfaces__rosidl_typesupport_c.dir/rosidl_typesupport_c/canopen_interfaces/srv/co_target_double__type_support.cpp.o[0m
[11.763s] [ 38%] [32mBuilding CXX object CMakeFiles/canopen_interfaces__rosidl_typesupport_c.dir/rosidl_typesupport_c/canopen_interfaces/srv/co_node__type_support.cpp.o[0m
[11.764s] [ 40%] [32mBuilding CXX object CMakeFiles/canopen_interfaces__rosidl_typesupport_cpp.dir/rosidl_typesupport_cpp/canopen_interfaces/srv/co_write_id__type_support.cpp.o[0m
[11.804s] [ 41%] [32mBuilding CXX object CMakeFiles/canopen_interfaces__rosidl_typesupport_cpp.dir/rosidl_typesupport_cpp/canopen_interfaces/srv/co_target_double__type_support.cpp.o[0m
[11.967s] [ 42%] [32mBuilding CXX object CMakeFiles/canopen_interfaces__rosidl_typesupport_c.dir/rosidl_typesupport_c/canopen_interfaces/msg/co_data__type_support.cpp.o[0m
[12.262s] [ 43%] [32mBuilding CXX object CMakeFiles/canopen_interfaces__rosidl_typesupport_fastrtps_cpp.dir/rosidl_typesupport_fastrtps_cpp/canopen_interfaces/srv/detail/dds_fastrtps/co_nmt_id__type_support.cpp.o[0m
[12.263s] [ 44%] [32m[1mLinking CXX shared library libcanopen_interfaces__rosidl_typesupport_c.so[0m
[12.568s] [ 45%] [32mBuilding C object CMakeFiles/canopen_interfaces__rosidl_typesupport_introspection_c.dir/rosidl_typesupport_introspection_c/canopen_interfaces/srv/detail/co_heartbeat_id__type_support.c.o[0m
[12.603s] [ 45%] Built target canopen_interfaces__rosidl_typesupport_c
[12.667s] [ 46%] [32mBuilding CXX object CMakeFiles/canopen_interfaces__rosidl_typesupport_cpp.dir/rosidl_typesupport_cpp/canopen_interfaces/srv/co_node__type_support.cpp.o[0m
[12.840s] [ 47%] [32mBuilding C object CMakeFiles/canopen_interfaces__rosidl_typesupport_introspection_c.dir/rosidl_typesupport_introspection_c/canopen_interfaces/srv/detail/co_nmt_id__type_support.c.o[0m
[13.124s] [ 48%] [32mBuilding C object CMakeFiles/canopen_interfaces__rosidl_typesupport_introspection_c.dir/rosidl_typesupport_introspection_c/canopen_interfaces/srv/detail/co_read__type_support.c.o[0m
[13.173s] [ 49%] [32mBuilding CXX object CMakeFiles/canopen_interfaces__rosidl_typesupport_fastrtps_cpp.dir/rosidl_typesupport_fastrtps_cpp/canopen_interfaces/srv/detail/dds_fastrtps/co_read__type_support.cpp.o[0m
[13.324s] gmake[2]: *** [CMakeFiles/canopen_interfaces__rosidl_typesupport_fastrtps_cpp.dir/build.make:161: CMakeFiles/canopen_interfaces__rosidl_typesupport_fastrtps_cpp.dir/rosidl_typesupport_fastrtps_cpp/canopen_interfaces/srv/detail/dds_fastrtps/co_nmt_id__type_support.cpp.o] Interrupt
[13.327s] gmake[2]: *** [CMakeFiles/canopen_interfaces__rosidl_typesupport_fastrtps_cpp.dir/build.make:175: CMakeFiles/canopen_interfaces__rosidl_typesupport_fastrtps_cpp.dir/rosidl_typesupport_fastrtps_cpp/canopen_interfaces/srv/detail/dds_fastrtps/co_read__type_support.cpp.o] Interrupt
[13.329s] gmake[2]: *** [CMakeFiles/canopen_interfaces__rosidl_typesupport_fastrtps_c.dir/build.make:147: CMakeFiles/canopen_interfaces__rosidl_typesupport_fastrtps_c.dir/rosidl_typesupport_fastrtps_c/canopen_interfaces/srv/detail/co_heartbeat_id__type_support_c.cpp.o] Interrupt
[13.332s] gmake[2]: *** [CMakeFiles/canopen_interfaces__rosidl_typesupport_introspection_cpp.dir/build.make:175: CMakeFiles/canopen_interfaces__rosidl_typesupport_introspection_cpp.dir/rosidl_typesupport_introspection_cpp/canopen_interfaces/srv/detail/co_read__type_support.cpp.o] Interrupt
[13.335s] gmake[1]: *** [CMakeFiles/Makefile2:343: CMakeFiles/canopen_interfaces__rosidl_typesupport_fastrtps_cpp.dir/all] Interrupt
[13.368s] gmake[1]: *** [CMakeFiles/Makefile2:239: CMakeFiles/canopen_interfaces__rosidl_typesupport_fastrtps_c.dir/all] Interrupt
[13.368s] gmake[1]: *** [CMakeFiles/Makefile2:369: CMakeFiles/canopen_interfaces__rosidl_typesupport_introspection_cpp.dir/all] Interrupt
[13.368s] gmake[2]: *** [CMakeFiles/canopen_interfaces__rosidl_typesupport_introspection_c.dir/build.make:175: CMakeFiles/canopen_interfaces__rosidl_typesupport_introspection_c.dir/rosidl_typesupport_introspection_c/canopen_interfaces/srv/detail/co_read__type_support.c.o] Interrupt
[13.368s] gmake[1]: *** [CMakeFiles/Makefile2:265: CMakeFiles/canopen_interfaces__rosidl_typesupport_introspection_c.dir/all] Interrupt
[13.393s] gmake[2]: *** [CMakeFiles/canopen_interfaces__rosidl_typesupport_cpp.dir/build.make:188: CMakeFiles/canopen_interfaces__rosidl_typesupport_cpp.dir/rosidl_typesupport_cpp/canopen_interfaces/srv/co_write_id__type_support.cpp.o] Interrupt
[13.393s] gmake[2]: *** [CMakeFiles/canopen_interfaces__rosidl_typesupport_cpp.dir/build.make:216: CMakeFiles/canopen_interfaces__rosidl_typesupport_cpp.dir/rosidl_typesupport_cpp/canopen_interfaces/srv/co_node__type_support.cpp.o] Interrupt
[13.394s] gmake[2]: *** [CMakeFiles/canopen_interfaces__rosidl_typesupport_cpp.dir/build.make:229: CMakeFiles/canopen_interfaces__rosidl_typesupport_cpp.dir/rosidl_typesupport_cpp/canopen_interfaces/msg/co_data__type_support.cpp.o] Interrupt
[13.402s] gmake[1]: *** [CMakeFiles/Makefile2:395: CMakeFiles/canopen_interfaces__rosidl_typesupport_cpp.dir/all] Interrupt
[13.404s] gmake: *** [Makefile:146: all] Interrupt
[13.546s] Invoked command in '/root/ros2_testing/build/canopen_interfaces' returned '-2': CMAKE_PREFIX_PATH=/opt/ros/humble /usr/bin/cmake --build /root/ros2_testing/build/canopen_interfaces -- -j8 -l8
