-- The C compiler identification is GNU 11.3.0
-- The CXX compiler identification is GNU 11.3.0
-- Detecting C compiler ABI info
-- Detecting C compiler ABI info - done
-- Check for working C compiler: /usr/bin/cc - skipped
-- Detecting C compile features
-- Detecting C compile features - done
-- Detecting CXX compiler ABI info
-- Detecting CXX compiler ABI info - done
-- Check for working CXX compiler: /usr/bin/c++ - skipped
-- Detecting CXX compile features
-- Detecting CXX compile features - done
-- Found ros2_control_test_assets: 2.20.0 (/opt/ros/humble/share/ros2_control_test_assets/cmake)
-- Found Python3: /usr/bin/python3.10 (found version "3.10.6") found components: Interpreter 
-- Found ament_cmake_gmock: 1.3.3 (/opt/ros/humble/share/ament_cmake_gmock/cmake)
-- Found ament_cmake: 1.3.3 (/opt/ros/humble/share/ament_cmake/cmake)
-- Found canopen_402_driver: 0.0.1 (/root/ros2_testing/install/canopen_402_driver/share/canopen_402_driver/cmake)
-- Found rosidl_generator_c: 3.1.4 (/opt/ros/humble/share/rosidl_generator_c/cmake)
-- Found rosidl_adapter: 3.1.4 (/opt/ros/humble/share/rosidl_adapter/cmake)
-- Found rosidl_generator_cpp: 3.1.4 (/opt/ros/humble/share/rosidl_generator_cpp/cmake)
-- Using all available rosidl_typesupport_c: rosidl_typesupport_fastrtps_c;rosidl_typesupport_introspection_c
-- Using all available rosidl_typesupport_cpp: rosidl_typesupport_fastrtps_cpp;rosidl_typesupport_introspection_cpp
-- Found rmw_implementation_cmake: 6.1.1 (/opt/ros/humble/share/rmw_implementation_cmake/cmake)
-- Found rmw_fastrtps_cpp: 6.2.2 (/opt/ros/humble/share/rmw_fastrtps_cpp/cmake)
-- Found OpenSSL: /usr/lib/x86_64-linux-gnu/libcrypto.so (found version "3.0.2")  
-- Found FastRTPS: /opt/ros/humble/include  
-- Using RMW implementation 'rmw_fastrtps_cpp' as default
-- Looking for pthread.h
-- Looking for pthread.h - found
-- Performing Test CMAKE_HAVE_LIBC_PTHREAD
-- Performing Test CMAKE_HAVE_LIBC_PTHREAD - Success
-- Found Threads: TRUE  
-- Found hardware_interface: 2.20.0 (/opt/ros/humble/share/hardware_interface/cmake)
-- Configuring done
-- Generating done
-- Build files have been written to: /root/ros2_testing/build/canopen_ros2_control
[ 33%] [32mBuilding CXX object CMakeFiles/canopen_ros2_control.dir/src/canopen_system.cpp.o[0m
[ 66%] [32mBuilding CXX object CMakeFiles/canopen_ros2_control.dir/src/cia402_system.cpp.o[0m
[100%] [32m[1mLinking CXX shared library libcanopen_ros2_control.so[0m
[100%] Built target canopen_ros2_control
-- Install configuration: ""
-- Installing: /root/ros2_testing/install/canopen_ros2_control/share/canopen_ros2_control/canopen_ros2_control.xml
-- Installing: /root/ros2_testing/install/canopen_ros2_control/lib/libcanopen_ros2_control.so
-- Set runtime path of "/root/ros2_testing/install/canopen_ros2_control/lib/libcanopen_ros2_control.so" to ""
-- Installing: /root/ros2_testing/install/canopen_ros2_control/include
-- Installing: /root/ros2_testing/install/canopen_ros2_control/include/canopen_ros2_control
-- Installing: /root/ros2_testing/install/canopen_ros2_control/include/canopen_ros2_control/cia402_system.hpp
-- Installing: /root/ros2_testing/install/canopen_ros2_control/include/canopen_ros2_control/canopen_system.hpp
-- Installing: /root/ros2_testing/install/canopen_ros2_control/include/canopen_ros2_control/visibility_control.h
-- Installing: /root/ros2_testing/install/canopen_ros2_control/share/canopen_ros2_control/launch
-- Installing: /root/ros2_testing/install/canopen_ros2_control/share/canopen_ros2_control/launch/canopen_system.launch.py
-- Installing: /root/ros2_testing/install/canopen_ros2_control/share/canopen_ros2_control/launch/cia402_system.launch.py
-- Installing: /root/ros2_testing/install/canopen_ros2_control/share/canopen_ros2_control/urdf
-- Installing: /root/ros2_testing/install/canopen_ros2_control/share/canopen_ros2_control/urdf/canopen_system.urdf.xacro
-- Installing: /root/ros2_testing/install/canopen_ros2_control/share/canopen_ros2_control/urdf/canopen_system.ros2_control.xacro
-- Installing: /root/ros2_testing/install/canopen_ros2_control/share/canopen_ros2_control/urdf/cia402_system.ros2_control.xacro
-- Installing: /root/ros2_testing/install/canopen_ros2_control/share/canopen_ros2_control/urdf/cia402_system.urdf.xacro
-- Installing: /root/ros2_testing/install/canopen_ros2_control/share/canopen_ros2_control/config
-- Installing: /root/ros2_testing/install/canopen_ros2_control/share/canopen_ros2_control/config/cia402_ros2_control.yaml
-- Installing: /root/ros2_testing/install/canopen_ros2_control/share/canopen_ros2_control/config/ros2_control.yaml
-- Installing: /root/ros2_testing/install/canopen_ros2_control/share/canopen_ros2_control/environment/library_path.sh
-- Installing: /root/ros2_testing/install/canopen_ros2_control/share/canopen_ros2_control/environment/library_path.dsv
-- Installing: /root/ros2_testing/install/canopen_ros2_control/share/ament_index/resource_index/package_run_dependencies/canopen_ros2_control
-- Installing: /root/ros2_testing/install/canopen_ros2_control/share/ament_index/resource_index/parent_prefix_path/canopen_ros2_control
-- Installing: /root/ros2_testing/install/canopen_ros2_control/share/canopen_ros2_control/environment/ament_prefix_path.sh
-- Installing: /root/ros2_testing/install/canopen_ros2_control/share/canopen_ros2_control/environment/ament_prefix_path.dsv
-- Installing: /root/ros2_testing/install/canopen_ros2_control/share/canopen_ros2_control/environment/path.sh
-- Installing: /root/ros2_testing/install/canopen_ros2_control/share/canopen_ros2_control/environment/path.dsv
-- Installing: /root/ros2_testing/install/canopen_ros2_control/share/canopen_ros2_control/local_setup.bash
-- Installing: /root/ros2_testing/install/canopen_ros2_control/share/canopen_ros2_control/local_setup.sh
-- Installing: /root/ros2_testing/install/canopen_ros2_control/share/canopen_ros2_control/local_setup.zsh
-- Installing: /root/ros2_testing/install/canopen_ros2_control/share/canopen_ros2_control/local_setup.dsv
-- Installing: /root/ros2_testing/install/canopen_ros2_control/share/canopen_ros2_control/package.dsv
-- Installing: /root/ros2_testing/install/canopen_ros2_control/share/ament_index/resource_index/packages/canopen_ros2_control
-- Installing: /root/ros2_testing/install/canopen_ros2_control/share/ament_index/resource_index/hardware_interface__pluginlib__plugin/canopen_ros2_control
-- Installing: /root/ros2_testing/install/canopen_ros2_control/share/canopen_ros2_control/cmake/ament_cmake_export_include_directories-extras.cmake
-- Installing: /root/ros2_testing/install/canopen_ros2_control/share/canopen_ros2_control/cmake/ament_cmake_export_libraries-extras.cmake
-- Installing: /root/ros2_testing/install/canopen_ros2_control/share/canopen_ros2_control/cmake/ament_cmake_export_dependencies-extras.cmake
-- Installing: /root/ros2_testing/install/canopen_ros2_control/share/canopen_ros2_control/cmake/canopen_ros2_controlConfig.cmake
-- Installing: /root/ros2_testing/install/canopen_ros2_control/share/canopen_ros2_control/cmake/canopen_ros2_controlConfig-version.cmake
-- Installing: /root/ros2_testing/install/canopen_ros2_control/share/canopen_ros2_control/package.xml
