[0.068s] Invoking command in '/root/ros2_testing/build/canopen_ros2_control': AMENT_PREFIX_PATH=/root/ros2_testing/install/canopen_tests:/root/ros2_testing/install/canopen_ros2_controllers:/root/ros2_testing/install/canopen_402_driver:/root/ros2_testing/install/canopen_proxy_driver:/root/ros2_testing/install/canopen_base_driver:/root/ros2_testing/install/canopen_fake_slaves:/root/ros2_testing/install/canopen_core:/root/ros2_testing/install/lely_core_libraries:/root/ros2_testing/install/canopen_interfaces:${AMENT_PREFIX_PATH} CMAKE_PREFIX_PATH=/root/ros2_testing/install/canopen_tests:/root/ros2_testing/install/canopen_ros2_controllers:/root/ros2_testing/install/canopen_402_driver:/root/ros2_testing/install/canopen_proxy_driver:/root/ros2_testing/install/canopen_base_driver:/root/ros2_testing/install/canopen_fake_slaves:/root/ros2_testing/install/canopen_core:/root/ros2_testing/install/lely_core_libraries:/root/ros2_testing/install/canopen_interfaces:/opt/ros/humble LD_LIBRARY_PATH=/root/ros2_testing/install/canopen_ros2_controllers/lib:/root/ros2_testing/install/canopen_402_driver/lib:/root/ros2_testing/install/canopen_proxy_driver/lib:/root/ros2_testing/install/canopen_base_driver/lib:/root/ros2_testing/install/canopen_core/lib:/root/ros2_testing/install/lely_core_libraries/lib:/root/ros2_testing/install/canopen_interfaces/lib:${LD_LIBRARY_PATH} PATH=/root/ros2_testing/install/lely_core_libraries/bin:${PATH} PYTHONPATH=/root/ros2_testing/install/lely_core_libraries/lib/python3.10/site-packages:/root/ros2_testing/install/canopen_interfaces/local/lib/python3.10/dist-packages:${PYTHONPATH} /usr/bin/cmake /root/ros2_testing/src/ros2_canopen/canopen_ros2_control -DCMAKE_INSTALL_PREFIX=/root/ros2_testing/install/canopen_ros2_control
[0.167s] -- The C compiler identification is GNU 11.3.0
[0.252s] -- The CXX compiler identification is GNU 11.3.0
[0.269s] -- Detecting C compiler ABI info
[0.385s] -- Detecting C compiler ABI info - done
[0.398s] -- Check for working C compiler: /usr/bin/cc - skipped
[0.398s] -- Detecting C compile features
[0.399s] -- Detecting C compile features - done
[0.404s] -- Detecting CXX compiler ABI info
[0.540s] -- Detecting CXX compiler ABI info - done
[0.556s] -- Check for working CXX compiler: /usr/bin/c++ - skipped
[0.557s] -- Detecting CXX compile features
[0.559s] -- Detecting CXX compile features - done
[0.565s] -- Found ros2_control_test_assets: 2.20.0 (/opt/ros/humble/share/ros2_control_test_assets/cmake)
[0.795s] -- Found Python3: /usr/bin/python3.10 (found version "3.10.6") found components: Interpreter 
[0.897s] -- Found ament_cmake_gmock: 1.3.3 (/opt/ros/humble/share/ament_cmake_gmock/cmake)
[0.901s] -- Found ament_cmake: 1.3.3 (/opt/ros/humble/share/ament_cmake/cmake)
[0.968s] -- Found canopen_402_driver: 0.0.1 (/root/ros2_testing/install/canopen_402_driver/share/canopen_402_driver/cmake)
[1.039s] -- Found rosidl_generator_c: 3.1.4 (/opt/ros/humble/share/rosidl_generator_c/cmake)
[1.050s] -- Found rosidl_adapter: 3.1.4 (/opt/ros/humble/share/rosidl_adapter/cmake)
[1.064s] -- Found rosidl_generator_cpp: 3.1.4 (/opt/ros/humble/share/rosidl_generator_cpp/cmake)
[1.087s] -- Using all available rosidl_typesupport_c: rosidl_typesupport_fastrtps_c;rosidl_typesupport_introspection_c
[1.120s] -- Using all available rosidl_typesupport_cpp: rosidl_typesupport_fastrtps_cpp;rosidl_typesupport_introspection_cpp
[1.325s] -- Found rmw_implementation_cmake: 6.1.1 (/opt/ros/humble/share/rmw_implementation_cmake/cmake)
[1.331s] -- Found rmw_fastrtps_cpp: 6.2.2 (/opt/ros/humble/share/rmw_fastrtps_cpp/cmake)
[1.501s] -- Found OpenSSL: /usr/lib/x86_64-linux-gnu/libcrypto.so (found version "3.0.2")  
[1.539s] -- Found FastRTPS: /opt/ros/humble/include  
[1.603s] -- Using RMW implementation 'rmw_fastrtps_cpp' as default
[1.620s] -- Looking for pthread.h
[1.739s] -- Looking for pthread.h - found
[1.739s] -- Performing Test CMAKE_HAVE_LIBC_PTHREAD
[1.858s] -- Performing Test CMAKE_HAVE_LIBC_PTHREAD - Success
[1.860s] -- Found Threads: TRUE  
[2.787s] -- Found hardware_interface: 2.20.0 (/opt/ros/humble/share/hardware_interface/cmake)
[3.539s] -- Configuring done
[3.596s] -- Generating done
[3.599s] -- Build files have been written to: /root/ros2_testing/build/canopen_ros2_control
[3.617s] Invoked command in '/root/ros2_testing/build/canopen_ros2_control' returned '0': AMENT_PREFIX_PATH=/root/ros2_testing/install/canopen_tests:/root/ros2_testing/install/canopen_ros2_controllers:/root/ros2_testing/install/canopen_402_driver:/root/ros2_testing/install/canopen_proxy_driver:/root/ros2_testing/install/canopen_base_driver:/root/ros2_testing/install/canopen_fake_slaves:/root/ros2_testing/install/canopen_core:/root/ros2_testing/install/lely_core_libraries:/root/ros2_testing/install/canopen_interfaces:${AMENT_PREFIX_PATH} CMAKE_PREFIX_PATH=/root/ros2_testing/install/canopen_tests:/root/ros2_testing/install/canopen_ros2_controllers:/root/ros2_testing/install/canopen_402_driver:/root/ros2_testing/install/canopen_proxy_driver:/root/ros2_testing/install/canopen_base_driver:/root/ros2_testing/install/canopen_fake_slaves:/root/ros2_testing/install/canopen_core:/root/ros2_testing/install/lely_core_libraries:/root/ros2_testing/install/canopen_interfaces:/opt/ros/humble LD_LIBRARY_PATH=/root/ros2_testing/install/canopen_ros2_controllers/lib:/root/ros2_testing/install/canopen_402_driver/lib:/root/ros2_testing/install/canopen_proxy_driver/lib:/root/ros2_testing/install/canopen_base_driver/lib:/root/ros2_testing/install/canopen_core/lib:/root/ros2_testing/install/lely_core_libraries/lib:/root/ros2_testing/install/canopen_interfaces/lib:${LD_LIBRARY_PATH} PATH=/root/ros2_testing/install/lely_core_libraries/bin:${PATH} PYTHONPATH=/root/ros2_testing/install/lely_core_libraries/lib/python3.10/site-packages:/root/ros2_testing/install/canopen_interfaces/local/lib/python3.10/dist-packages:${PYTHONPATH} /usr/bin/cmake /root/ros2_testing/src/ros2_canopen/canopen_ros2_control -DCMAKE_INSTALL_PREFIX=/root/ros2_testing/install/canopen_ros2_control
[3.619s] Invoking command in '/root/ros2_testing/build/canopen_ros2_control': AMENT_PREFIX_PATH=/root/ros2_testing/install/canopen_tests:/root/ros2_testing/install/canopen_ros2_controllers:/root/ros2_testing/install/canopen_402_driver:/root/ros2_testing/install/canopen_proxy_driver:/root/ros2_testing/install/canopen_base_driver:/root/ros2_testing/install/canopen_fake_slaves:/root/ros2_testing/install/canopen_core:/root/ros2_testing/install/lely_core_libraries:/root/ros2_testing/install/canopen_interfaces:${AMENT_PREFIX_PATH} CMAKE_PREFIX_PATH=/root/ros2_testing/install/canopen_tests:/root/ros2_testing/install/canopen_ros2_controllers:/root/ros2_testing/install/canopen_402_driver:/root/ros2_testing/install/canopen_proxy_driver:/root/ros2_testing/install/canopen_base_driver:/root/ros2_testing/install/canopen_fake_slaves:/root/ros2_testing/install/canopen_core:/root/ros2_testing/install/lely_core_libraries:/root/ros2_testing/install/canopen_interfaces:/opt/ros/humble LD_LIBRARY_PATH=/root/ros2_testing/install/canopen_ros2_controllers/lib:/root/ros2_testing/install/canopen_402_driver/lib:/root/ros2_testing/install/canopen_proxy_driver/lib:/root/ros2_testing/install/canopen_base_driver/lib:/root/ros2_testing/install/canopen_core/lib:/root/ros2_testing/install/lely_core_libraries/lib:/root/ros2_testing/install/canopen_interfaces/lib:${LD_LIBRARY_PATH} PATH=/root/ros2_testing/install/lely_core_libraries/bin:${PATH} PYTHONPATH=/root/ros2_testing/install/lely_core_libraries/lib/python3.10/site-packages:/root/ros2_testing/install/canopen_interfaces/local/lib/python3.10/dist-packages:${PYTHONPATH} /usr/bin/cmake --build /root/ros2_testing/build/canopen_ros2_control -- -j8 -l8
[3.703s] [ 33%] [32mBuilding CXX object CMakeFiles/canopen_ros2_control.dir/src/canopen_system.cpp.o[0m
[3.703s] [ 66%] [32mBuilding CXX object CMakeFiles/canopen_ros2_control.dir/src/cia402_system.cpp.o[0m
[14.885s] [100%] [32m[1mLinking CXX shared library libcanopen_ros2_control.so[0m
[15.719s] [100%] Built target canopen_ros2_control
[15.738s] Invoked command in '/root/ros2_testing/build/canopen_ros2_control' returned '0': AMENT_PREFIX_PATH=/root/ros2_testing/install/canopen_tests:/root/ros2_testing/install/canopen_ros2_controllers:/root/ros2_testing/install/canopen_402_driver:/root/ros2_testing/install/canopen_proxy_driver:/root/ros2_testing/install/canopen_base_driver:/root/ros2_testing/install/canopen_fake_slaves:/root/ros2_testing/install/canopen_core:/root/ros2_testing/install/lely_core_libraries:/root/ros2_testing/install/canopen_interfaces:${AMENT_PREFIX_PATH} CMAKE_PREFIX_PATH=/root/ros2_testing/install/canopen_tests:/root/ros2_testing/install/canopen_ros2_controllers:/root/ros2_testing/install/canopen_402_driver:/root/ros2_testing/install/canopen_proxy_driver:/root/ros2_testing/install/canopen_base_driver:/root/ros2_testing/install/canopen_fake_slaves:/root/ros2_testing/install/canopen_core:/root/ros2_testing/install/lely_core_libraries:/root/ros2_testing/install/canopen_interfaces:/opt/ros/humble LD_LIBRARY_PATH=/root/ros2_testing/install/canopen_ros2_controllers/lib:/root/ros2_testing/install/canopen_402_driver/lib:/root/ros2_testing/install/canopen_proxy_driver/lib:/root/ros2_testing/install/canopen_base_driver/lib:/root/ros2_testing/install/canopen_core/lib:/root/ros2_testing/install/lely_core_libraries/lib:/root/ros2_testing/install/canopen_interfaces/lib:${LD_LIBRARY_PATH} PATH=/root/ros2_testing/install/lely_core_libraries/bin:${PATH} PYTHONPATH=/root/ros2_testing/install/lely_core_libraries/lib/python3.10/site-packages:/root/ros2_testing/install/canopen_interfaces/local/lib/python3.10/dist-packages:${PYTHONPATH} /usr/bin/cmake --build /root/ros2_testing/build/canopen_ros2_control -- -j8 -l8
[15.801s] Invoking command in '/root/ros2_testing/build/canopen_ros2_control': AMENT_PREFIX_PATH=/root/ros2_testing/install/canopen_tests:/root/ros2_testing/install/canopen_ros2_controllers:/root/ros2_testing/install/canopen_402_driver:/root/ros2_testing/install/canopen_proxy_driver:/root/ros2_testing/install/canopen_base_driver:/root/ros2_testing/install/canopen_fake_slaves:/root/ros2_testing/install/canopen_core:/root/ros2_testing/install/lely_core_libraries:/root/ros2_testing/install/canopen_interfaces:${AMENT_PREFIX_PATH} CMAKE_PREFIX_PATH=/root/ros2_testing/install/canopen_tests:/root/ros2_testing/install/canopen_ros2_controllers:/root/ros2_testing/install/canopen_402_driver:/root/ros2_testing/install/canopen_proxy_driver:/root/ros2_testing/install/canopen_base_driver:/root/ros2_testing/install/canopen_fake_slaves:/root/ros2_testing/install/canopen_core:/root/ros2_testing/install/lely_core_libraries:/root/ros2_testing/install/canopen_interfaces:/opt/ros/humble LD_LIBRARY_PATH=/root/ros2_testing/install/canopen_ros2_controllers/lib:/root/ros2_testing/install/canopen_402_driver/lib:/root/ros2_testing/install/canopen_proxy_driver/lib:/root/ros2_testing/install/canopen_base_driver/lib:/root/ros2_testing/install/canopen_core/lib:/root/ros2_testing/install/lely_core_libraries/lib:/root/ros2_testing/install/canopen_interfaces/lib:${LD_LIBRARY_PATH} PATH=/root/ros2_testing/install/lely_core_libraries/bin:${PATH} PYTHONPATH=/root/ros2_testing/install/lely_core_libraries/lib/python3.10/site-packages:/root/ros2_testing/install/canopen_interfaces/local/lib/python3.10/dist-packages:${PYTHONPATH} /usr/bin/cmake --install /root/ros2_testing/build/canopen_ros2_control
[15.814s] -- Install configuration: ""
[15.815s] -- Installing: /root/ros2_testing/install/canopen_ros2_control/share/canopen_ros2_control/canopen_ros2_control.xml
[15.816s] -- Installing: /root/ros2_testing/install/canopen_ros2_control/lib/libcanopen_ros2_control.so
[15.819s] -- Set runtime path of "/root/ros2_testing/install/canopen_ros2_control/lib/libcanopen_ros2_control.so" to ""
[15.819s] -- Installing: /root/ros2_testing/install/canopen_ros2_control/include
[15.819s] -- Installing: /root/ros2_testing/install/canopen_ros2_control/include/canopen_ros2_control
[15.819s] -- Installing: /root/ros2_testing/install/canopen_ros2_control/include/canopen_ros2_control/cia402_system.hpp
[15.820s] -- Installing: /root/ros2_testing/install/canopen_ros2_control/include/canopen_ros2_control/canopen_system.hpp
[15.820s] -- Installing: /root/ros2_testing/install/canopen_ros2_control/include/canopen_ros2_control/visibility_control.h
[15.821s] -- Installing: /root/ros2_testing/install/canopen_ros2_control/share/canopen_ros2_control/launch
[15.821s] -- Installing: /root/ros2_testing/install/canopen_ros2_control/share/canopen_ros2_control/launch/canopen_system.launch.py
[15.821s] -- Installing: /root/ros2_testing/install/canopen_ros2_control/share/canopen_ros2_control/launch/cia402_system.launch.py
[15.822s] -- Installing: /root/ros2_testing/install/canopen_ros2_control/share/canopen_ros2_control/urdf
[15.823s] -- Installing: /root/ros2_testing/install/canopen_ros2_control/share/canopen_ros2_control/urdf/canopen_system.urdf.xacro
[15.824s] -- Installing: /root/ros2_testing/install/canopen_ros2_control/share/canopen_ros2_control/urdf/canopen_system.ros2_control.xacro
[15.825s] -- Installing: /root/ros2_testing/install/canopen_ros2_control/share/canopen_ros2_control/urdf/cia402_system.ros2_control.xacro
[15.826s] -- Installing: /root/ros2_testing/install/canopen_ros2_control/share/canopen_ros2_control/urdf/cia402_system.urdf.xacro
[15.827s] -- Installing: /root/ros2_testing/install/canopen_ros2_control/share/canopen_ros2_control/config
[15.828s] -- Installing: /root/ros2_testing/install/canopen_ros2_control/share/canopen_ros2_control/config/cia402_ros2_control.yaml
[15.829s] -- Installing: /root/ros2_testing/install/canopen_ros2_control/share/canopen_ros2_control/config/ros2_control.yaml
[15.830s] -- Installing: /root/ros2_testing/install/canopen_ros2_control/share/canopen_ros2_control/environment/library_path.sh
[15.831s] -- Installing: /root/ros2_testing/install/canopen_ros2_control/share/canopen_ros2_control/environment/library_path.dsv
[15.831s] -- Installing: /root/ros2_testing/install/canopen_ros2_control/share/ament_index/resource_index/package_run_dependencies/canopen_ros2_control
[15.832s] -- Installing: /root/ros2_testing/install/canopen_ros2_control/share/ament_index/resource_index/parent_prefix_path/canopen_ros2_control
[15.832s] -- Installing: /root/ros2_testing/install/canopen_ros2_control/share/canopen_ros2_control/environment/ament_prefix_path.sh
[15.833s] -- Installing: /root/ros2_testing/install/canopen_ros2_control/share/canopen_ros2_control/environment/ament_prefix_path.dsv
[15.833s] -- Installing: /root/ros2_testing/install/canopen_ros2_control/share/canopen_ros2_control/environment/path.sh
[15.833s] -- Installing: /root/ros2_testing/install/canopen_ros2_control/share/canopen_ros2_control/environment/path.dsv
[15.834s] -- Installing: /root/ros2_testing/install/canopen_ros2_control/share/canopen_ros2_control/local_setup.bash
[15.834s] -- Installing: /root/ros2_testing/install/canopen_ros2_control/share/canopen_ros2_control/local_setup.sh
[15.835s] -- Installing: /root/ros2_testing/install/canopen_ros2_control/share/canopen_ros2_control/local_setup.zsh
[15.835s] -- Installing: /root/ros2_testing/install/canopen_ros2_control/share/canopen_ros2_control/local_setup.dsv
[15.836s] -- Installing: /root/ros2_testing/install/canopen_ros2_control/share/canopen_ros2_control/package.dsv
[15.836s] -- Installing: /root/ros2_testing/install/canopen_ros2_control/share/ament_index/resource_index/packages/canopen_ros2_control
[15.836s] -- Installing: /root/ros2_testing/install/canopen_ros2_control/share/ament_index/resource_index/hardware_interface__pluginlib__plugin/canopen_ros2_control
[15.837s] -- Installing: /root/ros2_testing/install/canopen_ros2_control/share/canopen_ros2_control/cmake/ament_cmake_export_include_directories-extras.cmake
[15.837s] -- Installing: /root/ros2_testing/install/canopen_ros2_control/share/canopen_ros2_control/cmake/ament_cmake_export_libraries-extras.cmake
[15.837s] -- Installing: /root/ros2_testing/install/canopen_ros2_control/share/canopen_ros2_control/cmake/ament_cmake_export_dependencies-extras.cmake
[15.838s] -- Installing: /root/ros2_testing/install/canopen_ros2_control/share/canopen_ros2_control/cmake/canopen_ros2_controlConfig.cmake
[15.838s] -- Installing: /root/ros2_testing/install/canopen_ros2_control/share/canopen_ros2_control/cmake/canopen_ros2_controlConfig-version.cmake
[15.839s] -- Installing: /root/ros2_testing/install/canopen_ros2_control/share/canopen_ros2_control/package.xml
[15.842s] Invoked command in '/root/ros2_testing/build/canopen_ros2_control' returned '0': AMENT_PREFIX_PATH=/root/ros2_testing/install/canopen_tests:/root/ros2_testing/install/canopen_ros2_controllers:/root/ros2_testing/install/canopen_402_driver:/root/ros2_testing/install/canopen_proxy_driver:/root/ros2_testing/install/canopen_base_driver:/root/ros2_testing/install/canopen_fake_slaves:/root/ros2_testing/install/canopen_core:/root/ros2_testing/install/lely_core_libraries:/root/ros2_testing/install/canopen_interfaces:${AMENT_PREFIX_PATH} CMAKE_PREFIX_PATH=/root/ros2_testing/install/canopen_tests:/root/ros2_testing/install/canopen_ros2_controllers:/root/ros2_testing/install/canopen_402_driver:/root/ros2_testing/install/canopen_proxy_driver:/root/ros2_testing/install/canopen_base_driver:/root/ros2_testing/install/canopen_fake_slaves:/root/ros2_testing/install/canopen_core:/root/ros2_testing/install/lely_core_libraries:/root/ros2_testing/install/canopen_interfaces:/opt/ros/humble LD_LIBRARY_PATH=/root/ros2_testing/install/canopen_ros2_controllers/lib:/root/ros2_testing/install/canopen_402_driver/lib:/root/ros2_testing/install/canopen_proxy_driver/lib:/root/ros2_testing/install/canopen_base_driver/lib:/root/ros2_testing/install/canopen_core/lib:/root/ros2_testing/install/lely_core_libraries/lib:/root/ros2_testing/install/canopen_interfaces/lib:${LD_LIBRARY_PATH} PATH=/root/ros2_testing/install/lely_core_libraries/bin:${PATH} PYTHONPATH=/root/ros2_testing/install/lely_core_libraries/lib/python3.10/site-packages:/root/ros2_testing/install/canopen_interfaces/local/lib/python3.10/dist-packages:${PYTHONPATH} /usr/bin/cmake --install /root/ros2_testing/build/canopen_ros2_control
