[35m[1mConsolidate compiler generated dependencies of target basic_slave_node[0m
[35m[1mConsolidate compiler generated dependencies of target cia402_slave_node[0m
[ 20%] [32mBuilding CXX object CMakeFiles/basic_slave_node.dir/src/basic_slave.cpp.o[0m
[ 40%] [32mBuilding CXX object CMakeFiles/cia402_slave_node.dir/src/cia402_slave.cpp.o[0m
In file included from [01m[K/root/ros2_testing/src/ros2_canopen/canopen_fake_slaves/include/canopen_fake_slaves/basic_slave.hpp:14[m[K,
                 from [01m[K/root/ros2_testing/src/ros2_canopen/canopen_fake_slaves/src/basic_slave.cpp:1[m[K:
[01m[K/root/ros2_testing/src/ros2_canopen/canopen_fake_slaves/include/canopen_fake_slaves/base_slave.hpp:[m[K In member function ‘[01m[Kvirtual rclcpp_lifecycle::node_interfaces::LifecycleNodeInterface::CallbackReturn ros2_canopen::BaseSlave::on_shutdown(const rclcpp_lifecycle::State&)[m[K’:
[01m[K/root/ros2_testing/src/ros2_canopen/canopen_fake_slaves/include/canopen_fake_slaves/base_slave.hpp:83:3:[m[K [01;35m[Kwarning: [m[Kno return statement in function returning non-void [[01;35m[K-Wreturn-type[m[K]
   83 |   [01;35m[K}[m[K
      |   [01;35m[K^[m[K
In file included from [01m[K/root/ros2_testing/src/ros2_canopen/canopen_fake_slaves/include/canopen_fake_slaves/cia402_slave.hpp:16[m[K,
                 from [01m[K/root/ros2_testing/src/ros2_canopen/canopen_fake_slaves/src/cia402_slave.cpp:1[m[K:
[01m[K/root/ros2_testing/src/ros2_canopen/canopen_fake_slaves/include/canopen_fake_slaves/base_slave.hpp:[m[K In member function ‘[01m[Kvirtual rclcpp_lifecycle::node_interfaces::LifecycleNodeInterface::CallbackReturn ros2_canopen::BaseSlave::on_shutdown(const rclcpp_lifecycle::State&)[m[K’:
[01m[K/root/ros2_testing/src/ros2_canopen/canopen_fake_slaves/include/canopen_fake_slaves/base_slave.hpp:83:3:[m[K [01;35m[Kwarning: [m[Kno return statement in function returning non-void [[01;35m[K-Wreturn-type[m[K]
   83 |   [01;35m[K}[m[K
      |   [01;35m[K^[m[K
[ 60%] [32m[1mLinking CXX executable basic_slave_node[0m
[ 60%] Built target basic_slave_node
[ 80%] [32m[1mLinking CXX executable cia402_slave_node[0m
[100%] Built target cia402_slave_node
-- Install configuration: ""
-- Installing: /root/ros2_testing/install/canopen_fake_slaves/lib/canopen_fake_slaves/basic_slave_node
-- Set runtime path of "/root/ros2_testing/install/canopen_fake_slaves/lib/canopen_fake_slaves/basic_slave_node" to ""
-- Installing: /root/ros2_testing/install/canopen_fake_slaves/lib/canopen_fake_slaves/cia402_slave_node
-- Set runtime path of "/root/ros2_testing/install/canopen_fake_slaves/lib/canopen_fake_slaves/cia402_slave_node" to ""
-- Up-to-date: /root/ros2_testing/install/canopen_fake_slaves/share/canopen_fake_slaves/launch/
-- Up-to-date: /root/ros2_testing/install/canopen_fake_slaves/share/canopen_fake_slaves/launch//cia402_slave.launch.py
-- Up-to-date: /root/ros2_testing/install/canopen_fake_slaves/share/canopen_fake_slaves/launch//basic_slave.launch.py
-- Up-to-date: /root/ros2_testing/install/canopen_fake_slaves/share/canopen_fake_slaves/config/
-- Up-to-date: /root/ros2_testing/install/canopen_fake_slaves/share/canopen_fake_slaves/config//cia402_slave.eds
-- Up-to-date: /root/ros2_testing/install/canopen_fake_slaves/share/canopen_fake_slaves/config//simple_slave.eds
-- Up-to-date: /root/ros2_testing/install/canopen_fake_slaves/share/ament_index/resource_index/package_run_dependencies/canopen_fake_slaves
-- Up-to-date: /root/ros2_testing/install/canopen_fake_slaves/share/ament_index/resource_index/parent_prefix_path/canopen_fake_slaves
-- Up-to-date: /root/ros2_testing/install/canopen_fake_slaves/share/canopen_fake_slaves/environment/ament_prefix_path.sh
-- Up-to-date: /root/ros2_testing/install/canopen_fake_slaves/share/canopen_fake_slaves/environment/ament_prefix_path.dsv
-- Up-to-date: /root/ros2_testing/install/canopen_fake_slaves/share/canopen_fake_slaves/environment/path.sh
-- Up-to-date: /root/ros2_testing/install/canopen_fake_slaves/share/canopen_fake_slaves/environment/path.dsv
-- Up-to-date: /root/ros2_testing/install/canopen_fake_slaves/share/canopen_fake_slaves/local_setup.bash
-- Up-to-date: /root/ros2_testing/install/canopen_fake_slaves/share/canopen_fake_slaves/local_setup.sh
-- Up-to-date: /root/ros2_testing/install/canopen_fake_slaves/share/canopen_fake_slaves/local_setup.zsh
-- Up-to-date: /root/ros2_testing/install/canopen_fake_slaves/share/canopen_fake_slaves/local_setup.dsv
-- Installing: /root/ros2_testing/install/canopen_fake_slaves/share/canopen_fake_slaves/package.dsv
-- Up-to-date: /root/ros2_testing/install/canopen_fake_slaves/share/ament_index/resource_index/packages/canopen_fake_slaves
-- Up-to-date: /root/ros2_testing/install/canopen_fake_slaves/share/canopen_fake_slaves/cmake/ament_cmake_export_dependencies-extras.cmake
-- Up-to-date: /root/ros2_testing/install/canopen_fake_slaves/share/canopen_fake_slaves/cmake/canopen_fake_slavesConfig.cmake
-- Up-to-date: /root/ros2_testing/install/canopen_fake_slaves/share/canopen_fake_slaves/cmake/canopen_fake_slavesConfig-version.cmake
-- Up-to-date: /root/ros2_testing/install/canopen_fake_slaves/share/canopen_fake_slaves/package.xml
