[0.089s] Invoking command in '/root/ros2_testing/build/canopen_ros2_controllers': AMENT_PREFIX_PATH=/root/ros2_testing/install/canopen_402_driver:/root/ros2_testing/install/canopen_proxy_driver:/root/ros2_testing/install/canopen_base_driver:/root/ros2_testing/install/canopen_core:/root/ros2_testing/install/lely_core_libraries:/root/ros2_testing/install/canopen_interfaces:${AMENT_PREFIX_PATH} CMAKE_PREFIX_PATH=/root/ros2_testing/install/canopen_402_driver:/root/ros2_testing/install/canopen_proxy_driver:/root/ros2_testing/install/canopen_base_driver:/root/ros2_testing/install/canopen_core:/root/ros2_testing/install/lely_core_libraries:/root/ros2_testing/install/canopen_interfaces:/opt/ros/humble LD_LIBRARY_PATH=/root/ros2_testing/install/canopen_402_driver/lib:/root/ros2_testing/install/canopen_proxy_driver/lib:/root/ros2_testing/install/canopen_base_driver/lib:/root/ros2_testing/install/canopen_core/lib:/root/ros2_testing/install/lely_core_libraries/lib:/root/ros2_testing/install/canopen_interfaces/lib:${LD_LIBRARY_PATH} PATH=/root/ros2_testing/install/lely_core_libraries/bin:${PATH} PYTHONPATH=/root/ros2_testing/install/lely_core_libraries/lib/python3.10/site-packages:/root/ros2_testing/install/canopen_interfaces/local/lib/python3.10/dist-packages:${PYTHONPATH} /usr/bin/cmake --build /root/ros2_testing/build/canopen_ros2_controllers -- -j8 -l8
[0.192s] [35m[1mConsolidate compiler generated dependencies of target gmock_main[0m
[0.193s] [35m[1mConsolidate compiler generated dependencies of target gmock[0m
[0.200s] [35m[1mConsolidate compiler generated dependencies of target canopen_ros2_controllers[0m
[0.256s] [ 16%] Built target gmock_main
[0.257s] [ 41%] Built target gmock
[0.288s] [ 50%] [32mBuilding CXX object CMakeFiles/canopen_ros2_controllers.dir/src/canopen_proxy_controller.cpp.o[0m
[0.293s] [35m[1mConsolidate compiler generated dependencies of target test_load_canopen_proxy_controller[0m
[0.297s] [ 58%] [32mBuilding CXX object CMakeFiles/canopen_ros2_controllers.dir/src/cia402_device_controller.cpp.o[0m
[0.382s] [ 75%] Built target test_load_canopen_proxy_controller
[19.442s] [ 83%] [32m[1mLinking CXX shared library libcanopen_ros2_controllers.so[0m
[20.811s] [ 83%] Built target canopen_ros2_controllers
[20.830s] [35m[1mConsolidate compiler generated dependencies of target test_canopen_proxy_controller[0m
[20.867s] [ 91%] [32m[1mLinking CXX executable test_canopen_proxy_controller[0m
[22.592s] [100%] Built target test_canopen_proxy_controller
[22.618s] Invoked command in '/root/ros2_testing/build/canopen_ros2_controllers' returned '0': AMENT_PREFIX_PATH=/root/ros2_testing/install/canopen_402_driver:/root/ros2_testing/install/canopen_proxy_driver:/root/ros2_testing/install/canopen_base_driver:/root/ros2_testing/install/canopen_core:/root/ros2_testing/install/lely_core_libraries:/root/ros2_testing/install/canopen_interfaces:${AMENT_PREFIX_PATH} CMAKE_PREFIX_PATH=/root/ros2_testing/install/canopen_402_driver:/root/ros2_testing/install/canopen_proxy_driver:/root/ros2_testing/install/canopen_base_driver:/root/ros2_testing/install/canopen_core:/root/ros2_testing/install/lely_core_libraries:/root/ros2_testing/install/canopen_interfaces:/opt/ros/humble LD_LIBRARY_PATH=/root/ros2_testing/install/canopen_402_driver/lib:/root/ros2_testing/install/canopen_proxy_driver/lib:/root/ros2_testing/install/canopen_base_driver/lib:/root/ros2_testing/install/canopen_core/lib:/root/ros2_testing/install/lely_core_libraries/lib:/root/ros2_testing/install/canopen_interfaces/lib:${LD_LIBRARY_PATH} PATH=/root/ros2_testing/install/lely_core_libraries/bin:${PATH} PYTHONPATH=/root/ros2_testing/install/lely_core_libraries/lib/python3.10/site-packages:/root/ros2_testing/install/canopen_interfaces/local/lib/python3.10/dist-packages:${PYTHONPATH} /usr/bin/cmake --build /root/ros2_testing/build/canopen_ros2_controllers -- -j8 -l8
[22.705s] Invoking command in '/root/ros2_testing/build/canopen_ros2_controllers': AMENT_PREFIX_PATH=/root/ros2_testing/install/canopen_402_driver:/root/ros2_testing/install/canopen_proxy_driver:/root/ros2_testing/install/canopen_base_driver:/root/ros2_testing/install/canopen_core:/root/ros2_testing/install/lely_core_libraries:/root/ros2_testing/install/canopen_interfaces:${AMENT_PREFIX_PATH} CMAKE_PREFIX_PATH=/root/ros2_testing/install/canopen_402_driver:/root/ros2_testing/install/canopen_proxy_driver:/root/ros2_testing/install/canopen_base_driver:/root/ros2_testing/install/canopen_core:/root/ros2_testing/install/lely_core_libraries:/root/ros2_testing/install/canopen_interfaces:/opt/ros/humble LD_LIBRARY_PATH=/root/ros2_testing/install/canopen_402_driver/lib:/root/ros2_testing/install/canopen_proxy_driver/lib:/root/ros2_testing/install/canopen_base_driver/lib:/root/ros2_testing/install/canopen_core/lib:/root/ros2_testing/install/lely_core_libraries/lib:/root/ros2_testing/install/canopen_interfaces/lib:${LD_LIBRARY_PATH} PATH=/root/ros2_testing/install/lely_core_libraries/bin:${PATH} PYTHONPATH=/root/ros2_testing/install/lely_core_libraries/lib/python3.10/site-packages:/root/ros2_testing/install/canopen_interfaces/local/lib/python3.10/dist-packages:${PYTHONPATH} /usr/bin/cmake --install /root/ros2_testing/build/canopen_ros2_controllers
[22.721s] -- Install configuration: ""
[22.722s] -- Up-to-date: /root/ros2_testing/install/canopen_ros2_controllers/share/canopen_ros2_controllers/canopen_ros2_controllers.xml
[22.722s] -- Installing: /root/ros2_testing/install/canopen_ros2_controllers/lib/libcanopen_ros2_controllers.so
[22.753s] -- Set runtime path of "/root/ros2_testing/install/canopen_ros2_controllers/lib/libcanopen_ros2_controllers.so" to ""
[22.754s] -- Up-to-date: /root/ros2_testing/install/canopen_ros2_controllers/include
[22.754s] -- Up-to-date: /root/ros2_testing/install/canopen_ros2_controllers/include/canopen_ros2_controllers
[22.755s] -- Up-to-date: /root/ros2_testing/install/canopen_ros2_controllers/include/canopen_ros2_controllers/canopen_proxy_controller.hpp
[22.756s] -- Up-to-date: /root/ros2_testing/install/canopen_ros2_controllers/include/canopen_ros2_controllers/visibility_control.h
[22.757s] -- Up-to-date: /root/ros2_testing/install/canopen_ros2_controllers/include/canopen_ros2_controllers/cia402_device_controller.hpp
[22.757s] -- Up-to-date: /root/ros2_testing/install/canopen_ros2_controllers/share/canopen_ros2_controllers/environment/library_path.sh
[22.758s] -- Up-to-date: /root/ros2_testing/install/canopen_ros2_controllers/share/canopen_ros2_controllers/environment/library_path.dsv
[22.758s] -- Up-to-date: /root/ros2_testing/install/canopen_ros2_controllers/share/ament_index/resource_index/package_run_dependencies/canopen_ros2_controllers
[22.759s] -- Up-to-date: /root/ros2_testing/install/canopen_ros2_controllers/share/ament_index/resource_index/parent_prefix_path/canopen_ros2_controllers
[22.760s] -- Up-to-date: /root/ros2_testing/install/canopen_ros2_controllers/share/canopen_ros2_controllers/environment/ament_prefix_path.sh
[22.761s] -- Up-to-date: /root/ros2_testing/install/canopen_ros2_controllers/share/canopen_ros2_controllers/environment/ament_prefix_path.dsv
[22.761s] -- Up-to-date: /root/ros2_testing/install/canopen_ros2_controllers/share/canopen_ros2_controllers/environment/path.sh
[22.761s] -- Up-to-date: /root/ros2_testing/install/canopen_ros2_controllers/share/canopen_ros2_controllers/environment/path.dsv
[22.762s] -- Up-to-date: /root/ros2_testing/install/canopen_ros2_controllers/share/canopen_ros2_controllers/local_setup.bash
[22.763s] -- Up-to-date: /root/ros2_testing/install/canopen_ros2_controllers/share/canopen_ros2_controllers/local_setup.sh
[22.763s] -- Up-to-date: /root/ros2_testing/install/canopen_ros2_controllers/share/canopen_ros2_controllers/local_setup.zsh
[22.764s] -- Up-to-date: /root/ros2_testing/install/canopen_ros2_controllers/share/canopen_ros2_controllers/local_setup.dsv
[22.764s] -- Installing: /root/ros2_testing/install/canopen_ros2_controllers/share/canopen_ros2_controllers/package.dsv
[22.764s] -- Up-to-date: /root/ros2_testing/install/canopen_ros2_controllers/share/ament_index/resource_index/packages/canopen_ros2_controllers
[22.765s] -- Up-to-date: /root/ros2_testing/install/canopen_ros2_controllers/share/ament_index/resource_index/controller_interface__pluginlib__plugin/canopen_ros2_controllers
[22.766s] -- Up-to-date: /root/ros2_testing/install/canopen_ros2_controllers/share/canopen_ros2_controllers/cmake/ament_cmake_export_include_directories-extras.cmake
[22.768s] -- Up-to-date: /root/ros2_testing/install/canopen_ros2_controllers/share/canopen_ros2_controllers/cmake/ament_cmake_export_libraries-extras.cmake
[22.769s] -- Up-to-date: /root/ros2_testing/install/canopen_ros2_controllers/share/canopen_ros2_controllers/cmake/ament_cmake_export_dependencies-extras.cmake
[22.770s] -- Up-to-date: /root/ros2_testing/install/canopen_ros2_controllers/share/canopen_ros2_controllers/cmake/canopen_ros2_controllersConfig.cmake
[22.770s] -- Up-to-date: /root/ros2_testing/install/canopen_ros2_controllers/share/canopen_ros2_controllers/cmake/canopen_ros2_controllersConfig-version.cmake
[22.770s] -- Up-to-date: /root/ros2_testing/install/canopen_ros2_controllers/share/canopen_ros2_controllers/package.xml
[22.777s] Invoked command in '/root/ros2_testing/build/canopen_ros2_controllers' returned '0': AMENT_PREFIX_PATH=/root/ros2_testing/install/canopen_402_driver:/root/ros2_testing/install/canopen_proxy_driver:/root/ros2_testing/install/canopen_base_driver:/root/ros2_testing/install/canopen_core:/root/ros2_testing/install/lely_core_libraries:/root/ros2_testing/install/canopen_interfaces:${AMENT_PREFIX_PATH} CMAKE_PREFIX_PATH=/root/ros2_testing/install/canopen_402_driver:/root/ros2_testing/install/canopen_proxy_driver:/root/ros2_testing/install/canopen_base_driver:/root/ros2_testing/install/canopen_core:/root/ros2_testing/install/lely_core_libraries:/root/ros2_testing/install/canopen_interfaces:/opt/ros/humble LD_LIBRARY_PATH=/root/ros2_testing/install/canopen_402_driver/lib:/root/ros2_testing/install/canopen_proxy_driver/lib:/root/ros2_testing/install/canopen_base_driver/lib:/root/ros2_testing/install/canopen_core/lib:/root/ros2_testing/install/lely_core_libraries/lib:/root/ros2_testing/install/canopen_interfaces/lib:${LD_LIBRARY_PATH} PATH=/root/ros2_testing/install/lely_core_libraries/bin:${PATH} PYTHONPATH=/root/ros2_testing/install/lely_core_libraries/lib/python3.10/site-packages:/root/ros2_testing/install/canopen_interfaces/local/lib/python3.10/dist-packages:${PYTHONPATH} /usr/bin/cmake --install /root/ros2_testing/build/canopen_ros2_controllers
