-- The C compiler identification is GNU 11.3.0
-- The CXX compiler identification is GNU 11.3.0
-- Detecting C compiler ABI info
-- Detecting C compiler ABI info - done
-- Check for working C compiler: /usr/bin/cc - skipped
-- Detecting C compile features
-- Detecting C compile features - done
-- Detecting CXX compiler ABI info
-- Detecting CXX compiler ABI info - done
-- Check for working CXX compiler: /usr/bin/c++ - skipped
-- Detecting CXX compile features
-- Detecting CXX compile features - done
-- Found ament_cmake: 1.3.3 (/opt/ros/humble/share/ament_cmake/cmake)
-- Found Python3: /usr/bin/python3.10 (found version "3.10.6") found components: Interpreter 
-- Configuring done
-- Generating done
-- Build files have been written to: /root/ros2_testing/build/lely_core_libraries
[ 12%] [34m[1mCreating directories for 'upstr_lely_core_libraries'[0m
[ 25%] [34m[1mPerforming download step (git clone) for 'upstr_lely_core_libraries'[0m
Cloning into 'upstr_lely_core_libraries'...
HEAD is now at ac31cd5c release v2.3.1
[ 37%] [34m[1mPerforming update step for 'upstr_lely_core_libraries'[0m
[ 50%] [34m[1mNo patch step for 'upstr_lely_core_libraries'[0m
[ 62%] [34m[1mPerforming configure step for 'upstr_lely_core_libraries'[0m
gmake[2]: *** [CMakeFiles/upstr_lely_core_libraries.dir/build.make:93: upstr_lely_core_libraries-prefix/src/upstr_lely_core_libraries-stamp/upstr_lely_core_libraries-configure] Interrupt
gmake[1]: *** [CMakeFiles/Makefile2:137: CMakeFiles/upstr_lely_core_libraries.dir/all] Interrupt
gmake: *** [Makefile:146: all] Interrupt
