[2.327s] Invoking command in '/root/ros2_testing/src/ros2_canopen/canopen_utils': AMENT_PREFIX_PATH=/root/ros2_testing/install/canopen_interfaces:${AMENT_PREFIX_PATH} CMAKE_PREFIX_PATH=/root/ros2_testing/install/canopen_interfaces LD_LIBRARY_PATH=/root/ros2_testing/install/canopen_interfaces/lib:${LD_LIBRARY_PATH} PYTHONPATH=/root/ros2_testing/build/canopen_utils/prefix_override:/root/ros2_testing/install/canopen_utils/lib/python3.10/site-packages:/root/ros2_testing/install/canopen_interfaces/local/lib/python3.10/dist-packages:${PYTHONPATH} /usr/bin/python3 setup.py egg_info --egg-base ../../../build/canopen_utils build --build-base /root/ros2_testing/build/canopen_utils/build install --record /root/ros2_testing/build/canopen_utils/install.log --single-version-externally-managed
[2.940s] running egg_info
[2.941s] creating ../../../build/canopen_utils/canopen_utils.egg-info
[2.942s] writing ../../../build/canopen_utils/canopen_utils.egg-info/PKG-INFO
[2.942s] writing dependency_links to ../../../build/canopen_utils/canopen_utils.egg-info/dependency_links.txt
[2.942s] writing entry points to ../../../build/canopen_utils/canopen_utils.egg-info/entry_points.txt
[2.943s] writing requirements to ../../../build/canopen_utils/canopen_utils.egg-info/requires.txt
[2.948s] writing top-level names to ../../../build/canopen_utils/canopen_utils.egg-info/top_level.txt
[2.948s] writing manifest file '../../../build/canopen_utils/canopen_utils.egg-info/SOURCES.txt'
[2.949s] reading manifest file '../../../build/canopen_utils/canopen_utils.egg-info/SOURCES.txt'
[2.950s] writing manifest file '../../../build/canopen_utils/canopen_utils.egg-info/SOURCES.txt'
[2.951s] running build
[2.953s] running build_py
[2.954s] creating /root/ros2_testing/build/canopen_utils/build
[2.955s] creating /root/ros2_testing/build/canopen_utils/build/lib
[2.956s] creating /root/ros2_testing/build/canopen_utils/build/lib/canopen_utils
[2.956s] copying canopen_utils/cyclic_tester.py -> /root/ros2_testing/build/canopen_utils/build/lib/canopen_utils
[2.957s] copying canopen_utils/__init__.py -> /root/ros2_testing/build/canopen_utils/build/lib/canopen_utils
[2.958s] copying canopen_utils/test_node.py -> /root/ros2_testing/build/canopen_utils/build/lib/canopen_utils
[2.958s] running install
[2.959s] running install_lib
[2.960s] creating /root/ros2_testing/install/canopen_utils/lib/python3.10/site-packages/canopen_utils
[2.961s] copying /root/ros2_testing/build/canopen_utils/build/lib/canopen_utils/cyclic_tester.py -> /root/ros2_testing/install/canopen_utils/lib/python3.10/site-packages/canopen_utils
[2.962s] copying /root/ros2_testing/build/canopen_utils/build/lib/canopen_utils/__init__.py -> /root/ros2_testing/install/canopen_utils/lib/python3.10/site-packages/canopen_utils
[2.963s] copying /root/ros2_testing/build/canopen_utils/build/lib/canopen_utils/test_node.py -> /root/ros2_testing/install/canopen_utils/lib/python3.10/site-packages/canopen_utils
[2.963s] byte-compiling /root/ros2_testing/install/canopen_utils/lib/python3.10/site-packages/canopen_utils/cyclic_tester.py to cyclic_tester.cpython-310.pyc
[2.963s] byte-compiling /root/ros2_testing/install/canopen_utils/lib/python3.10/site-packages/canopen_utils/__init__.py to __init__.cpython-310.pyc
[2.964s] byte-compiling /root/ros2_testing/install/canopen_utils/lib/python3.10/site-packages/canopen_utils/test_node.py to test_node.cpython-310.pyc
[2.966s] running install_data
[2.967s] creating /root/ros2_testing/install/canopen_utils/share/ament_index
[2.968s] creating /root/ros2_testing/install/canopen_utils/share/ament_index/resource_index
[2.969s] creating /root/ros2_testing/install/canopen_utils/share/ament_index/resource_index/packages
[2.970s] copying resource/canopen_utils -> /root/ros2_testing/install/canopen_utils/share/ament_index/resource_index/packages
[2.970s] copying package.xml -> /root/ros2_testing/install/canopen_utils/share/canopen_utils
[2.970s] running install_egg_info
[2.973s] Copying ../../../build/canopen_utils/canopen_utils.egg-info to /root/ros2_testing/install/canopen_utils/lib/python3.10/site-packages/canopen_utils-0.0.0-py3.10.egg-info
[2.976s] running install_scripts
[3.031s] Installing cyclic_tester script to /root/ros2_testing/install/canopen_utils/lib/canopen_utils
[3.032s] writing list of installed files to '/root/ros2_testing/build/canopen_utils/install.log'
[3.137s] Invoked command in '/root/ros2_testing/src/ros2_canopen/canopen_utils' returned '0': AMENT_PREFIX_PATH=/root/ros2_testing/install/canopen_interfaces:${AMENT_PREFIX_PATH} CMAKE_PREFIX_PATH=/root/ros2_testing/install/canopen_interfaces LD_LIBRARY_PATH=/root/ros2_testing/install/canopen_interfaces/lib:${LD_LIBRARY_PATH} PYTHONPATH=/root/ros2_testing/build/canopen_utils/prefix_override:/root/ros2_testing/install/canopen_utils/lib/python3.10/site-packages:/root/ros2_testing/install/canopen_interfaces/local/lib/python3.10/dist-packages:${PYTHONPATH} /usr/bin/python3 setup.py egg_info --egg-base ../../../build/canopen_utils build --build-base /root/ros2_testing/build/canopen_utils/build install --record /root/ros2_testing/build/canopen_utils/install.log --single-version-externally-managed
